#
# A fatal error has been detected by the Java Runtime Environment:
#
#  SIGBUS (0xa) at pc=0x0000000101997e92, pid=7419, tid=0x0000000000002503
#
# JRE version: Java(TM) SE Runtime Environment (8.0_121-b13) (build 1.8.0_121-b13)
# Java VM: Java HotSpot(TM) 64-Bit Server VM (25.121-b13 mixed mode bsd-amd64 compressed oops)
# Problematic frame:
# C  [libzip.dylib+0x2e92]  newEntry+0x154
#
# Failed to write core dump. Core dumps have been disabled. To enable core dumping, try "ulimit -c unlimited" before starting Java again
#
# If you would like to submit a bug report, please visit:
#   http://bugreport.java.com/bugreport/crash.jsp
# The crash happened outside the Java Virtual Machine in native code.
# See problematic frame for where to report the bug.
#

---------------  T H R E A D  ---------------

Current thread (0x00007f856b001800):  JavaThread "main" [_thread_in_native, id=9475, stack(0x000070000772b000,0x000070000782b000)]

siginfo: si_signo: 10 (SIGBUS), si_code: 2 (BUS_ADRERR), si_addr: 0x00000001019fa658

Registers:
RAX=0x00007f8569c24cc0, RBX=0x00000001019fa64c, RCX=0x0000000000000001, RDX=0x0000000020000000
RSP=0x0000700007827e30, RBP=0x0000700007827e90, RSI=0x00000000e1ffffff, RDI=0x0000000000000657
R8 =0x0000000056c2657d, R9 =0x0000000000000004, R10=0x00000000e0000000, R11=0x00007f856c200000
R12=0x00007f8569c24e90, R13=0x0000000000000100, R14=0x0000000006fbaab6, R15=0x00007f8569ce6cb0
RIP=0x0000000101997e92, EFLAGS=0x0000000000010202, ERR=0x0000000000000004
  TRAPNO=0x000000000000000e

Top of Stack: (sp=0x0000700007827e30)
0x0000700007827e30:   0000004000000000 0000000098efd470
0x0000700007827e40:   000000074026f8d0 00007000078282d8
0x0000700007827e50:   0000700007827e70 00007f8569c24cc0
0x0000700007827e60:   00007f856c265780 00007f8569c24cc0
0x0000700007827e70:   00007f8569c24e90 0000000000000100
0x0000700007827e80:   0000000006fbaab6 00007f8569ce6cb0
0x0000700007827e90:   0000700007827ef0 000000010199852d
0x0000700007827ea0:   0000700007827f4f 0000700007827f4e
0x0000700007827eb0:   0000003f00000000 0000004001001800
0x0000700007827ec0:   0000700007827f0e 0000700007828358
0x0000700007827ed0:   0000000000000040 0000700007827f0e
0x0000700007827ee0:   00007f8569c24cc0 00007f856b0019f8
0x0000700007827ef0:   0000700007828340 0000000101997238
0x0000700007827f00:   00000001172c03d8 73657f8500000001
0x0000700007827f10:   6f72702f7670752f 65646c6176702f73
0x0000700007827f20:   706d6f632f736172 636e6f697469736f
0x0000700007827f30:   74616e6964726f6f 6e65696c432f726f
0x0000700007827f40:   7265747261745374 00007373616c632e
0x0000700007827f50:   00007f856b001800 0000700007828040
0x0000700007827f60:   00007f856c0c0ae8 00007f856c0c0ae0
0x0000700007827f70:   0000700007828100 0000000102514c53
0x0000700007827f80:   00007f856b001800 000000010255042b
0x0000700007827f90:   00007f856b001800 0000000000000028
0x0000700007827fa0:   0000000007828000 00007f8569e0c680
0x0000700007827fb0:   0000000102a2f490 0000000798efd1f0
0x0000700007827fc0:   000000000000000a 00000001018eea00
0x0000700007827fd0:   0000000000000092 0000000000000000
0x0000700007827fe0:   00007000078280b0 00007fff5950c443
0x0000700007827ff0:   0000700007828000 00007000078280a0
0x0000700007828000:   fd00000070001000 0000000107fbffff
0x0000700007828010:   7265747300000000 0000700007828270
0x0000700007828020:   00007000078280a0 00000001172cd788 

Instructions: (pc=0x0000000101997e92)
0x0000000101997e72:   49 8b 7f 38 e8 5b 1b 00 00 4d 89 77 38 49 89 5f
0x0000000101997e82:   40 4c 89 f0 48 85 c0 0f 84 11 05 00 00 48 89 c3
0x0000000101997e92:   0f b6 43 0c 0f b6 4b 0d 48 c1 e1 08 48 01 c1 0f
0x0000000101997ea2:   b6 43 0e 0f b6 53 0f 48 c1 e2 08 48 01 c2 48 c1 

Register to memory mapping:

RAX=0x00007f8569c24cc0 is an unknown value
RBX=0x00000001019fa64c is an unknown value
RCX=0x0000000000000001 is an unknown value
RDX=0x0000000020000000 is an unknown value
RSP=0x0000700007827e30 is pointing into the stack for thread: 0x00007f856b001800
RBP=0x0000700007827e90 is pointing into the stack for thread: 0x00007f856b001800
RSI=0x00000000e1ffffff is an unknown value
RDI=0x0000000000000657 is an unknown value
R8 =0x0000000056c2657d is an unknown value
R9 =0x0000000000000004 is an unknown value
R10=0x00000000e0000000 is an unknown value
R11=0x00007f856c200000 is an unknown value
R12=0x00007f8569c24e90 is an unknown value
R13=0x0000000000000100 is an unknown value
R14=0x0000000006fbaab6 is an unknown value
R15=0x00007f8569ce6cb0 is an unknown value


Stack: [0x000070000772b000,0x000070000782b000],  sp=0x0000700007827e30,  free space=1011k
Native frames: (J=compiled Java code, j=interpreted, Vv=VM code, C=native code)
C  [libzip.dylib+0x2e92]  newEntry+0x154
C  [libzip.dylib+0x352d]  ZIP_GetEntry2+0xd4
C  [libzip.dylib+0x2238]  Java_java_util_zip_ZipFile_getEntry+0xcf
J 109  java.util.zip.ZipFile.getEntry(J[BZ)J (0 bytes) @ 0x0000000107ffb24e [0x0000000107ffb180+0xce]
J 3038 C2 java.util.jar.JarFile.getEntry(Ljava/lang/String;)Ljava/util/zip/ZipEntry; (22 bytes) @ 0x0000000108889794 [0x0000000108889420+0x374]
J 579 C2 sun.misc.URLClassPath$JarLoader.getResource(Ljava/lang/String;Z)Lsun/misc/Resource; (85 bytes) @ 0x0000000108139f9c [0x0000000108139e20+0x17c]
J 2217 C2 sun.misc.URLClassPath.findResource(Ljava/lang/String;Z)Ljava/net/URL; (47 bytes) @ 0x000000010867caa0 [0x000000010867c9a0+0x100]
J 1968 C1 java.net.URLClassLoader$2.run()Ljava/lang/Object; (5 bytes) @ 0x000000010856c614 [0x000000010856c500+0x114]
v  ~StubRoutines::call_stub
V  [libjvm.dylib+0x2ed9d6]
V  [libjvm.dylib+0x34e114]
J 921  java.security.AccessController.doPrivileged(Ljava/security/PrivilegedAction;Ljava/security/AccessControlContext;)Ljava/lang/Object; (0 bytes) @ 0x0000000108213e55 [0x0000000108213d80+0xd5]
J 1966 C1 java.net.URLClassLoader.findResource(Ljava/lang/String;)Ljava/net/URL; (37 bytes) @ 0x000000010856b354 [0x000000010856b1c0+0x194]
J 1965 C1 java.lang.ClassLoader.getResource(Ljava/lang/String;)Ljava/net/URL; (36 bytes) @ 0x000000010856bf64 [0x000000010856baa0+0x4c4]
J 3214 C1 java.net.URLClassLoader.getResourceAsStream(Ljava/lang/String;)Ljava/io/InputStream; (137 bytes) @ 0x00000001088aaf0c [0x00000001088aae00+0x10c]
j  java.lang.Class.getResourceAsStream(Ljava/lang/String;)Ljava/io/InputStream;+22
j  org.springframework.core.LocalVariableTableParameterNameDiscoverer.inspectClass(Ljava/lang/Class;)Ljava/util/Map;+5
j  org.springframework.core.LocalVariableTableParameterNameDiscoverer.getParameterNames(Ljava/lang/reflect/Method;)[Ljava/lang/String;+32
j  org.springframework.core.PrioritizedParameterNameDiscoverer.getParameterNames(Ljava/lang/reflect/Method;)[Ljava/lang/String;+31
j  org.springframework.beans.factory.support.ConstructorResolver.instantiateUsingFactoryMethod(Ljava/lang/String;Lorg/springframework/beans/factory/support/RootBeanDefinition;[Ljava/lang/Object;)Lorg/springframework/beans/BeanWrapper;+544
j  org.springframework.beans.factory.support.AbstractAutowireCapableBeanFactory.instantiateUsingFactoryMethod(Ljava/lang/String;Lorg/springframework/beans/factory/support/RootBeanDefinition;[Ljava/lang/Object;)Lorg/springframework/beans/BeanWrapper;+11
j  org.springframework.beans.factory.support.AbstractAutowireCapableBeanFactory.createBeanInstance(Ljava/lang/String;Lorg/springframework/beans/factory/support/RootBeanDefinition;[Ljava/lang/Object;)Lorg/springframework/beans/BeanWrapper;+82
j  org.springframework.beans.factory.support.AbstractAutowireCapableBeanFactory.doCreateBean(Ljava/lang/String;Lorg/springframework/beans/factory/support/RootBeanDefinition;[Ljava/lang/Object;)Ljava/lang/Object;+34
j  org.springframework.beans.factory.support.AbstractAutowireCapableBeanFactory.createBean(Ljava/lang/String;Lorg/springframework/beans/factory/support/RootBeanDefinition;[Ljava/lang/Object;)Ljava/lang/Object;+169
j  org.springframework.beans.factory.support.AbstractBeanFactory$1.getObject()Ljava/lang/Object;+16
j  org.springframework.beans.factory.support.DefaultSingletonBeanRegistry.getSingleton(Ljava/lang/String;Lorg/springframework/beans/factory/ObjectFactory;)Ljava/lang/Object;+132
J 2420 C1 org.springframework.beans.factory.support.AbstractBeanFactory.doGetBean(Ljava/lang/String;Ljava/lang/Class;[Ljava/lang/Object;Z)Ljava/lang/Object; (724 bytes) @ 0x000000010871248c [0x0000000108710980+0x1b0c]
J 2439 C1 org.springframework.beans.factory.support.AbstractBeanFactory.getBean(Ljava/lang/String;Ljava/lang/Class;)Ljava/lang/Object; (9 bytes) @ 0x000000010872b08c [0x000000010872af80+0x10c]
j  org.springframework.beans.factory.config.DependencyDescriptor.resolveCandidate(Ljava/lang/String;Ljava/lang/Class;Lorg/springframework/beans/factory/BeanFactory;)Ljava/lang/Object;+3
j  org.springframework.beans.factory.support.DefaultListableBeanFactory.doResolveDependency(Lorg/springframework/beans/factory/config/DependencyDescriptor;Ljava/lang/String;Ljava/util/Set;Lorg/springframework/beans/TypeConverter;)Ljava/lang/Object;+410
j  org.springframework.beans.factory.support.DefaultListableBeanFactory.resolveDependency(Lorg/springframework/beans/factory/config/DependencyDescriptor;Ljava/lang/String;Ljava/util/Set;Lorg/springframework/beans/TypeConverter;)Ljava/lang/Object;+116
j  org.springframework.beans.factory.annotation.AutowiredAnnotationBeanPostProcessor$AutowiredFieldElement.inject(Ljava/lang/Object;Ljava/lang/String;Lorg/springframework/beans/PropertyValues;)V+95
j  org.springframework.beans.factory.annotation.InjectionMetadata.inject(Ljava/lang/Object;Ljava/lang/String;Lorg/springframework/beans/PropertyValues;)V+118
j  org.springframework.beans.factory.annotation.AutowiredAnnotationBeanPostProcessor.postProcessPropertyValues(Lorg/springframework/beans/PropertyValues;[Ljava/beans/PropertyDescriptor;Ljava/lang/Object;Ljava/lang/String;)Lorg/springframework/beans/PropertyValues;+19
j  org.springframework.beans.factory.support.AbstractAutowireCapableBeanFactory.populateBean(Ljava/lang/String;Lorg/springframework/beans/factory/support/RootBeanDefinition;Lorg/springframework/beans/BeanWrapper;)V+305
j  org.springframework.beans.factory.support.AbstractAutowireCapableBeanFactory.doCreateBean(Ljava/lang/String;Lorg/springframework/beans/factory/support/RootBeanDefinition;[Ljava/lang/Object;)Ljava/lang/Object;+250
j  org.springframework.beans.factory.support.AbstractAutowireCapableBeanFactory.createBean(Ljava/lang/String;Lorg/springframework/beans/factory/support/RootBeanDefinition;[Ljava/lang/Object;)Ljava/lang/Object;+169
j  org.springframework.beans.factory.support.AbstractBeanFactory$1.getObject()Ljava/lang/Object;+16
j  org.springframework.beans.factory.support.DefaultSingletonBeanRegistry.getSingleton(Ljava/lang/String;Lorg/springframework/beans/factory/ObjectFactory;)Ljava/lang/Object;+132
J 2420 C1 org.springframework.beans.factory.support.AbstractBeanFactory.doGetBean(Ljava/lang/String;Ljava/lang/Class;[Ljava/lang/Object;Z)Ljava/lang/Object; (724 bytes) @ 0x000000010871248c [0x0000000108710980+0x1b0c]
j  org.springframework.beans.factory.support.AbstractBeanFactory.getBean(Ljava/lang/String;)Ljava/lang/Object;+5
j  org.springframework.beans.factory.support.DefaultListableBeanFactory.preInstantiateSingletons()V+231
j  org.springframework.context.support.AbstractApplicationContext.finishBeanFactoryInitialization(Lorg/springframework/beans/factory/config/ConfigurableListableBeanFactory;)V+126
j  org.springframework.context.support.AbstractApplicationContext.refresh()V+54
j  org.springframework.boot.context.embedded.EmbeddedWebApplicationContext.refresh()V+1
j  org.springframework.boot.SpringApplication.refresh(Lorg/springframework/context/ApplicationContext;)V+10
j  org.springframework.boot.SpringApplication.refreshContext(Lorg/springframework/context/ConfigurableApplicationContext;)V+2
j  org.springframework.boot.SpringApplication.run([Ljava/lang/String;)Lorg/springframework/context/ConfigurableApplicationContext;+91
j  org.springframework.boot.SpringApplication.run([Ljava/lang/Object;[Ljava/lang/String;)Lorg/springframework/context/ConfigurableApplicationContext;+9
j  org.springframework.boot.SpringApplication.run(Ljava/lang/Object;[Ljava/lang/String;)Lorg/springframework/context/ConfigurableApplicationContext;+9
j  es.upv.pros.pvalderas.composition.example.paymnet.Shipment.main([Ljava/lang/String;)V+3
v  ~StubRoutines::call_stub
V  [libjvm.dylib+0x2ed9d6]
V  [libjvm.dylib+0x3247ce]
V  [libjvm.dylib+0x31d545]
C  [java+0x3931]  JavaMain+0x9c4
C  [libsystem_pthread.dylib+0x3661]  _pthread_body+0x154
C  [libsystem_pthread.dylib+0x350d]  _pthread_body+0x0
C  [libsystem_pthread.dylib+0x2bf9]  thread_start+0xd
C  0x0000000000000000

Java frames: (J=compiled Java code, j=interpreted, Vv=VM code)
J 109  java.util.zip.ZipFile.getEntry(J[BZ)J (0 bytes) @ 0x0000000107ffb1d8 [0x0000000107ffb180+0x58]
J 3038 C2 java.util.jar.JarFile.getEntry(Ljava/lang/String;)Ljava/util/zip/ZipEntry; (22 bytes) @ 0x0000000108889794 [0x0000000108889420+0x374]
J 579 C2 sun.misc.URLClassPath$JarLoader.getResource(Ljava/lang/String;Z)Lsun/misc/Resource; (85 bytes) @ 0x0000000108139f9c [0x0000000108139e20+0x17c]
J 2217 C2 sun.misc.URLClassPath.findResource(Ljava/lang/String;Z)Ljava/net/URL; (47 bytes) @ 0x000000010867caa0 [0x000000010867c9a0+0x100]
J 1968 C1 java.net.URLClassLoader$2.run()Ljava/lang/Object; (5 bytes) @ 0x000000010856c614 [0x000000010856c500+0x114]
v  ~StubRoutines::call_stub
J 921  java.security.AccessController.doPrivileged(Ljava/security/PrivilegedAction;Ljava/security/AccessControlContext;)Ljava/lang/Object; (0 bytes) @ 0x0000000108213de3 [0x0000000108213d80+0x63]
J 1966 C1 java.net.URLClassLoader.findResource(Ljava/lang/String;)Ljava/net/URL; (37 bytes) @ 0x000000010856b354 [0x000000010856b1c0+0x194]
J 1965 C1 java.lang.ClassLoader.getResource(Ljava/lang/String;)Ljava/net/URL; (36 bytes) @ 0x000000010856bf64 [0x000000010856baa0+0x4c4]
J 3214 C1 java.net.URLClassLoader.getResourceAsStream(Ljava/lang/String;)Ljava/io/InputStream; (137 bytes) @ 0x00000001088aaf0c [0x00000001088aae00+0x10c]
j  java.lang.Class.getResourceAsStream(Ljava/lang/String;)Ljava/io/InputStream;+22
j  org.springframework.core.LocalVariableTableParameterNameDiscoverer.inspectClass(Ljava/lang/Class;)Ljava/util/Map;+5
j  org.springframework.core.LocalVariableTableParameterNameDiscoverer.getParameterNames(Ljava/lang/reflect/Method;)[Ljava/lang/String;+32
j  org.springframework.core.PrioritizedParameterNameDiscoverer.getParameterNames(Ljava/lang/reflect/Method;)[Ljava/lang/String;+31
j  org.springframework.beans.factory.support.ConstructorResolver.instantiateUsingFactoryMethod(Ljava/lang/String;Lorg/springframework/beans/factory/support/RootBeanDefinition;[Ljava/lang/Object;)Lorg/springframework/beans/BeanWrapper;+544
j  org.springframework.beans.factory.support.AbstractAutowireCapableBeanFactory.instantiateUsingFactoryMethod(Ljava/lang/String;Lorg/springframework/beans/factory/support/RootBeanDefinition;[Ljava/lang/Object;)Lorg/springframework/beans/BeanWrapper;+11
j  org.springframework.beans.factory.support.AbstractAutowireCapableBeanFactory.createBeanInstance(Ljava/lang/String;Lorg/springframework/beans/factory/support/RootBeanDefinition;[Ljava/lang/Object;)Lorg/springframework/beans/BeanWrapper;+82
j  org.springframework.beans.factory.support.AbstractAutowireCapableBeanFactory.doCreateBean(Ljava/lang/String;Lorg/springframework/beans/factory/support/RootBeanDefinition;[Ljava/lang/Object;)Ljava/lang/Object;+34
j  org.springframework.beans.factory.support.AbstractAutowireCapableBeanFactory.createBean(Ljava/lang/String;Lorg/springframework/beans/factory/support/RootBeanDefinition;[Ljava/lang/Object;)Ljava/lang/Object;+169
j  org.springframework.beans.factory.support.AbstractBeanFactory$1.getObject()Ljava/lang/Object;+16
j  org.springframework.beans.factory.support.DefaultSingletonBeanRegistry.getSingleton(Ljava/lang/String;Lorg/springframework/beans/factory/ObjectFactory;)Ljava/lang/Object;+132
J 2420 C1 org.springframework.beans.factory.support.AbstractBeanFactory.doGetBean(Ljava/lang/String;Ljava/lang/Class;[Ljava/lang/Object;Z)Ljava/lang/Object; (724 bytes) @ 0x000000010871248c [0x0000000108710980+0x1b0c]
J 2439 C1 org.springframework.beans.factory.support.AbstractBeanFactory.getBean(Ljava/lang/String;Ljava/lang/Class;)Ljava/lang/Object; (9 bytes) @ 0x000000010872b08c [0x000000010872af80+0x10c]
j  org.springframework.beans.factory.config.DependencyDescriptor.resolveCandidate(Ljava/lang/String;Ljava/lang/Class;Lorg/springframework/beans/factory/BeanFactory;)Ljava/lang/Object;+3
j  org.springframework.beans.factory.support.DefaultListableBeanFactory.doResolveDependency(Lorg/springframework/beans/factory/config/DependencyDescriptor;Ljava/lang/String;Ljava/util/Set;Lorg/springframework/beans/TypeConverter;)Ljava/lang/Object;+410
j  org.springframework.beans.factory.support.DefaultListableBeanFactory.resolveDependency(Lorg/springframework/beans/factory/config/DependencyDescriptor;Ljava/lang/String;Ljava/util/Set;Lorg/springframework/beans/TypeConverter;)Ljava/lang/Object;+116
j  org.springframework.beans.factory.annotation.AutowiredAnnotationBeanPostProcessor$AutowiredFieldElement.inject(Ljava/lang/Object;Ljava/lang/String;Lorg/springframework/beans/PropertyValues;)V+95
j  org.springframework.beans.factory.annotation.InjectionMetadata.inject(Ljava/lang/Object;Ljava/lang/String;Lorg/springframework/beans/PropertyValues;)V+118
j  org.springframework.beans.factory.annotation.AutowiredAnnotationBeanPostProcessor.postProcessPropertyValues(Lorg/springframework/beans/PropertyValues;[Ljava/beans/PropertyDescriptor;Ljava/lang/Object;Ljava/lang/String;)Lorg/springframework/beans/PropertyValues;+19
j  org.springframework.beans.factory.support.AbstractAutowireCapableBeanFactory.populateBean(Ljava/lang/String;Lorg/springframework/beans/factory/support/RootBeanDefinition;Lorg/springframework/beans/BeanWrapper;)V+305
j  org.springframework.beans.factory.support.AbstractAutowireCapableBeanFactory.doCreateBean(Ljava/lang/String;Lorg/springframework/beans/factory/support/RootBeanDefinition;[Ljava/lang/Object;)Ljava/lang/Object;+250
j  org.springframework.beans.factory.support.AbstractAutowireCapableBeanFactory.createBean(Ljava/lang/String;Lorg/springframework/beans/factory/support/RootBeanDefinition;[Ljava/lang/Object;)Ljava/lang/Object;+169
j  org.springframework.beans.factory.support.AbstractBeanFactory$1.getObject()Ljava/lang/Object;+16
j  org.springframework.beans.factory.support.DefaultSingletonBeanRegistry.getSingleton(Ljava/lang/String;Lorg/springframework/beans/factory/ObjectFactory;)Ljava/lang/Object;+132
J 2420 C1 org.springframework.beans.factory.support.AbstractBeanFactory.doGetBean(Ljava/lang/String;Ljava/lang/Class;[Ljava/lang/Object;Z)Ljava/lang/Object; (724 bytes) @ 0x000000010871248c [0x0000000108710980+0x1b0c]
j  org.springframework.beans.factory.support.AbstractBeanFactory.getBean(Ljava/lang/String;)Ljava/lang/Object;+5
j  org.springframework.beans.factory.support.DefaultListableBeanFactory.preInstantiateSingletons()V+231
j  org.springframework.context.support.AbstractApplicationContext.finishBeanFactoryInitialization(Lorg/springframework/beans/factory/config/ConfigurableListableBeanFactory;)V+126
j  org.springframework.context.support.AbstractApplicationContext.refresh()V+54
j  org.springframework.boot.context.embedded.EmbeddedWebApplicationContext.refresh()V+1
j  org.springframework.boot.SpringApplication.refresh(Lorg/springframework/context/ApplicationContext;)V+10
j  org.springframework.boot.SpringApplication.refreshContext(Lorg/springframework/context/ConfigurableApplicationContext;)V+2
j  org.springframework.boot.SpringApplication.run([Ljava/lang/String;)Lorg/springframework/context/ConfigurableApplicationContext;+91
j  org.springframework.boot.SpringApplication.run([Ljava/lang/Object;[Ljava/lang/String;)Lorg/springframework/context/ConfigurableApplicationContext;+9
j  org.springframework.boot.SpringApplication.run(Ljava/lang/Object;[Ljava/lang/String;)Lorg/springframework/context/ConfigurableApplicationContext;+9
j  es.upv.pros.pvalderas.composition.example.paymnet.Shipment.main([Ljava/lang/String;)V+3
v  ~StubRoutines::call_stub

---------------  P R O C E S S  ---------------

Java Threads: ( => current thread )
  0x00007f856caff000 JavaThread "container-0" [_thread_blocked, id=14083, stack(0x000070000875b000,0x000070000885b000)]
  0x00007f856d2e4800 JavaThread "ContainerBackgroundProcessor[StandardEngine[Tomcat]]" daemon [_thread_blocked, id=13583, stack(0x0000700008658000,0x0000700008758000)]
  0x00007f856dbb1000 JavaThread "localhost-startStop-1" daemon [_thread_blocked, id=4615, stack(0x0000700008555000,0x0000700008655000)]
  0x00007f856d195000 JavaThread "Tomcat-startStop-1" daemon [_thread_blocked, id=3339, stack(0x00007000075a2000,0x00007000076a2000)]
  0x00007f856a02e800 JavaThread "Service Thread" daemon [_thread_blocked, id=15875, stack(0x000070000834f000,0x000070000844f000)]
  0x00007f856b812000 JavaThread "C1 CompilerThread2" daemon [_thread_blocked, id=16387, stack(0x000070000824c000,0x000070000834c000)]
  0x00007f856a836800 JavaThread "C2 CompilerThread1" daemon [_thread_in_native, id=16899, stack(0x0000700008149000,0x0000700008249000)]
  0x00007f856b016000 JavaThread "C2 CompilerThread0" daemon [_thread_in_native, id=17411, stack(0x0000700008046000,0x0000700008146000)]
  0x00007f856b825000 JavaThread "Signal Dispatcher" daemon [_thread_blocked, id=17671, stack(0x0000700007f43000,0x0000700008043000)]
  0x00007f856a810000 JavaThread "Finalizer" daemon [_thread_blocked, id=11523, stack(0x0000700007e40000,0x0000700007f40000)]
  0x00007f856b000800 JavaThread "Reference Handler" daemon [_thread_blocked, id=20483, stack(0x0000700007d3d000,0x0000700007e3d000)]
=>0x00007f856b001800 JavaThread "main" [_thread_in_native, id=9475, stack(0x000070000772b000,0x000070000782b000)]

Other Threads:
  0x00007f856a04f800 VMThread [stack: 0x0000700007c3a000,0x0000700007d3a000] [id=20995]
  0x00007f856b803800 WatcherThread [stack: 0x0000700008452000,0x0000700008552000] [id=13059]

VM state:not at safepoint (normal execution)

VM Mutex/Monitor currently owned by a thread: None

Heap:
 PSYoungGen      total 162816K, used 69239K [0x0000000795580000, 0x00000007a2980000, 0x00000007c0000000)
  eden space 152576K, 38% used [0x0000000795580000,0x0000000798f208b0,0x000000079ea80000)
  from space 10240K, 99% used [0x000000079f780000,0x00000007a017d3a8,0x00000007a0180000)
  to   space 13312K, 0% used [0x000000079ea80000,0x000000079ea80000,0x000000079f780000)
 ParOldGen       total 58880K, used 11524K [0x0000000740000000, 0x0000000743980000, 0x0000000795580000)
  object space 58880K, 19% used [0x0000000740000000,0x0000000740b41178,0x0000000743980000)
 Metaspace       used 32168K, capacity 32562K, committed 32896K, reserved 1077248K
  class space    used 4027K, capacity 4132K, committed 4224K, reserved 1048576K

Card table byte_map: [0x0000000103562000,0x0000000103963000] byte_map_base: 0x00000000ffb62000

Marking Bits: (ParMarkBitMap*) 0x0000000102af0d30
 Begin Bits: [0x0000000103c0e000, 0x0000000105c0e000)
 End Bits:   [0x0000000105c0e000, 0x0000000107c0e000)

Polling page: 0x000000010194b000

CodeCache: size=245760Kb used=10818Kb max_used=10818Kb free=234941Kb
 bounds [0x0000000107ebc000, 0x000000010895c000, 0x0000000116ebc000]
 total_blobs=3466 nmethods=3076 adapters=303
 compilation: enabled

Compilation events (10 events):
Event: 12.997 Thread 0x00007f856b812000 3493       2       sun.reflect.ByteVectorImpl::put (27 bytes)
Event: 12.997 Thread 0x00007f856b812000 nmethod 3493 0x00000001089555d0 code [0x0000000108955740, 0x0000000108955908]
Event: 12.999 Thread 0x00007f856b812000 3495       2       org.springframework.beans.factory.support.AbstractAutowireCapableBeanFactory::predictBeanType (126 bytes)
Event: 12.999 Thread 0x00007f856b812000 nmethod 3495 0x0000000108955a50 code [0x0000000108955c20, 0x00000001089560b8]
Event: 12.999 Thread 0x00007f856b812000 3494       2       org.springframework.aop.framework.autoproxy.AbstractAutoProxyCreator::predictBeanType (35 bytes)
Event: 12.999 Thread 0x00007f856b812000 nmethod 3494 0x00000001089563d0 code [0x0000000108956560, 0x00000001089567a8]
Event: 12.999 Thread 0x00007f856b812000 3496       2       org.springframework.aop.framework.autoproxy.AbstractAutoProxyCreator::getCacheKey (42 bytes)
Event: 13.000 Thread 0x00007f856b812000 nmethod 3496 0x00000001089568d0 code [0x0000000108956a80, 0x0000000108956e58]
Event: 13.000 Thread 0x00007f856b812000 3497       2       org.springframework.util.ReflectionUtils::getAllDeclaredMethods (41 bytes)
Event: 13.000 Thread 0x00007f856b812000 nmethod 3497 0x0000000108957090 code [0x0000000108957220, 0x0000000108957548]

GC Heap History (10 events):
Event: 4.502 GC heap before
{Heap before GC invocations=5 (full 0):
 PSYoungGen      total 71680K, used 44347K [0x0000000795580000, 0x000000079a080000, 0x00000007c0000000)
  eden space 66560K, 58% used [0x0000000795580000,0x0000000797bcfc30,0x0000000799680000)
  from space 5120K, 99% used [0x0000000799b80000,0x000000079a07f2e8,0x000000079a080000)
  to   space 5120K, 0% used [0x0000000799680000,0x0000000799680000,0x0000000799b80000)
 ParOldGen       total 87552K, used 3600K [0x0000000740000000, 0x0000000745580000, 0x0000000795580000)
  object space 87552K, 4% used [0x0000000740000000,0x00000007403840c0,0x0000000745580000)
 Metaspace       used 20865K, capacity 21150K, committed 21296K, reserved 1069056K
  class space    used 2571K, capacity 2662K, committed 2688K, reserved 1048576K
Event: 4.514 GC heap after
Heap after GC invocations=5 (full 0):
 PSYoungGen      total 71680K, used 5116K [0x0000000795580000, 0x000000079ea80000, 0x00000007c0000000)
  eden space 66560K, 0% used [0x0000000795580000,0x0000000795580000,0x0000000799680000)
  from space 5120K, 99% used [0x0000000799680000,0x0000000799b7f2e8,0x0000000799b80000)
  to   space 9728K, 0% used [0x000000079e100000,0x000000079e100000,0x000000079ea80000)
 ParOldGen       total 87552K, used 6070K [0x0000000740000000, 0x0000000745580000, 0x0000000795580000)
  object space 87552K, 6% used [0x0000000740000000,0x00000007405ed978,0x0000000745580000)
 Metaspace       used 20865K, capacity 21150K, committed 21296K, reserved 1069056K
  class space    used 2571K, capacity 2662K, committed 2688K, reserved 1048576K
}
Event: 4.514 GC heap before
{Heap before GC invocations=6 (full 1):
 PSYoungGen      total 71680K, used 5116K [0x0000000795580000, 0x000000079ea80000, 0x00000007c0000000)
  eden space 66560K, 0% used [0x0000000795580000,0x0000000795580000,0x0000000799680000)
  from space 5120K, 99% used [0x0000000799680000,0x0000000799b7f2e8,0x0000000799b80000)
  to   space 9728K, 0% used [0x000000079e100000,0x000000079e100000,0x000000079ea80000)
 ParOldGen       total 87552K, used 6070K [0x0000000740000000, 0x0000000745580000, 0x0000000795580000)
  object space 87552K, 6% used [0x0000000740000000,0x00000007405ed978,0x0000000745580000)
 Metaspace       used 20865K, capacity 21150K, committed 21296K, reserved 1069056K
  class space    used 2571K, capacity 2662K, committed 2688K, reserved 1048576K
Event: 4.580 GC heap after
Heap after GC invocations=6 (full 1):
 PSYoungGen      total 71680K, used 0K [0x0000000795580000, 0x000000079ea80000, 0x00000007c0000000)
  eden space 66560K, 0% used [0x0000000795580000,0x0000000795580000,0x0000000799680000)
  from space 5120K, 0% used [0x0000000799680000,0x0000000799680000,0x0000000799b80000)
  to   space 9728K, 0% used [0x000000079e100000,0x000000079e100000,0x000000079ea80000)
 ParOldGen       total 58880K, used 7524K [0x0000000740000000, 0x0000000743980000, 0x0000000795580000)
  object space 58880K, 12% used [0x0000000740000000,0x00000007407591d8,0x0000000743980000)
 Metaspace       used 20865K, capacity 21150K, committed 21296K, reserved 1069056K
  class space    used 2571K, capacity 2662K, committed 2688K, reserved 1048576K
}
Event: 6.190 GC heap before
{Heap before GC invocations=7 (full 1):
 PSYoungGen      total 71680K, used 66560K [0x0000000795580000, 0x000000079ea80000, 0x00000007c0000000)
  eden space 66560K, 100% used [0x0000000795580000,0x0000000799680000,0x0000000799680000)
  from space 5120K, 0% used [0x0000000799680000,0x0000000799680000,0x0000000799b80000)
  to   space 9728K, 0% used [0x000000079e100000,0x000000079e100000,0x000000079ea80000)
 ParOldGen       total 58880K, used 7524K [0x0000000740000000, 0x0000000743980000, 0x0000000795580000)
  object space 58880K, 12% used [0x0000000740000000,0x00000007407591d8,0x0000000743980000)
 Metaspace       used 22830K, capacity 23120K, committed 23344K, reserved 1069056K
  class space    used 2830K, capacity 2889K, committed 2944K, reserved 1048576K
Event: 6.211 GC heap after
Heap after GC invocations=7 (full 1):
 PSYoungGen      total 107520K, used 4371K [0x0000000795580000, 0x000000079e580000, 0x00000007c0000000)
  eden space 102912K, 0% used [0x0000000795580000,0x0000000795580000,0x000000079ba00000)
  from space 4608K, 94% used [0x000000079e100000,0x000000079e544f58,0x000000079e580000)
  to   space 9728K, 0% used [0x000000079d280000,0x000000079d280000,0x000000079dc00000)
 ParOldGen       total 58880K, used 7532K [0x0000000740000000, 0x0000000743980000, 0x0000000795580000)
  object space 58880K, 12% used [0x0000000740000000,0x000000074075b1d8,0x0000000743980000)
 Metaspace       used 22830K, capacity 23120K, committed 23344K, reserved 1069056K
  class space    used 2830K, capacity 2889K, committed 2944K, reserved 1048576K
}
Event: 9.360 GC heap before
{Heap before GC invocations=8 (full 1):
 PSYoungGen      total 107520K, used 107283K [0x0000000795580000, 0x000000079e580000, 0x00000007c0000000)
  eden space 102912K, 100% used [0x0000000795580000,0x000000079ba00000,0x000000079ba00000)
  from space 4608K, 94% used [0x000000079e100000,0x000000079e544f58,0x000000079e580000)
  to   space 9728K, 0% used [0x000000079d280000,0x000000079d280000,0x000000079dc00000)
 ParOldGen       total 58880K, used 7532K [0x0000000740000000, 0x0000000743980000, 0x0000000795580000)
  object space 58880K, 12% used [0x0000000740000000,0x000000074075b1d8,0x0000000743980000)
 Metaspace       used 26015K, capacity 26352K, committed 26624K, reserved 1073152K
  class space    used 3216K, capacity 3289K, committed 3328K, reserved 1048576K
Event: 9.391 GC heap after
Heap after GC invocations=8 (full 1):
 PSYoungGen      total 137728K, used 7665K [0x0000000795580000, 0x00000007a0180000, 0x00000007c0000000)
  eden space 128000K, 0% used [0x0000000795580000,0x0000000795580000,0x000000079d280000)
  from space 9728K, 78% used [0x000000079d280000,0x000000079d9fc468,0x000000079dc00000)
  to   space 10240K, 0% used [0x000000079f780000,0x000000079f780000,0x00000007a0180000)
 ParOldGen       total 58880K, used 7540K [0x0000000740000000, 0x0000000743980000, 0x0000000795580000)
  object space 58880K, 12% used [0x0000000740000000,0x000000074075d1d8,0x0000000743980000)
 Metaspace       used 26015K, capacity 26352K, committed 26624K, reserved 1073152K
  class space    used 3216K, capacity 3289K, committed 3328K, reserved 1048576K
}
Event: 12.023 GC heap before
{Heap before GC invocations=9 (full 1):
 PSYoungGen      total 137728K, used 135665K [0x0000000795580000, 0x00000007a0180000, 0x00000007c0000000)
  eden space 128000K, 100% used [0x0000000795580000,0x000000079d280000,0x000000079d280000)
  from space 9728K, 78% used [0x000000079d280000,0x000000079d9fc468,0x000000079dc00000)
  to   space 10240K, 0% used [0x000000079f780000,0x000000079f780000,0x00000007a0180000)
 ParOldGen       total 58880K, used 7540K [0x0000000740000000, 0x0000000743980000, 0x0000000795580000)
  object space 58880K, 12% used [0x0000000740000000,0x000000074075d1d8,0x0000000743980000)
 Metaspace       used 29939K, capacity 30286K, committed 30464K, reserved 1075200K
  class space    used 3707K, capacity 3806K, committed 3840K, reserved 1048576K
Event: 12.048 GC heap after
Heap after GC invocations=9 (full 1):
 PSYoungGen      total 162816K, used 10228K [0x0000000795580000, 0x00000007a2980000, 0x00000007c0000000)
  eden space 152576K, 0% used [0x0000000795580000,0x0000000795580000,0x000000079ea80000)
  from space 10240K, 99% used [0x000000079f780000,0x00000007a017d3a8,0x00000007a0180000)
  to   space 13312K, 0% used [0x000000079ea80000,0x000000079ea80000,0x000000079f780000)
 ParOldGen       total 58880K, used 11524K [0x0000000740000000, 0x0000000743980000, 0x0000000795580000)
  object space 58880K, 19% used [0x0000000740000000,0x0000000740b41178,0x0000000743980000)
 Metaspace       used 29939K, capacity 30286K, committed 30464K, reserved 1075200K
  class space    used 3707K, capacity 3806K, committed 3840K, reserved 1048576K
}

Deoptimization events (10 events):
Event: 12.322 Thread 0x00007f856b001800 Uncommon trap: reason=unstable_if action=reinterpret pc=0x00000001087fbd24 method=org.springframework.beans.factory.support.DefaultSingletonBeanRegistry.getSingleton(Ljava/lang/String;Z)Ljava/lang/Object; @ 47
Event: 12.412 Thread 0x00007f856b001800 Uncommon trap: reason=unstable_if action=reinterpret pc=0x000000010885cfa4 method=java.util.concurrent.ConcurrentHashMap.putVal(Ljava/lang/Object;Ljava/lang/Object;Z)Ljava/lang/Object; @ 331
Event: 12.413 Thread 0x00007f856b001800 Uncommon trap: reason=unstable_if action=reinterpret pc=0x00000001080b4f68 method=java.util.concurrent.ConcurrentHashMap.get(Ljava/lang/Object;)Ljava/lang/Object; @ 86
Event: 12.758 Thread 0x00007f856b001800 Uncommon trap: reason=bimorphic action=maybe_recompile pc=0x000000010854b46c method=java.util.regex.Pattern$BmpCharProperty.match(Ljava/util/regex/Matcher;ILjava/lang/CharSequence;)Z @ 31
Event: 12.759 Thread 0x00007f856b001800 Uncommon trap: reason=bimorphic action=maybe_recompile pc=0x000000010854b46c method=java.util.regex.Pattern$BmpCharProperty.match(Ljava/util/regex/Matcher;ILjava/lang/CharSequence;)Z @ 31
Event: 12.979 Thread 0x00007f856b001800 Uncommon trap: reason=unstable_if action=reinterpret pc=0x00000001088e3d30 method=org.springframework.asm.Frame.merge(Lorg/springframework/asm/ClassWriter;I[II)Z @ 80
Event: 12.979 Thread 0x00007f856b001800 Uncommon trap: reason=unstable_if action=reinterpret pc=0x00000001084450d4 method=org.springframework.asm.Frame.merge(Lorg/springframework/asm/ClassWriter;I[II)Z @ 80
Event: 12.986 Thread 0x00007f856b001800 Uncommon trap: reason=range_check action=make_not_entrant pc=0x00000001087e9aec method=java.lang.String.charAt(I)C @ 27
Event: 12.995 Thread 0x00007f856b001800 Uncommon trap: reason=unstable_if action=reinterpret pc=0x0000000108012ef8 method=org.springframework.aop.framework.autoproxy.AbstractAutoProxyCreator.predictBeanType(Ljava/lang/Class;Ljava/lang/String;)Ljava/lang/Class; @ 9
Event: 12.997 Thread 0x00007f856b001800 Uncommon trap: reason=unstable_if action=reinterpret pc=0x00000001087af520 method=org.springframework.beans.factory.support.AbstractAutowireCapableBeanFactory.predictBeanType(Ljava/lang/String;Lorg/springframework/beans/factory/support/RootBeanDefinition;

Internal exceptions (10 events):
Event: 12.839 Thread 0x00007f856b001800 Exception <a 'java/lang/ClassNotFoundException': java/lang/ObjectBeanInfo> (0x000000079812c050) thrown at [/Users/java_re/workspace/8-2-build-macosx-x86_64/jdk8u121/8372/hotspot/src/share/vm/classfile/systemDictionary.cpp, line 210]
Event: 12.840 Thread 0x00007f856b001800 Exception <a 'java/lang/ClassNotFoundException': java/lang/ObjectCustomizer> (0x0000000798137098) thrown at [/Users/java_re/workspace/8-2-build-macosx-x86_64/jdk8u121/8372/hotspot/src/share/vm/classfile/systemDictionary.cpp, line 210]
Event: 12.840 Thread 0x00007f856b001800 Exception <a 'java/lang/ClassNotFoundException': org/camunda/bpm/engine/ProcessEngineConfigurationCustomizer> (0x000000079815fae0) thrown at [/Users/java_re/workspace/8-2-build-macosx-x86_64/jdk8u121/8372/hotspot/src/share/vm/classfile/systemDictionary.cp
Event: 12.842 Thread 0x00007f856b001800 Exception <a 'java/lang/ClassNotFoundException': org/camunda/bpm/engine/impl/cfg/ProcessEngineConfigurationImplCustomizer> (0x00000007981e1320) thrown at [/Users/java_re/workspace/8-2-build-macosx-x86_64/jdk8u121/8372/hotspot/src/share/vm/classfile/system
Event: 12.883 Thread 0x00007f856b001800 Exception <a 'java/lang/ClassNotFoundException': org/camunda/bpm/engine/spring/SpringTransactionsProcessEngineConfigurationCustomizer> (0x000000079859c090) thrown at [/Users/java_re/workspace/8-2-build-macosx-x86_64/jdk8u121/8372/hotspot/src/share/vm/clas
Event: 12.885 Thread 0x00007f856b001800 Exception <a 'java/lang/ClassNotFoundException': org/camunda/bpm/engine/spring/SpringProcessEngineConfigurationCustomizer> (0x000000079864b588) thrown at [/Users/java_re/workspace/8-2-build-macosx-x86_64/jdk8u121/8372/hotspot/src/share/vm/classfile/system
Event: 12.903 Thread 0x00007f856b001800 Exception <a 'java/lang/ClassNotFoundException': org/springframework/context/ApplicationContextAwareCustomizer> (0x0000000798c1bc50) thrown at [/Users/java_re/workspace/8-2-build-macosx-x86_64/jdk8u121/8372/hotspot/src/share/vm/classfile/systemDictionary.
Event: 12.996 Thread 0x00007f856b001800 Exception <a 'java/lang/ClassNotFoundException': java/lang/ObjectCustomizer> (0x0000000798e9c5f8) thrown at [/Users/java_re/workspace/8-2-build-macosx-x86_64/jdk8u121/8372/hotspot/src/share/vm/classfile/systemDictionary.cpp, line 210]
Event: 12.996 Thread 0x00007f856b001800 Exception <a 'java/lang/ClassNotFoundException': es/upv/pros/pvalderas/compositioncoordinator/ClientStarterCustomizer> (0x0000000798ec8740) thrown at [/Users/java_re/workspace/8-2-build-macosx-x86_64/jdk8u121/8372/hotspot/src/share/vm/classfile/systemDict
Event: 12.997 Thread 0x00007f856b001800 Exception <a 'java/lang/ClassNotFoundException': org/springframework/boot/ApplicationRunnerCustomizer> (0x0000000798eed078) thrown at [/Users/java_re/workspace/8-2-build-macosx-x86_64/jdk8u121/8372/hotspot/src/share/vm/classfile/systemDictionary.cpp, line

Events (10 events):
Event: 12.996 loading class es/upv/pros/pvalderas/compositioncoordinator/ClientStarterCustomizer done
Event: 12.997 loading class org/springframework/boot/ApplicationRunnerCustomizer
Event: 12.997 loading class org/springframework/boot/ApplicationRunnerCustomizer done
Event: 12.997 loading class org/springframework/boot/ApplicationRunnerCustomizer
Event: 12.997 loading class org/springframework/boot/ApplicationRunnerCustomizer done
Event: 12.997 loading class org/springframework/boot/ApplicationRunnerCustomizer
Event: 12.997 loading class org/springframework/boot/ApplicationRunnerCustomizer done
Event: 12.997 Thread 0x00007f856b001800 Uncommon trap: trap_request=0xffffff65 fr.pc=0x00000001087af520
Event: 12.997 Thread 0x00007f856b001800 DEOPT PACKING pc=0x00000001087af520 sp=0x0000700007829760
Event: 12.997 Thread 0x00007f856b001800 DEOPT UNPACKING pc=0x0000000107ec1229 sp=0x0000700007829720 mode 2


Dynamic libraries:
0x000000000988d000 	/System/Library/Frameworks/Cocoa.framework/Versions/A/Cocoa
0x000000000988d000 	/System/Library/Frameworks/Security.framework/Versions/A/Security
0x000000000988d000 	/System/Library/Frameworks/ApplicationServices.framework/Versions/A/ApplicationServices
0x000000000988d000 	/usr/lib/libz.1.dylib
0x000000000988d000 	/usr/lib/libSystem.B.dylib
0x000000000988d000 	/usr/lib/libobjc.A.dylib
0x000000000988d000 	/System/Library/Frameworks/CoreFoundation.framework/Versions/A/CoreFoundation
0x000000000988d000 	/System/Library/Frameworks/Foundation.framework/Versions/C/Foundation
0x000000000988d000 	/System/Library/Frameworks/AppKit.framework/Versions/C/AppKit
0x000000000988d000 	/System/Library/Frameworks/CoreData.framework/Versions/A/CoreData
0x000000000988d000 	/System/Library/PrivateFrameworks/RemoteViewServices.framework/Versions/A/RemoteViewServices
0x000000000988d000 	/System/Library/PrivateFrameworks/UIFoundation.framework/Versions/A/UIFoundation
0x000000000988d000 	/System/Library/PrivateFrameworks/DFRFoundation.framework/Versions/A/DFRFoundation
0x000000000988d000 	/System/Library/Frameworks/Metal.framework/Versions/A/Metal
0x000000000988d000 	/System/Library/PrivateFrameworks/DesktopServicesPriv.framework/Versions/A/DesktopServicesPriv
0x000000000988d000 	/usr/lib/libenergytrace.dylib
0x000000000988d000 	/System/Library/PrivateFrameworks/SkyLight.framework/Versions/A/SkyLight
0x000000000988d000 	/System/Library/Frameworks/CoreGraphics.framework/Versions/A/CoreGraphics
0x000000000988d000 	/usr/lib/libScreenReader.dylib
0x000000000988d000 	/System/Library/Frameworks/Accelerate.framework/Versions/A/Accelerate
0x000000000988d000 	/System/Library/Frameworks/IOSurface.framework/Versions/A/IOSurface
0x000000000988d000 	/System/Library/Frameworks/AudioToolbox.framework/Versions/A/AudioToolbox
0x000000000988d000 	/System/Library/Frameworks/AudioUnit.framework/Versions/A/AudioUnit
0x000000000988d000 	/System/Library/PrivateFrameworks/DataDetectorsCore.framework/Versions/A/DataDetectorsCore
0x000000000988d000 	/System/Library/Frameworks/Carbon.framework/Versions/A/Frameworks/HIToolbox.framework/Versions/A/HIToolbox
0x000000000988d000 	/usr/lib/libicucore.A.dylib
0x000000000988d000 	/System/Library/Frameworks/QuartzCore.framework/Versions/A/QuartzCore
0x000000000988d000 	/System/Library/PrivateFrameworks/SignpostNotification.framework/Versions/A/SignpostNotification
0x000000000988d000 	/System/Library/Frameworks/Carbon.framework/Versions/A/Frameworks/SpeechRecognition.framework/Versions/A/SpeechRecognition
0x000000000988d000 	/usr/lib/libauto.dylib
0x000000000988d000 	/usr/lib/libxml2.2.dylib
0x000000000988d000 	/System/Library/PrivateFrameworks/CoreUI.framework/Versions/A/CoreUI
0x000000000988d000 	/System/Library/Frameworks/CoreAudio.framework/Versions/A/CoreAudio
0x000000000988d000 	/System/Library/Frameworks/DiskArbitration.framework/Versions/A/DiskArbitration
0x000000000988d000 	/usr/lib/liblangid.dylib
0x000000000988d000 	/System/Library/PrivateFrameworks/MultitouchSupport.framework/Versions/A/MultitouchSupport
0x000000000988d000 	/System/Library/Frameworks/IOKit.framework/Versions/A/IOKit
0x000000000988d000 	/usr/lib/libDiagnosticMessagesClient.dylib
0x000000000988d000 	/System/Library/Frameworks/CoreServices.framework/Versions/A/CoreServices
0x000000000988d000 	/System/Library/PrivateFrameworks/PerformanceAnalysis.framework/Versions/A/PerformanceAnalysis
0x000000000988d000 	/System/Library/Frameworks/OpenGL.framework/Versions/A/OpenGL
0x000000000988d000 	/System/Library/Frameworks/ColorSync.framework/Versions/A/ColorSync
0x000000000988d000 	/System/Library/Frameworks/CoreImage.framework/Versions/A/CoreImage
0x000000000988d000 	/System/Library/Frameworks/CoreText.framework/Versions/A/CoreText
0x000000000988d000 	/System/Library/Frameworks/ImageIO.framework/Versions/A/ImageIO
0x000000000988d000 	/System/Library/PrivateFrameworks/Backup.framework/Versions/A/Backup
0x000000000988d000 	/usr/lib/libarchive.2.dylib
0x000000000988d000 	/System/Library/Frameworks/CFNetwork.framework/Versions/A/CFNetwork
0x000000000988d000 	/System/Library/Frameworks/SystemConfiguration.framework/Versions/A/SystemConfiguration
0x000000000988d000 	/usr/lib/libCRFSuite.dylib
0x000000000988d000 	/usr/lib/libc++.1.dylib
0x000000000988d000 	/usr/lib/libc++abi.dylib
0x000000000988d000 	/usr/lib/system/libcache.dylib
0x000000000988d000 	/usr/lib/system/libcommonCrypto.dylib
0x000000000988d000 	/usr/lib/system/libcompiler_rt.dylib
0x000000000988d000 	/usr/lib/system/libcopyfile.dylib
0x000000000988d000 	/usr/lib/system/libcorecrypto.dylib
0x000000000988d000 	/usr/lib/system/libdispatch.dylib
0x000000000988d000 	/usr/lib/system/libdyld.dylib
0x000000000988d000 	/usr/lib/system/libkeymgr.dylib
0x000000000988d000 	/usr/lib/system/liblaunch.dylib
0x000000000988d000 	/usr/lib/system/libmacho.dylib
0x000000000988d000 	/usr/lib/system/libquarantine.dylib
0x000000000988d000 	/usr/lib/system/libremovefile.dylib
0x000000000988d000 	/usr/lib/system/libsystem_asl.dylib
0x000000000988d000 	/usr/lib/system/libsystem_blocks.dylib
0x000000000988d000 	/usr/lib/system/libsystem_c.dylib
0x000000000988d000 	/usr/lib/system/libsystem_configuration.dylib
0x000000000988d000 	/usr/lib/system/libsystem_coreservices.dylib
0x000000000988d000 	/usr/lib/system/libsystem_darwin.dylib
0x000000000988d000 	/usr/lib/system/libsystem_dnssd.dylib
0x000000000988d000 	/usr/lib/system/libsystem_info.dylib
0x000000000988d000 	/usr/lib/system/libsystem_m.dylib
0x000000000988d000 	/usr/lib/system/libsystem_malloc.dylib
0x000000000988d000 	/usr/lib/system/libsystem_network.dylib
0x000000000988d000 	/usr/lib/system/libsystem_networkextension.dylib
0x000000000988d000 	/usr/lib/system/libsystem_notify.dylib
0x000000000988d000 	/usr/lib/system/libsystem_sandbox.dylib
0x000000000988d000 	/usr/lib/system/libsystem_secinit.dylib
0x000000000988d000 	/usr/lib/system/libsystem_kernel.dylib
0x000000000988d000 	/usr/lib/system/libsystem_platform.dylib
0x000000000988d000 	/usr/lib/system/libsystem_pthread.dylib
0x000000000988d000 	/usr/lib/system/libsystem_symptoms.dylib
0x000000000988d000 	/usr/lib/system/libsystem_trace.dylib
0x000000000988d000 	/usr/lib/system/libunwind.dylib
0x000000000988d000 	/usr/lib/system/libxpc.dylib
0x000000000988d000 	/usr/lib/closure/libclosured.dylib
0x000000000988d000 	/usr/lib/libbsm.0.dylib
0x000000000988d000 	/usr/lib/system/libkxld.dylib
0x000000000988d000 	/usr/lib/libOpenScriptingUtil.dylib
0x000000000988d000 	/usr/lib/libcoretls.dylib
0x000000000988d000 	/usr/lib/libcoretls_cfhelpers.dylib
0x000000000988d000 	/usr/lib/libpam.2.dylib
0x000000000988d000 	/usr/lib/libsqlite3.dylib
0x000000000988d000 	/usr/lib/libxar.1.dylib
0x000000000988d000 	/usr/lib/libbz2.1.0.dylib
0x000000000988d000 	/usr/lib/liblzma.5.dylib
0x000000000988d000 	/usr/lib/libnetwork.dylib
0x000000000988d000 	/usr/lib/libapple_nghttp2.dylib
0x000000000988d000 	/usr/lib/libpcap.A.dylib
0x000000000988d000 	/usr/lib/libboringssl.dylib
0x000000000988d000 	/usr/lib/libusrtcp.dylib
0x000000000988d000 	/usr/lib/libapple_crypto.dylib
0x000000000988d000 	/System/Library/Frameworks/CoreServices.framework/Versions/A/Frameworks/FSEvents.framework/Versions/A/FSEvents
0x000000000988d000 	/System/Library/Frameworks/CoreServices.framework/Versions/A/Frameworks/CarbonCore.framework/Versions/A/CarbonCore
0x000000000988d000 	/System/Library/Frameworks/CoreServices.framework/Versions/A/Frameworks/Metadata.framework/Versions/A/Metadata
0x000000000988d000 	/System/Library/Frameworks/CoreServices.framework/Versions/A/Frameworks/OSServices.framework/Versions/A/OSServices
0x000000000988d000 	/System/Library/Frameworks/CoreServices.framework/Versions/A/Frameworks/SearchKit.framework/Versions/A/SearchKit
0x000000000988d000 	/System/Library/Frameworks/CoreServices.framework/Versions/A/Frameworks/AE.framework/Versions/A/AE
0x000000000988d000 	/System/Library/Frameworks/CoreServices.framework/Versions/A/Frameworks/LaunchServices.framework/Versions/A/LaunchServices
0x000000000988d000 	/System/Library/Frameworks/CoreServices.framework/Versions/A/Frameworks/DictionaryServices.framework/Versions/A/DictionaryServices
0x000000000988d000 	/System/Library/Frameworks/CoreServices.framework/Versions/A/Frameworks/SharedFileList.framework/Versions/A/SharedFileList
0x000000000988d000 	/System/Library/Frameworks/NetFS.framework/Versions/A/NetFS
0x000000000988d000 	/System/Library/PrivateFrameworks/NetAuth.framework/Versions/A/NetAuth
0x000000000988d000 	/System/Library/PrivateFrameworks/login.framework/Versions/A/Frameworks/loginsupport.framework/Versions/A/loginsupport
0x000000000988d000 	/System/Library/PrivateFrameworks/TCC.framework/Versions/A/TCC
0x000000000988d000 	/usr/lib/libmecabra.dylib
0x000000000988d000 	/System/Library/Frameworks/ApplicationServices.framework/Versions/A/Frameworks/ATS.framework/Versions/A/ATS
0x000000000988d000 	/System/Library/Frameworks/ApplicationServices.framework/Versions/A/Frameworks/ColorSyncLegacy.framework/Versions/A/ColorSyncLegacy
0x000000000988d000 	/System/Library/Frameworks/ApplicationServices.framework/Versions/A/Frameworks/HIServices.framework/Versions/A/HIServices
0x000000000988d000 	/System/Library/Frameworks/ApplicationServices.framework/Versions/A/Frameworks/LangAnalysis.framework/Versions/A/LangAnalysis
0x000000000988d000 	/System/Library/Frameworks/ApplicationServices.framework/Versions/A/Frameworks/PrintCore.framework/Versions/A/PrintCore
0x000000000988d000 	/System/Library/Frameworks/ApplicationServices.framework/Versions/A/Frameworks/QD.framework/Versions/A/QD
0x000000000988d000 	/System/Library/Frameworks/ApplicationServices.framework/Versions/A/Frameworks/SpeechSynthesis.framework/Versions/A/SpeechSynthesis
0x000000000988d000 	/System/Library/Frameworks/CoreDisplay.framework/Versions/A/CoreDisplay
0x000000000988d000 	/System/Library/Frameworks/Accelerate.framework/Versions/A/Frameworks/vImage.framework/Versions/A/vImage
0x000000000988d000 	/System/Library/Frameworks/Accelerate.framework/Versions/A/Frameworks/vecLib.framework/Versions/A/vecLib
0x000000000988d000 	/System/Library/Frameworks/Accelerate.framework/Versions/A/Frameworks/vecLib.framework/Versions/A/libvDSP.dylib
0x000000000988d000 	/System/Library/Frameworks/Accelerate.framework/Versions/A/Frameworks/vecLib.framework/Versions/A/libBNNS.dylib
0x000000000988d000 	/System/Library/Frameworks/Accelerate.framework/Versions/A/Frameworks/vecLib.framework/Versions/A/libQuadrature.dylib
0x000000000988d000 	/System/Library/Frameworks/Accelerate.framework/Versions/A/Frameworks/vecLib.framework/Versions/A/libvMisc.dylib
0x000000000988d000 	/System/Library/Frameworks/Accelerate.framework/Versions/A/Frameworks/vecLib.framework/Versions/A/libLAPACK.dylib
0x000000000988d000 	/System/Library/Frameworks/Accelerate.framework/Versions/A/Frameworks/vecLib.framework/Versions/A/libBLAS.dylib
0x000000000988d000 	/System/Library/Frameworks/Accelerate.framework/Versions/A/Frameworks/vecLib.framework/Versions/A/libLinearAlgebra.dylib
0x000000000988d000 	/System/Library/Frameworks/Accelerate.framework/Versions/A/Frameworks/vecLib.framework/Versions/A/libSparse.dylib
0x000000000988d000 	/System/Library/Frameworks/Accelerate.framework/Versions/A/Frameworks/vecLib.framework/Versions/A/libSparseBLAS.dylib
0x000000000988d000 	/System/Library/PrivateFrameworks/GPUWrangler.framework/Versions/A/GPUWrangler
0x000000000988d000 	/System/Library/PrivateFrameworks/IOAccelerator.framework/Versions/A/IOAccelerator
0x000000000988d000 	/System/Library/PrivateFrameworks/IOPresentment.framework/Versions/A/IOPresentment
0x000000000988d000 	/System/Library/PrivateFrameworks/DSExternalDisplay.framework/Versions/A/DSExternalDisplay
0x000000000988d000 	/System/Library/Frameworks/OpenGL.framework/Versions/A/Libraries/libCoreFSCache.dylib
0x000000000988d000 	/System/Library/Frameworks/CoreVideo.framework/Versions/A/CoreVideo
0x000000000988d000 	/System/Library/PrivateFrameworks/GraphVisualizer.framework/Versions/A/GraphVisualizer
0x000000000988d000 	/System/Library/Frameworks/MetalPerformanceShaders.framework/Versions/A/MetalPerformanceShaders
0x000000000988d000 	/usr/lib/libFosl_dynamic.dylib
0x000000000988d000 	/System/Library/PrivateFrameworks/FaceCore.framework/Versions/A/FaceCore
0x000000000988d000 	/System/Library/Frameworks/OpenCL.framework/Versions/A/OpenCL
0x000000000988d000 	/usr/lib/libcompression.dylib
0x000000000988d000 	/System/Library/Frameworks/ApplicationServices.framework/Versions/A/Frameworks/ATS.framework/Versions/A/Resources/libFontParser.dylib
0x000000000988d000 	/System/Library/Frameworks/ApplicationServices.framework/Versions/A/Frameworks/ATS.framework/Versions/A/Resources/libFontRegistry.dylib
0x000000000988d000 	/System/Library/Frameworks/ImageIO.framework/Versions/A/Resources/libJPEG.dylib
0x000000000988d000 	/System/Library/Frameworks/ImageIO.framework/Versions/A/Resources/libTIFF.dylib
0x000000000988d000 	/System/Library/Frameworks/ImageIO.framework/Versions/A/Resources/libPng.dylib
0x000000000988d000 	/System/Library/Frameworks/ImageIO.framework/Versions/A/Resources/libGIF.dylib
0x000000000988d000 	/System/Library/Frameworks/ImageIO.framework/Versions/A/Resources/libJP2.dylib
0x000000000988d000 	/System/Library/Frameworks/ImageIO.framework/Versions/A/Resources/libRadiance.dylib
0x000000000988d000 	/System/Library/PrivateFrameworks/AppleJPEG.framework/Versions/A/AppleJPEG
0x000000000988d000 	/System/Library/Frameworks/MetalPerformanceShaders.framework/Frameworks/MPSCore.framework/Versions/A/MPSCore
0x000000000988d000 	/System/Library/Frameworks/MetalPerformanceShaders.framework/Frameworks/MPSImage.framework/Versions/A/MPSImage
0x000000000988d000 	/System/Library/Frameworks/MetalPerformanceShaders.framework/Frameworks/MPSNeuralNetwork.framework/Versions/A/MPSNeuralNetwork
0x000000000988d000 	/System/Library/Frameworks/MetalPerformanceShaders.framework/Frameworks/MPSMatrix.framework/Versions/A/MPSMatrix
0x000000000988d000 	/System/Library/PrivateFrameworks/MetalTools.framework/Versions/A/MetalTools
0x000000000988d000 	/System/Library/Frameworks/OpenGL.framework/Versions/A/Libraries/libGLU.dylib
0x000000000988d000 	/System/Library/Frameworks/OpenGL.framework/Versions/A/Libraries/libGFXShared.dylib
0x000000000988d000 	/System/Library/Frameworks/OpenGL.framework/Versions/A/Libraries/libGL.dylib
0x000000000988d000 	/System/Library/Frameworks/OpenGL.framework/Versions/A/Libraries/libGLImage.dylib
0x000000000988d000 	/System/Library/Frameworks/OpenGL.framework/Versions/A/Libraries/libCVMSPluginSupport.dylib
0x000000000988d000 	/System/Library/Frameworks/OpenGL.framework/Versions/A/Libraries/libCoreVMClient.dylib
0x000000000988d000 	/usr/lib/libcups.2.dylib
0x000000000988d000 	/System/Library/Frameworks/Kerberos.framework/Versions/A/Kerberos
0x000000000988d000 	/System/Library/Frameworks/GSS.framework/Versions/A/GSS
0x000000000988d000 	/usr/lib/libresolv.9.dylib
0x000000000988d000 	/usr/lib/libiconv.2.dylib
0x000000000988d000 	/System/Library/PrivateFrameworks/Heimdal.framework/Versions/A/Heimdal
0x000000000988d000 	/usr/lib/libheimdal-asn1.dylib
0x000000000988d000 	/System/Library/Frameworks/OpenDirectory.framework/Versions/A/OpenDirectory
0x000000000988d000 	/System/Library/PrivateFrameworks/CommonAuth.framework/Versions/A/CommonAuth
0x000000000988d000 	/System/Library/Frameworks/OpenDirectory.framework/Versions/A/Frameworks/CFOpenDirectory.framework/Versions/A/CFOpenDirectory
0x000000000988d000 	/System/Library/Frameworks/SecurityFoundation.framework/Versions/A/SecurityFoundation
0x000000000988d000 	/System/Library/PrivateFrameworks/APFS.framework/Versions/A/APFS
0x000000000988d000 	/usr/lib/libutil.dylib
0x000000000988d000 	/System/Library/PrivateFrameworks/AppleSauce.framework/Versions/A/AppleSauce
0x000000000988d000 	/System/Library/PrivateFrameworks/LinguisticData.framework/Versions/A/LinguisticData
0x000000000988d000 	/usr/lib/libmarisa.dylib
0x000000000988d000 	/System/Library/PrivateFrameworks/Lexicon.framework/Versions/A/Lexicon
0x000000000988d000 	/usr/lib/libChineseTokenizer.dylib
0x000000000988d000 	/usr/lib/libcmph.dylib
0x000000000988d000 	/System/Library/PrivateFrameworks/LanguageModeling.framework/Versions/A/LanguageModeling
0x000000000988d000 	/System/Library/PrivateFrameworks/CoreEmoji.framework/Versions/A/CoreEmoji
0x000000000988d000 	/System/Library/Frameworks/ServiceManagement.framework/Versions/A/ServiceManagement
0x000000000988d000 	/System/Library/PrivateFrameworks/BackgroundTaskManagement.framework/Versions/A/BackgroundTaskManagement
0x000000000988d000 	/usr/lib/libxslt.1.dylib
0x000000000988d000 	/System/Library/Frameworks/Carbon.framework/Versions/A/Frameworks/Ink.framework/Versions/A/Ink
0x000000000988d000 	/System/Library/PrivateFrameworks/TextureIO.framework/Versions/A/TextureIO
0x000000000988d000 	/usr/lib/libate.dylib
0x000000000988d000 	/System/Library/PrivateFrameworks/CrashReporterSupport.framework/Versions/A/CrashReporterSupport
0x000000000988d000 	/System/Library/PrivateFrameworks/Sharing.framework/Versions/A/Sharing
0x000000000988d000 	/System/Library/PrivateFrameworks/IconServices.framework/Versions/A/IconServices
0x000000000988d000 	/System/Library/PrivateFrameworks/AuthKit.framework/Versions/A/AuthKit
0x000000000988d000 	/System/Library/PrivateFrameworks/Apple80211.framework/Versions/A/Apple80211
0x000000000988d000 	/System/Library/PrivateFrameworks/CoreUtils.framework/Versions/A/CoreUtils
0x000000000988d000 	/System/Library/Frameworks/CoreWLAN.framework/Versions/A/CoreWLAN
0x000000000988d000 	/System/Library/Frameworks/IOBluetooth.framework/Versions/A/IOBluetooth
0x000000000988d000 	/System/Library/PrivateFrameworks/ProtocolBuffer.framework/Versions/A/ProtocolBuffer
0x000000000988d000 	/System/Library/PrivateFrameworks/MobileKeyBag.framework/Versions/A/MobileKeyBag
0x000000000988d000 	/System/Library/PrivateFrameworks/CorePhoneNumbers.framework/Versions/A/CorePhoneNumbers
0x000000000988d000 	/System/Library/PrivateFrameworks/AppleIDAuthSupport.framework/Versions/A/AppleIDAuthSupport
0x000000000988d000 	/System/Library/PrivateFrameworks/KeychainCircle.framework/Versions/A/KeychainCircle
0x000000000988d000 	/System/Library/PrivateFrameworks/CoreWiFi.framework/Versions/A/CoreWiFi
0x000000000988d000 	/System/Library/Frameworks/CoreBluetooth.framework/Versions/A/CoreBluetooth
0x000000000988d000 	/System/Library/PrivateFrameworks/DebugSymbols.framework/Versions/A/DebugSymbols
0x000000000988d000 	/System/Library/PrivateFrameworks/CoreSymbolication.framework/Versions/A/CoreSymbolication
0x000000000988d000 	/System/Library/PrivateFrameworks/Symbolication.framework/Versions/A/Symbolication
0x000000000988d000 	/System/Library/PrivateFrameworks/AppleFSCompression.framework/Versions/A/AppleFSCompression
0x000000000988d000 	/System/Library/PrivateFrameworks/SpeechRecognitionCore.framework/Versions/A/SpeechRecognitionCore
0x0000000102200000 	/Library/Java/JavaVirtualMachines/jdk1.8.0_121.jdk/Contents/Home/jre/lib/server/libjvm.dylib
0x000000000988d000 	/usr/lib/libstdc++.6.0.9.dylib
0x0000000101908000 	/Library/Java/JavaVirtualMachines/jdk1.8.0_121.jdk/Contents/Home/jre/lib/libverify.dylib
0x0000000101916000 	/Library/Java/JavaVirtualMachines/jdk1.8.0_121.jdk/Contents/Home/jre/lib/libjava.dylib
0x0000000101995000 	/Library/Java/JavaVirtualMachines/jdk1.8.0_121.jdk/Contents/Home/jre/lib/libzip.dylib
0x000000000988d000 	/System/Library/Frameworks/JavaVM.framework/Versions/A/Frameworks/JavaRuntimeSupport.framework/Versions/A/JavaRuntimeSupport
0x000000000988d000 	/System/Library/Frameworks/JavaVM.framework/Versions/A/Frameworks/JavaNativeFoundation.framework/Versions/A/JavaNativeFoundation
0x000000000988d000 	/System/Library/Frameworks/JavaVM.framework/Versions/A/JavaVM
0x000000000988d000 	/System/Library/Frameworks/Carbon.framework/Versions/A/Carbon
0x000000000988d000 	/System/Library/PrivateFrameworks/JavaLaunching.framework/Versions/A/JavaLaunching
0x000000000988d000 	/System/Library/Frameworks/Carbon.framework/Versions/A/Frameworks/CommonPanels.framework/Versions/A/CommonPanels
0x000000000988d000 	/System/Library/Frameworks/Carbon.framework/Versions/A/Frameworks/Help.framework/Versions/A/Help
0x000000000988d000 	/System/Library/Frameworks/Carbon.framework/Versions/A/Frameworks/ImageCapture.framework/Versions/A/ImageCapture
0x000000000988d000 	/System/Library/Frameworks/Carbon.framework/Versions/A/Frameworks/OpenScripting.framework/Versions/A/OpenScripting
0x000000000988d000 	/System/Library/Frameworks/Carbon.framework/Versions/A/Frameworks/Print.framework/Versions/A/Print
0x000000000988d000 	/System/Library/Frameworks/Carbon.framework/Versions/A/Frameworks/SecurityHI.framework/Versions/A/SecurityHI
0x000000011ac39000 	/Library/Java/JavaVirtualMachines/jdk1.8.0_121.jdk/Contents/Home/jre/lib/libnet.dylib
0x000000011ae98000 	/Library/Java/JavaVirtualMachines/jdk1.8.0_121.jdk/Contents/Home/jre/lib/libmanagement.dylib
0x000000011a93c000 	/Library/Java/JavaVirtualMachines/jdk1.8.0_121.jdk/Contents/Home/jre/lib/libnio.dylib

VM Arguments:
jvm_args: -Dfile.encoding=UTF-8 -Duser.country=ES -Duser.language=es -Duser.variant 
java_command: es.upv.pros.pvalderas.composition.example.paymnet.Shipment
java_class_path (initial): /Users/pedrovalderas/Documents/workspace/ShipmentMicroservice/build/classes/main:/Users/pedrovalderas/Documents/workspace/ShipmentMicroservice/build/resources/main:/Users/pedrovalderas/.gradle/caches/modules-2/files-2.1/org.springframework.boot/spring-boot-starter-web/1.5.9.RELEASE/bda9733d5e6ba6d1a97deead1738713dc0631b3e/spring-boot-starter-web-1.5.9.RELEASE.jar:/Users/pedrovalderas/Documents/workspace/CompositionCoordinator/build/libs/es.pros.upv.pvalderas.compositionCoordinator-0.1.0.jar:/Users/pedrovalderas/.gradle/caches/modules-2/files-2.1/org.springframework.boot/spring-boot-starter/1.5.9.RELEASE/6bfb34db2715ee86c6e2337fa145650588b4b1b3/spring-boot-starter-1.5.9.RELEASE.jar:/Users/pedrovalderas/.gradle/caches/modules-2/files-2.1/org.springframework.boot/spring-boot-starter-tomcat/1.5.9.RELEASE/4615056f8a2bcad03ba8cdf410419ee3d101c5bb/spring-boot-starter-tomcat-1.5.9.RELEASE.jar:/Users/pedrovalderas/.gradle/caches/modules-2/files-2.1/org.hibernate/hibernate-validator/5.3.6.Final/4c730be8bf55a8e9a61e79a2f2c079abf48b718/hibernate-validator-5.3.6.Final.jar:/Users/pedrovalderas/.gradle/caches/modules-2/files-2.1/com.fasterxml.jackson.core/jackson-databind/2.8.10/f7b83cb2bc4b88d53961e749e1ad32f49ef017b7/jackson-databind-2.8.10.jar:/Users/pedrovalderas/.gradle/caches/modules-2/files-2.1/org.springframework/spring-web/4.3.13.RELEASE/7cd084992d546165ede3e99bc31ee49c937f0ce7/spring-web-4.3.13.RELEASE.jar:/Users/pedrovalderas/.gradle/caches/modules-2/files-2.1/org.springframework/spring-webmvc/4.3.13.RELEASE/87a095c7a1d13fe433ae6712787238c1dbaa6919/spring-webmvc-4.3.13.RELEASE.jar:/Users/pedrovalderas/.gradle/caches/modules-2/files-2.1/org.springframework.cloud/spring-cloud-starter-eureka/1.4.0.RELEASE/d786de8c09734870d3e7679db2324cc7564a9df4/spring-cloud-starter-eureka-1.4.0.RELEASE.jar:/Users/pedrovalderas/.gradle/caches/modules-2/files-2.1/org.dom4j/dom4j/2.1.0/6ad46940de4d721df3d6bbcd2977149742095445/dom4j-2.1.0.jar:/Users/pedrovalderas/
Launcher Type: SUN_STANDARD

Environment Variables:
PATH=/usr/bin:/bin:/usr/sbin:/sbin
SHELL=/bin/bash

Signal Handlers:
SIGSEGV: [libjvm.dylib+0x5b1141], sa_mask[0]=11111111011111110111111111111111, sa_flags=SA_ONSTACK|SA_RESTART|SA_SIGINFO
SIGBUS: [libjvm.dylib+0x5b1141], sa_mask[0]=11111111011111110111111111111111, sa_flags=SA_RESTART|SA_SIGINFO
SIGFPE: [libjvm.dylib+0x487bc4], sa_mask[0]=11111111011111110111111111111111, sa_flags=SA_RESTART|SA_SIGINFO
SIGPIPE: [libjvm.dylib+0x487bc4], sa_mask[0]=11111111011111110111111111111111, sa_flags=SA_RESTART|SA_SIGINFO
SIGXFSZ: [libjvm.dylib+0x487bc4], sa_mask[0]=11111111011111110111111111111111, sa_flags=SA_RESTART|SA_SIGINFO
SIGILL: [libjvm.dylib+0x487bc4], sa_mask[0]=11111111011111110111111111111111, sa_flags=SA_RESTART|SA_SIGINFO
SIGUSR1: SIG_DFL, sa_mask[0]=00000000000000000000000000000000, sa_flags=none
SIGUSR2: [libjvm.dylib+0x4876e2], sa_mask[0]=00100000000000000000000000000000, sa_flags=SA_RESTART|SA_SIGINFO
SIGHUP: [libjvm.dylib+0x485cb9], sa_mask[0]=11111111011111110111111111111111, sa_flags=SA_RESTART|SA_SIGINFO
SIGINT: [libjvm.dylib+0x485cb9], sa_mask[0]=11111111011111110111111111111111, sa_flags=SA_RESTART|SA_SIGINFO
SIGTERM: [libjvm.dylib+0x485cb9], sa_mask[0]=11111111011111110111111111111111, sa_flags=SA_RESTART|SA_SIGINFO
SIGQUIT: [libjvm.dylib+0x485cb9], sa_mask[0]=11111111011111110111111111111111, sa_flags=SA_RESTART|SA_SIGINFO


---------------  S Y S T E M  ---------------

OS:Bsduname:Darwin 17.7.0 Darwin Kernel Version 17.7.0: Wed Feb 27 00:43:23 PST 2019; root:xnu-4570.71.35~1/RELEASE_X86_64 x86_64
rlimit: STACK 8192k, CORE 0k, NPROC 709, NOFILE 10240, AS infinity
load average:12.75 6.07 4.48

CPU:total 4 (2 cores per cpu, 2 threads per core) family 6 model 78 stepping 3, cmov, cx8, fxsr, mmx, sse, sse2, sse3, ssse3, sse4.1, sse4.2, popcnt, avx, avx2, aes, clmul, erms, 3dnowpref, lzcnt, ht, tsc, tscinvbit, bmi1, bmi2, adx

Memory: 4k page, physical 8388608k(20640k free)

/proc/meminfo:


vm_info: Java HotSpot(TM) 64-Bit Server VM (25.121-b13) for bsd-amd64 JRE (1.8.0_121-b13), built on Dec 12 2016 20:39:32 by "java_re" with gcc 4.2.1 (Based on Apple Inc. build 5658) (LLVM build 2336.11.00)

time: Wed Feb 19 16:21:04 2020
elapsed time: 13 seconds (0d 0h 0m 13s)

