#
# A fatal error has been detected by the Java Runtime Environment:
#
#  SIGBUS (0xa) at pc=0x00000001005b0e92, pid=1187, tid=0x0000000000002803
#
# JRE version: Java(TM) SE Runtime Environment (8.0_121-b13) (build 1.8.0_121-b13)
# Java VM: Java HotSpot(TM) 64-Bit Server VM (25.121-b13 mixed mode bsd-amd64 compressed oops)
# Problematic frame:
# C  [libzip.dylib+0x2e92]  newEntry+0x154
#
# Failed to write core dump. Core dumps have been disabled. To enable core dumping, try "ulimit -c unlimited" before starting Java again
#
# If you would like to submit a bug report, please visit:
#   http://bugreport.java.com/bugreport/crash.jsp
# The crash happened outside the Java Virtual Machine in native code.
# See problematic frame for where to report the bug.
#

---------------  T H R E A D  ---------------

Current thread (0x00007f9d6100e800):  JavaThread "main" [_thread_in_native, id=10243, stack(0x000070000a777000,0x000070000a877000)]

siginfo: si_signo: 10 (SIGBUS), si_code: 2 (BUS_ADRERR), si_addr: 0x000000011912a30e

Registers:
RAX=0x00007f9d5fe2e640, RBX=0x000000011912a302, RCX=0x0000000000000001, RDX=0x0000000000010000
RSP=0x000070000a874cc0, RBP=0x000070000a874d20, RSI=0x00000000ffff0fff, RDI=0x0000000000000ca5
R8 =0x00000000d5feca50, R9 =0x0000000000000004, R10=0x00000000ffff0000, R11=0x00007f9d5fe00000
R12=0x00007f9d5fe2e780, R13=0x00000000000002a0, R14=0x000000007e803491, R15=0x00007f9d5fe2ea90
RIP=0x00000001005b0e92, EFLAGS=0x0000000000010202, ERR=0x0000000000000004
  TRAPNO=0x000000000000000e

Top of Stack: (sp=0x000070000a874cc0)
0x000070000a874cc0:   000070000a874d46 0000000095b22128
0x000070000a874cd0:   000000074027d1f8 000000170000e800
0x000070000a874ce0:   000070000a874d00 00007f9d5fe2e640
0x000070000a874cf0:   00007f9d5feca4b0 00007f9d5fe2e640
0x000070000a874d00:   00007f9d5fe2e780 00000000000002a0
0x000070000a874d10:   000000007e803491 00007f9d5fe2ea90
0x000070000a874d20:   000070000a874d80 00000001005b152d
0x000070000a874d30:   000070000a874db5 000070000a874db4
0x000070000a874d40:   0000001500000000 000000160100e800
0x000070000a874d50:   000070000a874d9e 000070000a8751e8
0x000070000a874d60:   0000000000000016 000070000a874d9e
0x000070000a874d70:   00007f9d5fe2e640 00007f9d6100e9f8
0x000070000a874d80:   000070000a8751d0 00000001005b0238
0x000070000a874d90:   0000000102c123d8 70617f9d00000001
0x000070000a874da0:   6f69746163696c70 7265706f72702e6e
0x000070000a874db0:   0000000073656974 00007f9d6100e800
0x000070000a874dc0:   0000000102c123d8 0000000102c123d8
0x000070000a874dd0:   0000000102c123d8 00007f9d5fd193e0
0x000070000a874de0:   00007f9d6100e800 000070000a874ed0
0x000070000a874df0:   00007f9d5fdb2fc8 00007f9d5fdb2fc0
0x000070000a874e00:   000070000a874f90 0000000101114c53
0x000070000a874e10:   00007f9d6100e800 000000011a8b53d0
0x000070000a874e20:   00007f9d02ec3670 00007f9d6100e800
0x000070000a874e30:   0000000000000000 00007f9d5fd05de0
0x000070000a874e40:   000000010162f490 0000000795b22140
0x000070000a874e50:   0000700002f1a240 0000000101114131
0x000070000a874e60:   00007f9d02f19ce8 00007f9d6100e800
0x000070000a874e70:   0000000002ec3650 00007f9d02ecd5d8
0x000070000a874e80:   0000000000001400 0000000100507a00
0x000070000a874e90:   fd00000070001002 00007f9d6100ffff
0x000070000a874ea0:   00000000032c61e0 0000000795b0fff0
0x000070000a874eb0:   00007f9d5fdb2fc0 00007f9d02f1a240 

Instructions: (pc=0x00000001005b0e92)
0x00000001005b0e72:   49 8b 7f 38 e8 5b 1b 00 00 4d 89 77 38 49 89 5f
0x00000001005b0e82:   40 4c 89 f0 48 85 c0 0f 84 11 05 00 00 48 89 c3
0x00000001005b0e92:   0f b6 43 0c 0f b6 4b 0d 48 c1 e1 08 48 01 c1 0f
0x00000001005b0ea2:   b6 43 0e 0f b6 53 0f 48 c1 e2 08 48 01 c2 48 c1 

Register to memory mapping:

RAX=0x00007f9d5fe2e640 is an unknown value
RBX=0x000000011912a302 is an unknown value
RCX=0x0000000000000001 is an unknown value
RDX=0x0000000000010000 is an unknown value
RSP=0x000070000a874cc0 is pointing into the stack for thread: 0x00007f9d6100e800
RBP=0x000070000a874d20 is pointing into the stack for thread: 0x00007f9d6100e800
RSI=0x00000000ffff0fff is an unknown value
RDI=0x0000000000000ca5 is an unknown value
R8 =0x00000000d5feca50 is an unknown value
R9 =0x0000000000000004 is an unknown value
R10=0x00000000ffff0000 is an unknown value
R11=0x00007f9d5fe00000 is an unknown value
R12=0x00007f9d5fe2e780 is an unknown value
R13=0x00000000000002a0 is an unknown value
R14=0x000000007e803491 is an unknown value
R15=0x00007f9d5fe2ea90 is an unknown value


Stack: [0x000070000a777000,0x000070000a877000],  sp=0x000070000a874cc0,  free space=1015k
Native frames: (J=compiled Java code, j=interpreted, Vv=VM code, C=native code)
C  [libzip.dylib+0x2e92]  newEntry+0x154
C  [libzip.dylib+0x352d]  ZIP_GetEntry2+0xd4
C  [libzip.dylib+0x2238]  Java_java_util_zip_ZipFile_getEntry+0xcf
J 112  java.util.zip.ZipFile.getEntry(J[BZ)J (0 bytes) @ 0x0000000103795dce [0x0000000103795d00+0xce]
J 314 C2 java.util.jar.JarFile.getJarEntry(Ljava/lang/String;)Ljava/util/jar/JarEntry; (9 bytes) @ 0x000000010383ed1c [0x000000010383e9a0+0x37c]
J 567 C2 sun.misc.URLClassPath$JarLoader.getResource(Ljava/lang/String;Z)Lsun/misc/Resource; (85 bytes) @ 0x00000001038d9f3c [0x00000001038d9dc0+0x17c]
J 878 C2 sun.misc.URLClassPath$JarLoader.findResource(Ljava/lang/String;Z)Ljava/net/URL; (18 bytes) @ 0x0000000103996214 [0x00000001039961e0+0x34]
J 883 C1 sun.misc.URLClassPath.findResource(Ljava/lang/String;Z)Ljava/net/URL; (47 bytes) @ 0x000000010399c15c [0x000000010399c000+0x15c]
j  java.net.URLClassLoader$2.run()Ljava/net/URL;+12
j  java.net.URLClassLoader$2.run()Ljava/lang/Object;+1
v  ~StubRoutines::call_stub
V  [libjvm.dylib+0x2ed9d6]  JavaCalls::call_helper(JavaValue*, methodHandle*, JavaCallArguments*, Thread*)+0x6ae
V  [libjvm.dylib+0x34e114]  JVM_DoPrivileged+0x4b8
J 885  java.security.AccessController.doPrivileged(Ljava/security/PrivilegedAction;Ljava/security/AccessControlContext;)Ljava/lang/Object; (0 bytes) @ 0x0000000103997b15 [0x0000000103997a40+0xd5]
j  java.net.URLClassLoader.findResource(Ljava/lang/String;)Ljava/net/URL;+13
j  java.lang.ClassLoader.getResource(Ljava/lang/String;)Ljava/net/URL;+30
j  org.springframework.core.io.ClassPathResource.resolveURL()Ljava/net/URL;+34
j  org.springframework.core.io.ClassPathResource.exists()Z+1
j  org.springframework.boot.context.config.ConfigFileApplicationListener$Loader.doLoadIntoGroup(Ljava/lang/String;Ljava/lang/String;Lorg/springframework/boot/context/config/ConfigFileApplicationListener$Profile;)Lorg/springframework/core/env/PropertySource;+31
j  org.springframework.boot.context.config.ConfigFileApplicationListener$Loader.loadIntoGroup(Ljava/lang/String;Ljava/lang/String;Lorg/springframework/boot/context/config/ConfigFileApplicationListener$Profile;)Lorg/springframework/core/env/PropertySource;+4
j  org.springframework.boot.context.config.ConfigFileApplicationListener$Loader.load(Ljava/lang/String;Ljava/lang/String;Lorg/springframework/boot/context/config/ConfigFileApplicationListener$Profile;)V+298
j  org.springframework.boot.context.config.ConfigFileApplicationListener$Loader.load()V+271
j  org.springframework.boot.context.config.ConfigFileApplicationListener.addPropertySources(Lorg/springframework/core/env/ConfigurableEnvironment;Lorg/springframework/core/io/ResourceLoader;)V+14
j  org.springframework.boot.context.config.ConfigFileApplicationListener.postProcessEnvironment(Lorg/springframework/core/env/ConfigurableEnvironment;Lorg/springframework/boot/SpringApplication;)V+6
j  org.springframework.boot.context.config.ConfigFileApplicationListener.onApplicationEnvironmentPreparedEvent(Lorg/springframework/boot/context/event/ApplicationEnvironmentPreparedEvent;)V+54
j  org.springframework.boot.context.config.ConfigFileApplicationListener.onApplicationEvent(Lorg/springframework/context/ApplicationEvent;)V+12
j  org.springframework.context.event.SimpleApplicationEventMulticaster.doInvokeListener(Lorg/springframework/context/ApplicationListener;Lorg/springframework/context/ApplicationEvent;)V+2
j  org.springframework.context.event.SimpleApplicationEventMulticaster.invokeListener(Lorg/springframework/context/ApplicationListener;Lorg/springframework/context/ApplicationEvent;)V+34
j  org.springframework.context.event.SimpleApplicationEventMulticaster.multicastEvent(Lorg/springframework/context/ApplicationEvent;Lorg/springframework/core/ResolvableType;)V+85
j  org.springframework.context.event.SimpleApplicationEventMulticaster.multicastEvent(Lorg/springframework/context/ApplicationEvent;)V+7
j  org.springframework.boot.context.event.EventPublishingRunListener.environmentPrepared(Lorg/springframework/core/env/ConfigurableEnvironment;)V+20
j  org.springframework.boot.SpringApplicationRunListeners.environmentPrepared(Lorg/springframework/core/env/ConfigurableEnvironment;)V+31
j  org.springframework.boot.SpringApplication.prepareEnvironment(Lorg/springframework/boot/SpringApplicationRunListeners;Lorg/springframework/boot/ApplicationArguments;)Lorg/springframework/core/env/ConfigurableEnvironment;+18
j  org.springframework.boot.SpringApplication.run([Ljava/lang/String;)Lorg/springframework/context/ConfigurableApplicationContext;+48
j  org.springframework.boot.SpringApplication.run([Ljava/lang/Object;[Ljava/lang/String;)Lorg/springframework/context/ConfigurableApplicationContext;+9
j  org.springframework.boot.SpringApplication.run(Ljava/lang/Object;[Ljava/lang/String;)Lorg/springframework/context/ConfigurableApplicationContext;+9
j  es.upv.pros.pvalderas.composition.example.inventory.Inventory.main([Ljava/lang/String;)V+3
v  ~StubRoutines::call_stub
V  [libjvm.dylib+0x2ed9d6]  JavaCalls::call_helper(JavaValue*, methodHandle*, JavaCallArguments*, Thread*)+0x6ae
V  [libjvm.dylib+0x3247ce]  jni_invoke_static(JNIEnv_*, JavaValue*, _jobject*, JNICallType, _jmethodID*, JNI_ArgumentPusher*, Thread*)+0x1bf
V  [libjvm.dylib+0x31d545]  jni_CallStaticVoidMethod+0x15d
C  [java+0x3931]  JavaMain+0x9c4
C  [libsystem_pthread.dylib+0x3661]  _pthread_body+0x154
C  [libsystem_pthread.dylib+0x350d]  _pthread_body+0x0
C  [libsystem_pthread.dylib+0x2bf9]  thread_start+0xd
C  0x0000000000000000

Java frames: (J=compiled Java code, j=interpreted, Vv=VM code)
J 112  java.util.zip.ZipFile.getEntry(J[BZ)J (0 bytes) @ 0x0000000103795d58 [0x0000000103795d00+0x58]
J 314 C2 java.util.jar.JarFile.getJarEntry(Ljava/lang/String;)Ljava/util/jar/JarEntry; (9 bytes) @ 0x000000010383ed1c [0x000000010383e9a0+0x37c]
J 567 C2 sun.misc.URLClassPath$JarLoader.getResource(Ljava/lang/String;Z)Lsun/misc/Resource; (85 bytes) @ 0x00000001038d9f3c [0x00000001038d9dc0+0x17c]
J 878 C2 sun.misc.URLClassPath$JarLoader.findResource(Ljava/lang/String;Z)Ljava/net/URL; (18 bytes) @ 0x0000000103996214 [0x00000001039961e0+0x34]
J 883 C1 sun.misc.URLClassPath.findResource(Ljava/lang/String;Z)Ljava/net/URL; (47 bytes) @ 0x000000010399c15c [0x000000010399c000+0x15c]
j  java.net.URLClassLoader$2.run()Ljava/net/URL;+12
j  java.net.URLClassLoader$2.run()Ljava/lang/Object;+1
v  ~StubRoutines::call_stub
J 885  java.security.AccessController.doPrivileged(Ljava/security/PrivilegedAction;Ljava/security/AccessControlContext;)Ljava/lang/Object; (0 bytes) @ 0x0000000103997aa3 [0x0000000103997a40+0x63]
j  java.net.URLClassLoader.findResource(Ljava/lang/String;)Ljava/net/URL;+13
j  java.lang.ClassLoader.getResource(Ljava/lang/String;)Ljava/net/URL;+30
j  org.springframework.core.io.ClassPathResource.resolveURL()Ljava/net/URL;+34
j  org.springframework.core.io.ClassPathResource.exists()Z+1
j  org.springframework.boot.context.config.ConfigFileApplicationListener$Loader.doLoadIntoGroup(Ljava/lang/String;Ljava/lang/String;Lorg/springframework/boot/context/config/ConfigFileApplicationListener$Profile;)Lorg/springframework/core/env/PropertySource;+31
j  org.springframework.boot.context.config.ConfigFileApplicationListener$Loader.loadIntoGroup(Ljava/lang/String;Ljava/lang/String;Lorg/springframework/boot/context/config/ConfigFileApplicationListener$Profile;)Lorg/springframework/core/env/PropertySource;+4
j  org.springframework.boot.context.config.ConfigFileApplicationListener$Loader.load(Ljava/lang/String;Ljava/lang/String;Lorg/springframework/boot/context/config/ConfigFileApplicationListener$Profile;)V+298
j  org.springframework.boot.context.config.ConfigFileApplicationListener$Loader.load()V+271
j  org.springframework.boot.context.config.ConfigFileApplicationListener.addPropertySources(Lorg/springframework/core/env/ConfigurableEnvironment;Lorg/springframework/core/io/ResourceLoader;)V+14
j  org.springframework.boot.context.config.ConfigFileApplicationListener.postProcessEnvironment(Lorg/springframework/core/env/ConfigurableEnvironment;Lorg/springframework/boot/SpringApplication;)V+6
j  org.springframework.boot.context.config.ConfigFileApplicationListener.onApplicationEnvironmentPreparedEvent(Lorg/springframework/boot/context/event/ApplicationEnvironmentPreparedEvent;)V+54
j  org.springframework.boot.context.config.ConfigFileApplicationListener.onApplicationEvent(Lorg/springframework/context/ApplicationEvent;)V+12
j  org.springframework.context.event.SimpleApplicationEventMulticaster.doInvokeListener(Lorg/springframework/context/ApplicationListener;Lorg/springframework/context/ApplicationEvent;)V+2
j  org.springframework.context.event.SimpleApplicationEventMulticaster.invokeListener(Lorg/springframework/context/ApplicationListener;Lorg/springframework/context/ApplicationEvent;)V+34
j  org.springframework.context.event.SimpleApplicationEventMulticaster.multicastEvent(Lorg/springframework/context/ApplicationEvent;Lorg/springframework/core/ResolvableType;)V+85
j  org.springframework.context.event.SimpleApplicationEventMulticaster.multicastEvent(Lorg/springframework/context/ApplicationEvent;)V+7
j  org.springframework.boot.context.event.EventPublishingRunListener.environmentPrepared(Lorg/springframework/core/env/ConfigurableEnvironment;)V+20
j  org.springframework.boot.SpringApplicationRunListeners.environmentPrepared(Lorg/springframework/core/env/ConfigurableEnvironment;)V+31
j  org.springframework.boot.SpringApplication.prepareEnvironment(Lorg/springframework/boot/SpringApplicationRunListeners;Lorg/springframework/boot/ApplicationArguments;)Lorg/springframework/core/env/ConfigurableEnvironment;+18
j  org.springframework.boot.SpringApplication.run([Ljava/lang/String;)Lorg/springframework/context/ConfigurableApplicationContext;+48
j  org.springframework.boot.SpringApplication.run([Ljava/lang/Object;[Ljava/lang/String;)Lorg/springframework/context/ConfigurableApplicationContext;+9
j  org.springframework.boot.SpringApplication.run(Ljava/lang/Object;[Ljava/lang/String;)Lorg/springframework/context/ConfigurableApplicationContext;+9
j  es.upv.pros.pvalderas.composition.example.inventory.Inventory.main([Ljava/lang/String;)V+3
v  ~StubRoutines::call_stub

---------------  P R O C E S S  ---------------

Java Threads: ( => current thread )
  0x00007f9d61865000 JavaThread "Service Thread" daemon [_thread_blocked, id=18179, stack(0x000070000b39b000,0x000070000b49b000)]
  0x00007f9d6003a800 JavaThread "C1 CompilerThread2" daemon [_thread_blocked, id=18435, stack(0x000070000b298000,0x000070000b398000)]
  0x00007f9d61023000 JavaThread "C2 CompilerThread1" daemon [_thread_in_native, id=14083, stack(0x000070000b195000,0x000070000b295000)]
  0x00007f9d6001c000 JavaThread "C2 CompilerThread0" daemon [_thread_in_native, id=18947, stack(0x000070000b092000,0x000070000b192000)]
  0x00007f9d6180f800 JavaThread "Signal Dispatcher" daemon [_thread_blocked, id=13575, stack(0x000070000af8f000,0x000070000b08f000)]
  0x00007f9d6101d000 JavaThread "Finalizer" daemon [_thread_blocked, id=11779, stack(0x000070000ae8c000,0x000070000af8c000)]
  0x00007f9d60027000 JavaThread "Reference Handler" daemon [_thread_blocked, id=11523, stack(0x000070000ad89000,0x000070000ae89000)]
=>0x00007f9d6100e800 JavaThread "main" [_thread_in_native, id=10243, stack(0x000070000a777000,0x000070000a877000)]

Other Threads:
  0x00007f9d60022000 VMThread [stack: 0x000070000ac86000,0x000070000ad86000] [id=21251]
  0x00007f9d61034800 WatcherThread [stack: 0x000070000b49e000,0x000070000b59e000] [id=17923]

VM state:not at safepoint (normal execution)

VM Mutex/Monitor currently owned by a thread: None

Heap:
 PSYoungGen      total 138240K, used 8102K [0x0000000795580000, 0x000000079e180000, 0x00000007c0000000)
  eden space 133120K, 6% used [0x0000000795580000,0x0000000795d69918,0x000000079d780000)
  from space 5120K, 0% used [0x000000079dc80000,0x000000079dc80000,0x000000079e180000)
  to   space 5120K, 0% used [0x000000079d780000,0x000000079d780000,0x000000079dc80000)
 ParOldGen       total 60416K, used 7502K [0x0000000740000000, 0x0000000743b00000, 0x0000000795580000)
  object space 60416K, 12% used [0x0000000740000000,0x0000000740753948,0x0000000743b00000)
 Metaspace       used 21063K, capacity 21278K, committed 21552K, reserved 1069056K
  class space    used 2590K, capacity 2662K, committed 2688K, reserved 1048576K

Card table byte_map: [0x0000000102162000,0x0000000102563000] byte_map_base: 0x00000000fe762000

Marking Bits: (ParMarkBitMap*) 0x00000001016f0d30
 Begin Bits: [0x000000011265c000, 0x000000011465c000)
 End Bits:   [0x000000011465c000, 0x000000011665c000)

Polling page: 0x0000000100564000

CodeCache: size=245760Kb used=6586Kb max_used=6586Kb free=239173Kb
 bounds [0x000000010365c000, 0x0000000103cdc000, 0x000000011265c000]
 total_blobs=2252 nmethods=1879 adapters=286
 compilation: enabled

Compilation events (10 events):
Event: 5.912 Thread 0x00007f9d6003a800 1882       3       java.net.URI$Parser::scan (50 bytes)
Event: 5.913 Thread 0x00007f9d6003a800 nmethod 1882 0x0000000103ccb4d0 code [0x0000000103ccb6a0, 0x0000000103ccbf08]
Event: 5.913 Thread 0x00007f9d6003a800 1878       3       org.springframework.core.annotation.AnnotationUtils::findAnnotation (7 bytes)
Event: 5.913 Thread 0x00007f9d6003a800 nmethod 1878 0x0000000103ccc350 code [0x0000000103ccc4c0, 0x0000000103ccc628]
Event: 5.913 Thread 0x00007f9d6003a800 1879       3       org.springframework.core.annotation.AnnotationUtils::findAnnotation (87 bytes)
Event: 5.914 Thread 0x00007f9d6003a800 nmethod 1879 0x0000000103ccc6d0 code [0x0000000103ccc900, 0x0000000103ccd448]
Event: 5.916 Thread 0x00007f9d6003a800 1884       3       java.util.regex.Matcher::group (112 bytes)
Event: 5.917 Thread 0x00007f9d6003a800 nmethod 1884 0x0000000103ccda90 code [0x0000000103ccdce0, 0x0000000103ccea48]
Event: 5.917 Thread 0x00007f9d6003a800 1885       3       java.lang.StringBuilder::append (6 bytes)
Event: 5.917 Thread 0x00007f9d6003a800 nmethod 1885 0x0000000103ccefd0 code [0x0000000103ccf140, 0x0000000103ccf3a8]

GC Heap History (10 events):
Event: 1.397 GC heap before
{Heap before GC invocations=1 (full 0):
 PSYoungGen      total 38400K, used 33253K [0x0000000795580000, 0x0000000798000000, 0x00000007c0000000)
  eden space 33280K, 99% used [0x0000000795580000,0x00000007975f9530,0x0000000797600000)
  from space 5120K, 0% used [0x0000000797b00000,0x0000000797b00000,0x0000000798000000)
  to   space 5120K, 0% used [0x0000000797600000,0x0000000797600000,0x0000000797b00000)
 ParOldGen       total 87552K, used 0K [0x0000000740000000, 0x0000000745580000, 0x0000000795580000)
  object space 87552K, 0% used [0x0000000740000000,0x0000000740000000,0x0000000745580000)
 Metaspace       used 5254K, capacity 5504K, committed 5760K, reserved 1056768K
  class space    used 594K, capacity 628K, committed 640K, reserved 1048576K
Event: 1.413 GC heap after
Heap after GC invocations=1 (full 0):
 PSYoungGen      total 38400K, used 2811K [0x0000000795580000, 0x000000079a080000, 0x00000007c0000000)
  eden space 33280K, 0% used [0x0000000795580000,0x0000000795580000,0x0000000797600000)
  from space 5120K, 54% used [0x0000000797600000,0x00000007978bef58,0x0000000797b00000)
  to   space 5120K, 0% used [0x0000000799b80000,0x0000000799b80000,0x000000079a080000)
 ParOldGen       total 87552K, used 8K [0x0000000740000000, 0x0000000745580000, 0x0000000795580000)
  object space 87552K, 0% used [0x0000000740000000,0x0000000740002000,0x0000000745580000)
 Metaspace       used 5254K, capacity 5504K, committed 5760K, reserved 1056768K
  class space    used 594K, capacity 628K, committed 640K, reserved 1048576K
}
Event: 2.584 GC heap before
{Heap before GC invocations=2 (full 0):
 PSYoungGen      total 38400K, used 36091K [0x0000000795580000, 0x000000079a080000, 0x00000007c0000000)
  eden space 33280K, 100% used [0x0000000795580000,0x0000000797600000,0x0000000797600000)
  from space 5120K, 54% used [0x0000000797600000,0x00000007978bef58,0x0000000797b00000)
  to   space 5120K, 0% used [0x0000000799b80000,0x0000000799b80000,0x000000079a080000)
 ParOldGen       total 87552K, used 8K [0x0000000740000000, 0x0000000745580000, 0x0000000795580000)
  object space 87552K, 0% used [0x0000000740000000,0x0000000740002000,0x0000000745580000)
 Metaspace       used 8953K, capacity 9190K, committed 9344K, reserved 1056768K
  class space    used 1072K, capacity 1151K, committed 1152K, reserved 1048576K
Event: 2.600 GC heap after
Heap after GC invocations=2 (full 0):
 PSYoungGen      total 71680K, used 4034K [0x0000000795580000, 0x000000079a080000, 0x00000007c0000000)
  eden space 66560K, 0% used [0x0000000795580000,0x0000000795580000,0x0000000799680000)
  from space 5120K, 78% used [0x0000000799b80000,0x0000000799f70a00,0x000000079a080000)
  to   space 5120K, 0% used [0x0000000799680000,0x0000000799680000,0x0000000799b80000)
 ParOldGen       total 87552K, used 16K [0x0000000740000000, 0x0000000745580000, 0x0000000795580000)
  object space 87552K, 0% used [0x0000000740000000,0x0000000740004000,0x0000000745580000)
 Metaspace       used 8953K, capacity 9190K, committed 9344K, reserved 1056768K
  class space    used 1072K, capacity 1151K, committed 1152K, reserved 1048576K
}
Event: 4.533 GC heap before
{Heap before GC invocations=3 (full 0):
 PSYoungGen      total 71680K, used 70594K [0x0000000795580000, 0x000000079a080000, 0x00000007c0000000)
  eden space 66560K, 100% used [0x0000000795580000,0x0000000799680000,0x0000000799680000)
  from space 5120K, 78% used [0x0000000799b80000,0x0000000799f70a00,0x000000079a080000)
  to   space 5120K, 0% used [0x0000000799680000,0x0000000799680000,0x0000000799b80000)
 ParOldGen       total 87552K, used 16K [0x0000000740000000, 0x0000000745580000, 0x0000000795580000)
  object space 87552K, 0% used [0x0000000740000000,0x0000000740004000,0x0000000745580000)
 Metaspace       used 18089K, capacity 18352K, committed 18432K, reserved 1064960K
  class space    used 2196K, capacity 2262K, committed 2304K, reserved 1048576K
Event: 4.559 GC heap after
Heap after GC invocations=3 (full 0):
 PSYoungGen      total 71680K, used 5089K [0x0000000795580000, 0x000000079e180000, 0x00000007c0000000)
  eden space 66560K, 0% used [0x0000000795580000,0x0000000795580000,0x0000000799680000)
  from space 5120K, 99% used [0x0000000799680000,0x0000000799b787f8,0x0000000799b80000)
  to   space 5120K, 0% used [0x000000079dc80000,0x000000079dc80000,0x000000079e180000)
 ParOldGen       total 87552K, used 5777K [0x0000000740000000, 0x0000000745580000, 0x0000000795580000)
  object space 87552K, 6% used [0x0000000740000000,0x00000007405a4650,0x0000000745580000)
 Metaspace       used 18089K, capacity 18352K, committed 18432K, reserved 1064960K
  class space    used 2196K, capacity 2262K, committed 2304K, reserved 1048576K
}
Event: 5.653 GC heap before
{Heap before GC invocations=4 (full 0):
 PSYoungGen      total 71680K, used 46526K [0x0000000795580000, 0x000000079e180000, 0x00000007c0000000)
  eden space 66560K, 62% used [0x0000000795580000,0x0000000797df7178,0x0000000799680000)
  from space 5120K, 99% used [0x0000000799680000,0x0000000799b787f8,0x0000000799b80000)
  to   space 5120K, 0% used [0x000000079dc80000,0x000000079dc80000,0x000000079e180000)
 ParOldGen       total 87552K, used 5777K [0x0000000740000000, 0x0000000745580000, 0x0000000795580000)
  object space 87552K, 6% used [0x0000000740000000,0x00000007405a4650,0x0000000745580000)
 Metaspace       used 20907K, capacity 21150K, committed 21296K, reserved 1069056K
  class space    used 2576K, capacity 2662K, committed 2688K, reserved 1048576K
Event: 5.667 GC heap after
Heap after GC invocations=4 (full 0):
 PSYoungGen      total 138240K, used 5100K [0x0000000795580000, 0x000000079e180000, 0x00000007c0000000)
  eden space 133120K, 0% used [0x0000000795580000,0x0000000795580000,0x000000079d780000)
  from space 5120K, 99% used [0x000000079dc80000,0x000000079e17b2f8,0x000000079e180000)
  to   space 5120K, 0% used [0x000000079d780000,0x000000079d780000,0x000000079dc80000)
 ParOldGen       total 87552K, used 8238K [0x0000000740000000, 0x0000000745580000, 0x0000000795580000)
  object space 87552K, 9% used [0x0000000740000000,0x000000074080b960,0x0000000745580000)
 Metaspace       used 20907K, capacity 21150K, committed 21296K, reserved 1069056K
  class space    used 2576K, capacity 2662K, committed 2688K, reserved 1048576K
}
Event: 5.667 GC heap before
{Heap before GC invocations=5 (full 1):
 PSYoungGen      total 138240K, used 5100K [0x0000000795580000, 0x000000079e180000, 0x00000007c0000000)
  eden space 133120K, 0% used [0x0000000795580000,0x0000000795580000,0x000000079d780000)
  from space 5120K, 99% used [0x000000079dc80000,0x000000079e17b2f8,0x000000079e180000)
  to   space 5120K, 0% used [0x000000079d780000,0x000000079d780000,0x000000079dc80000)
 ParOldGen       total 87552K, used 8238K [0x0000000740000000, 0x0000000745580000, 0x0000000795580000)
  object space 87552K, 9% used [0x0000000740000000,0x000000074080b960,0x0000000745580000)
 Metaspace       used 20907K, capacity 21150K, committed 21296K, reserved 1069056K
  class space    used 2576K, capacity 2662K, committed 2688K, reserved 1048576K
Event: 5.721 GC heap after
Heap after GC invocations=5 (full 1):
 PSYoungGen      total 138240K, used 0K [0x0000000795580000, 0x000000079e180000, 0x00000007c0000000)
  eden space 133120K, 0% used [0x0000000795580000,0x0000000795580000,0x000000079d780000)
  from space 5120K, 0% used [0x000000079dc80000,0x000000079dc80000,0x000000079e180000)
  to   space 5120K, 0% used [0x000000079d780000,0x000000079d780000,0x000000079dc80000)
 ParOldGen       total 60416K, used 7502K [0x0000000740000000, 0x0000000743b00000, 0x0000000795580000)
  object space 60416K, 12% used [0x0000000740000000,0x0000000740753948,0x0000000743b00000)
 Metaspace       used 20907K, capacity 21150K, committed 21296K, reserved 1069056K
  class space    used 2576K, capacity 2662K, committed 2688K, reserved 1048576K
}

Deoptimization events (10 events):
Event: 4.617 Thread 0x00007f9d60a00000 Uncommon trap: reason=unstable_if action=reinterpret pc=0x0000000103983bfc method=java.util.regex.Pattern$BmpCharProperty.match(Ljava/util/regex/Matcher;ILjava/lang/CharSequence;)Z @ 5
Event: 4.746 Thread 0x00007f9d6100e800 Uncommon trap: reason=bimorphic action=maybe_recompile pc=0x0000000103a18e20 method=java.util.HashMap.putVal(ILjava/lang/Object;Ljava/lang/Object;ZZ)Ljava/lang/Object; @ 203
Event: 4.793 Thread 0x00007f9d6100e800 Uncommon trap: reason=unstable_if action=reinterpret pc=0x0000000103a15bf0 method=java.lang.ThreadLocal$ThreadLocalMap.getEntry(Ljava/lang/ThreadLocal;)Ljava/lang/ThreadLocal$ThreadLocalMap$Entry; @ 29
Event: 4.863 Thread 0x00007f9d6100e800 Uncommon trap: reason=unstable_if action=reinterpret pc=0x0000000103a157f8 method=java.lang.ThreadLocal$ThreadLocalMap.getEntry(Ljava/lang/ThreadLocal;)Ljava/lang/ThreadLocal$ThreadLocalMap$Entry; @ 29
Event: 4.922 Thread 0x00007f9d60a00000 Uncommon trap: reason=unstable_if action=reinterpret pc=0x0000000103a0b970 method=java.util.HashMap.hash(Ljava/lang/Object;)I @ 1
Event: 4.922 Thread 0x00007f9d60a00000 Uncommon trap: reason=unstable_if action=reinterpret pc=0x00000001038e3168 method=java.util.HashMap.hash(Ljava/lang/Object;)I @ 1
Event: 5.389 Thread 0x00007f9d6100e800 Uncommon trap: reason=unstable_if action=reinterpret pc=0x000000010384b00c method=java.lang.AbstractStringBuilder.append(Ljava/lang/String;)Ljava/lang/AbstractStringBuilder; @ 1
Event: 5.392 Thread 0x00007f9d6100e800 Uncommon trap: reason=unstable_if action=reinterpret pc=0x0000000103839744 method=java.lang.AbstractStringBuilder.append(Ljava/lang/String;)Ljava/lang/AbstractStringBuilder; @ 1
Event: 5.418 Thread 0x00007f9d6100e800 Uncommon trap: reason=unstable_if action=reinterpret pc=0x0000000103bcb2a4 method=java.lang.reflect.Method.equals(Ljava/lang/Object;)Z @ 1
Event: 5.837 Thread 0x00007f9d6100e800 Uncommon trap: reason=unstable_if action=reinterpret pc=0x0000000103c3c334 method=org.springframework.util.ConcurrentReferenceHashMap$Segment.clear()V @ 4

Internal exceptions (10 events):
Event: 5.438 Thread 0x00007f9d6100e800 Exception <a 'java/lang/ClassNotFoundException': java/lang/ObjectCustomizer> (0x0000000797a1d8d0) thrown at [/Users/java_re/workspace/8-2-build-macosx-x86_64/jdk8u121/8372/hotspot/src/share/vm/classfile/systemDictionary.cpp, line 210]
Event: 5.439 Thread 0x00007f9d6100e800 Exception <a 'java/lang/ClassNotFoundException': org/springframework/cloud/bootstrap/config/PropertySourceBootstrapPropertiesCustomizer> (0x0000000797a51990) thrown at [/Users/java_re/workspace/8-2-build-macosx-x86_64/jdk8u121/8372/hotspot/src/share/vm/cl
Event: 5.538 Thread 0x00007f9d6100e800 Exception <a 'java/lang/ClassNotFoundException': java/lang/ObjectCustomizer> (0x0000000797b2c7c8) thrown at [/Users/java_re/workspace/8-2-build-macosx-x86_64/jdk8u121/8372/hotspot/src/share/vm/classfile/systemDictionary.cpp, line 210]
Event: 5.538 Thread 0x00007f9d6100e800 Exception <a 'java/lang/ClassNotFoundException': org/springframework/cloud/bootstrap/encrypt/EnvironmentDecryptApplicationInitializerCustomizer> (0x0000000797b63e18) thrown at [/Users/java_re/workspace/8-2-build-macosx-x86_64/jdk8u121/8372/hotspot/src/sha
Event: 5.539 Thread 0x00007f9d6100e800 Exception <a 'java/lang/ClassNotFoundException': org/springframework/context/ApplicationContextInitializerCustomizer> (0x0000000797b96b18) thrown at [/Users/java_re/workspace/8-2-build-macosx-x86_64/jdk8u121/8372/hotspot/src/share/vm/classfile/systemDicti
Event: 5.557 Thread 0x00007f9d6100e800 Exception <a 'java/lang/ClassNotFoundException': org/springframework/core/OrderedCustomizer> (0x0000000797bb4478) thrown at [/Users/java_re/workspace/8-2-build-macosx-x86_64/jdk8u121/8372/hotspot/src/share/vm/classfile/systemDictionary.cpp, line 210]
Event: 5.621 Thread 0x00007f9d6100e800 Exception <a 'java/lang/ClassNotFoundException': java/lang/ObjectCustomizer> (0x0000000797c228e8) thrown at [/Users/java_re/workspace/8-2-build-macosx-x86_64/jdk8u121/8372/hotspot/src/share/vm/classfile/systemDictionary.cpp, line 210]
Event: 5.625 Thread 0x00007f9d6100e800 Exception <a 'java/lang/ClassNotFoundException': org/springframework/cloud/context/properties/ConfigurationPropertiesRebinderCustomizer> (0x0000000797c56988) thrown at [/Users/java_re/workspace/8-2-build-macosx-x86_64/jdk8u121/8372/hotspot/src/share/vm/cl
Event: 5.627 Thread 0x00007f9d6100e800 Exception <a 'java/lang/ClassNotFoundException': org/springframework/context/ApplicationContextAwareCustomizer> (0x0000000797c8ac80) thrown at [/Users/java_re/workspace/8-2-build-macosx-x86_64/jdk8u121/8372/hotspot/src/share/vm/classfile/systemDictionary.
Event: 5.627 Thread 0x00007f9d6100e800 Exception <a 'java/lang/ClassNotFoundException': org/springframework/context/ApplicationListenerCustomizer> (0x0000000797caf9d0) thrown at [/Users/java_re/workspace/8-2-build-macosx-x86_64/jdk8u121/8372/hotspot/src/share/vm/classfile/systemDictionary.cpp,

Events (10 events):
Event: 5.847 loading class org/springframework/util/StopWatch$TaskInfo
Event: 5.847 loading class org/springframework/util/StopWatch$TaskInfo done
Event: 5.848 loading class org/springframework/cloud/bootstrap/BootstrapApplicationListener$AncestorInitializer
Event: 5.848 loading class org/springframework/cloud/bootstrap/BootstrapApplicationListener$AncestorInitializer done
Event: 5.863 loading class org/springframework/cloud/bootstrap/BootstrapApplicationListener$DelegatingEnvironmentDecryptApplicationInitializer
Event: 5.863 loading class org/springframework/cloud/bootstrap/BootstrapApplicationListener$DelegatingEnvironmentDecryptApplicationInitializer done
Event: 5.890 Thread 0x00007f9d60391800 Thread added: 0x00007f9d60391800
Event: 5.904 Executing VM operation: RevokeBias
Event: 5.904 Executing VM operation: RevokeBias done
Event: 5.904 Thread 0x00007f9d60391800 Thread exited: 0x00007f9d60391800


Dynamic libraries:
0x000000000988d000 	/System/Library/Frameworks/Cocoa.framework/Versions/A/Cocoa
0x000000000988d000 	/System/Library/Frameworks/Security.framework/Versions/A/Security
0x000000000988d000 	/System/Library/Frameworks/ApplicationServices.framework/Versions/A/ApplicationServices
0x000000000988d000 	/usr/lib/libz.1.dylib
0x000000000988d000 	/usr/lib/libSystem.B.dylib
0x000000000988d000 	/usr/lib/libobjc.A.dylib
0x000000000988d000 	/System/Library/Frameworks/CoreFoundation.framework/Versions/A/CoreFoundation
0x000000000988d000 	/System/Library/Frameworks/Foundation.framework/Versions/C/Foundation
0x000000000988d000 	/System/Library/Frameworks/AppKit.framework/Versions/C/AppKit
0x000000000988d000 	/System/Library/Frameworks/CoreData.framework/Versions/A/CoreData
0x000000000988d000 	/System/Library/PrivateFrameworks/RemoteViewServices.framework/Versions/A/RemoteViewServices
0x000000000988d000 	/System/Library/PrivateFrameworks/UIFoundation.framework/Versions/A/UIFoundation
0x000000000988d000 	/System/Library/PrivateFrameworks/DFRFoundation.framework/Versions/A/DFRFoundation
0x000000000988d000 	/System/Library/Frameworks/Metal.framework/Versions/A/Metal
0x000000000988d000 	/System/Library/PrivateFrameworks/DesktopServicesPriv.framework/Versions/A/DesktopServicesPriv
0x000000000988d000 	/usr/lib/libenergytrace.dylib
0x000000000988d000 	/System/Library/PrivateFrameworks/SkyLight.framework/Versions/A/SkyLight
0x000000000988d000 	/System/Library/Frameworks/CoreGraphics.framework/Versions/A/CoreGraphics
0x000000000988d000 	/usr/lib/libScreenReader.dylib
0x000000000988d000 	/System/Library/Frameworks/Accelerate.framework/Versions/A/Accelerate
0x000000000988d000 	/System/Library/Frameworks/IOSurface.framework/Versions/A/IOSurface
0x000000000988d000 	/System/Library/Frameworks/AudioToolbox.framework/Versions/A/AudioToolbox
0x000000000988d000 	/System/Library/Frameworks/AudioUnit.framework/Versions/A/AudioUnit
0x000000000988d000 	/System/Library/PrivateFrameworks/DataDetectorsCore.framework/Versions/A/DataDetectorsCore
0x000000000988d000 	/System/Library/Frameworks/Carbon.framework/Versions/A/Frameworks/HIToolbox.framework/Versions/A/HIToolbox
0x000000000988d000 	/usr/lib/libicucore.A.dylib
0x000000000988d000 	/System/Library/Frameworks/QuartzCore.framework/Versions/A/QuartzCore
0x000000000988d000 	/System/Library/PrivateFrameworks/SignpostNotification.framework/Versions/A/SignpostNotification
0x000000000988d000 	/System/Library/Frameworks/Carbon.framework/Versions/A/Frameworks/SpeechRecognition.framework/Versions/A/SpeechRecognition
0x000000000988d000 	/usr/lib/libauto.dylib
0x000000000988d000 	/usr/lib/libxml2.2.dylib
0x000000000988d000 	/System/Library/PrivateFrameworks/CoreUI.framework/Versions/A/CoreUI
0x000000000988d000 	/System/Library/Frameworks/CoreAudio.framework/Versions/A/CoreAudio
0x000000000988d000 	/System/Library/Frameworks/DiskArbitration.framework/Versions/A/DiskArbitration
0x000000000988d000 	/usr/lib/liblangid.dylib
0x000000000988d000 	/System/Library/PrivateFrameworks/MultitouchSupport.framework/Versions/A/MultitouchSupport
0x000000000988d000 	/System/Library/Frameworks/IOKit.framework/Versions/A/IOKit
0x000000000988d000 	/usr/lib/libDiagnosticMessagesClient.dylib
0x000000000988d000 	/System/Library/Frameworks/CoreServices.framework/Versions/A/CoreServices
0x000000000988d000 	/System/Library/PrivateFrameworks/PerformanceAnalysis.framework/Versions/A/PerformanceAnalysis
0x000000000988d000 	/System/Library/Frameworks/OpenGL.framework/Versions/A/OpenGL
0x000000000988d000 	/System/Library/Frameworks/ColorSync.framework/Versions/A/ColorSync
0x000000000988d000 	/System/Library/Frameworks/CoreImage.framework/Versions/A/CoreImage
0x000000000988d000 	/System/Library/Frameworks/CoreText.framework/Versions/A/CoreText
0x000000000988d000 	/System/Library/Frameworks/ImageIO.framework/Versions/A/ImageIO
0x000000000988d000 	/System/Library/PrivateFrameworks/Backup.framework/Versions/A/Backup
0x000000000988d000 	/usr/lib/libarchive.2.dylib
0x000000000988d000 	/System/Library/Frameworks/CFNetwork.framework/Versions/A/CFNetwork
0x000000000988d000 	/System/Library/Frameworks/SystemConfiguration.framework/Versions/A/SystemConfiguration
0x000000000988d000 	/usr/lib/libCRFSuite.dylib
0x000000000988d000 	/usr/lib/libc++.1.dylib
0x000000000988d000 	/usr/lib/libc++abi.dylib
0x000000000988d000 	/usr/lib/system/libcache.dylib
0x000000000988d000 	/usr/lib/system/libcommonCrypto.dylib
0x000000000988d000 	/usr/lib/system/libcompiler_rt.dylib
0x000000000988d000 	/usr/lib/system/libcopyfile.dylib
0x000000000988d000 	/usr/lib/system/libcorecrypto.dylib
0x000000000988d000 	/usr/lib/system/libdispatch.dylib
0x000000000988d000 	/usr/lib/system/libdyld.dylib
0x000000000988d000 	/usr/lib/system/libkeymgr.dylib
0x000000000988d000 	/usr/lib/system/liblaunch.dylib
0x000000000988d000 	/usr/lib/system/libmacho.dylib
0x000000000988d000 	/usr/lib/system/libquarantine.dylib
0x000000000988d000 	/usr/lib/system/libremovefile.dylib
0x000000000988d000 	/usr/lib/system/libsystem_asl.dylib
0x000000000988d000 	/usr/lib/system/libsystem_blocks.dylib
0x000000000988d000 	/usr/lib/system/libsystem_c.dylib
0x000000000988d000 	/usr/lib/system/libsystem_configuration.dylib
0x000000000988d000 	/usr/lib/system/libsystem_coreservices.dylib
0x000000000988d000 	/usr/lib/system/libsystem_darwin.dylib
0x000000000988d000 	/usr/lib/system/libsystem_dnssd.dylib
0x000000000988d000 	/usr/lib/system/libsystem_info.dylib
0x000000000988d000 	/usr/lib/system/libsystem_m.dylib
0x000000000988d000 	/usr/lib/system/libsystem_malloc.dylib
0x000000000988d000 	/usr/lib/system/libsystem_network.dylib
0x000000000988d000 	/usr/lib/system/libsystem_networkextension.dylib
0x000000000988d000 	/usr/lib/system/libsystem_notify.dylib
0x000000000988d000 	/usr/lib/system/libsystem_sandbox.dylib
0x000000000988d000 	/usr/lib/system/libsystem_secinit.dylib
0x000000000988d000 	/usr/lib/system/libsystem_kernel.dylib
0x000000000988d000 	/usr/lib/system/libsystem_platform.dylib
0x000000000988d000 	/usr/lib/system/libsystem_pthread.dylib
0x000000000988d000 	/usr/lib/system/libsystem_symptoms.dylib
0x000000000988d000 	/usr/lib/system/libsystem_trace.dylib
0x000000000988d000 	/usr/lib/system/libunwind.dylib
0x000000000988d000 	/usr/lib/system/libxpc.dylib
0x000000000988d000 	/usr/lib/closure/libclosured.dylib
0x000000000988d000 	/usr/lib/libbsm.0.dylib
0x000000000988d000 	/usr/lib/system/libkxld.dylib
0x000000000988d000 	/usr/lib/libOpenScriptingUtil.dylib
0x000000000988d000 	/usr/lib/libcoretls.dylib
0x000000000988d000 	/usr/lib/libcoretls_cfhelpers.dylib
0x000000000988d000 	/usr/lib/libpam.2.dylib
0x000000000988d000 	/usr/lib/libsqlite3.dylib
0x000000000988d000 	/usr/lib/libxar.1.dylib
0x000000000988d000 	/usr/lib/libbz2.1.0.dylib
0x000000000988d000 	/usr/lib/liblzma.5.dylib
0x000000000988d000 	/usr/lib/libnetwork.dylib
0x000000000988d000 	/usr/lib/libapple_nghttp2.dylib
0x000000000988d000 	/usr/lib/libpcap.A.dylib
0x000000000988d000 	/usr/lib/libboringssl.dylib
0x000000000988d000 	/usr/lib/libusrtcp.dylib
0x000000000988d000 	/usr/lib/libapple_crypto.dylib
0x000000000988d000 	/System/Library/Frameworks/CoreServices.framework/Versions/A/Frameworks/FSEvents.framework/Versions/A/FSEvents
0x000000000988d000 	/System/Library/Frameworks/CoreServices.framework/Versions/A/Frameworks/CarbonCore.framework/Versions/A/CarbonCore
0x000000000988d000 	/System/Library/Frameworks/CoreServices.framework/Versions/A/Frameworks/Metadata.framework/Versions/A/Metadata
0x000000000988d000 	/System/Library/Frameworks/CoreServices.framework/Versions/A/Frameworks/OSServices.framework/Versions/A/OSServices
0x000000000988d000 	/System/Library/Frameworks/CoreServices.framework/Versions/A/Frameworks/SearchKit.framework/Versions/A/SearchKit
0x000000000988d000 	/System/Library/Frameworks/CoreServices.framework/Versions/A/Frameworks/AE.framework/Versions/A/AE
0x000000000988d000 	/System/Library/Frameworks/CoreServices.framework/Versions/A/Frameworks/LaunchServices.framework/Versions/A/LaunchServices
0x000000000988d000 	/System/Library/Frameworks/CoreServices.framework/Versions/A/Frameworks/DictionaryServices.framework/Versions/A/DictionaryServices
0x000000000988d000 	/System/Library/Frameworks/CoreServices.framework/Versions/A/Frameworks/SharedFileList.framework/Versions/A/SharedFileList
0x000000000988d000 	/System/Library/Frameworks/NetFS.framework/Versions/A/NetFS
0x000000000988d000 	/System/Library/PrivateFrameworks/NetAuth.framework/Versions/A/NetAuth
0x000000000988d000 	/System/Library/PrivateFrameworks/login.framework/Versions/A/Frameworks/loginsupport.framework/Versions/A/loginsupport
0x000000000988d000 	/System/Library/PrivateFrameworks/TCC.framework/Versions/A/TCC
0x000000000988d000 	/usr/lib/libmecabra.dylib
0x000000000988d000 	/System/Library/Frameworks/ApplicationServices.framework/Versions/A/Frameworks/ATS.framework/Versions/A/ATS
0x000000000988d000 	/System/Library/Frameworks/ApplicationServices.framework/Versions/A/Frameworks/ColorSyncLegacy.framework/Versions/A/ColorSyncLegacy
0x000000000988d000 	/System/Library/Frameworks/ApplicationServices.framework/Versions/A/Frameworks/HIServices.framework/Versions/A/HIServices
0x000000000988d000 	/System/Library/Frameworks/ApplicationServices.framework/Versions/A/Frameworks/LangAnalysis.framework/Versions/A/LangAnalysis
0x000000000988d000 	/System/Library/Frameworks/ApplicationServices.framework/Versions/A/Frameworks/PrintCore.framework/Versions/A/PrintCore
0x000000000988d000 	/System/Library/Frameworks/ApplicationServices.framework/Versions/A/Frameworks/QD.framework/Versions/A/QD
0x000000000988d000 	/System/Library/Frameworks/ApplicationServices.framework/Versions/A/Frameworks/SpeechSynthesis.framework/Versions/A/SpeechSynthesis
0x000000000988d000 	/System/Library/Frameworks/CoreDisplay.framework/Versions/A/CoreDisplay
0x000000000988d000 	/System/Library/Frameworks/Accelerate.framework/Versions/A/Frameworks/vImage.framework/Versions/A/vImage
0x000000000988d000 	/System/Library/Frameworks/Accelerate.framework/Versions/A/Frameworks/vecLib.framework/Versions/A/vecLib
0x000000000988d000 	/System/Library/Frameworks/Accelerate.framework/Versions/A/Frameworks/vecLib.framework/Versions/A/libvDSP.dylib
0x000000000988d000 	/System/Library/Frameworks/Accelerate.framework/Versions/A/Frameworks/vecLib.framework/Versions/A/libBNNS.dylib
0x000000000988d000 	/System/Library/Frameworks/Accelerate.framework/Versions/A/Frameworks/vecLib.framework/Versions/A/libQuadrature.dylib
0x000000000988d000 	/System/Library/Frameworks/Accelerate.framework/Versions/A/Frameworks/vecLib.framework/Versions/A/libvMisc.dylib
0x000000000988d000 	/System/Library/Frameworks/Accelerate.framework/Versions/A/Frameworks/vecLib.framework/Versions/A/libLAPACK.dylib
0x000000000988d000 	/System/Library/Frameworks/Accelerate.framework/Versions/A/Frameworks/vecLib.framework/Versions/A/libBLAS.dylib
0x000000000988d000 	/System/Library/Frameworks/Accelerate.framework/Versions/A/Frameworks/vecLib.framework/Versions/A/libLinearAlgebra.dylib
0x000000000988d000 	/System/Library/Frameworks/Accelerate.framework/Versions/A/Frameworks/vecLib.framework/Versions/A/libSparse.dylib
0x000000000988d000 	/System/Library/Frameworks/Accelerate.framework/Versions/A/Frameworks/vecLib.framework/Versions/A/libSparseBLAS.dylib
0x000000000988d000 	/System/Library/PrivateFrameworks/GPUWrangler.framework/Versions/A/GPUWrangler
0x000000000988d000 	/System/Library/PrivateFrameworks/IOAccelerator.framework/Versions/A/IOAccelerator
0x000000000988d000 	/System/Library/PrivateFrameworks/IOPresentment.framework/Versions/A/IOPresentment
0x000000000988d000 	/System/Library/PrivateFrameworks/DSExternalDisplay.framework/Versions/A/DSExternalDisplay
0x000000000988d000 	/System/Library/Frameworks/OpenGL.framework/Versions/A/Libraries/libCoreFSCache.dylib
0x000000000988d000 	/System/Library/Frameworks/CoreVideo.framework/Versions/A/CoreVideo
0x000000000988d000 	/System/Library/PrivateFrameworks/GraphVisualizer.framework/Versions/A/GraphVisualizer
0x000000000988d000 	/System/Library/Frameworks/MetalPerformanceShaders.framework/Versions/A/MetalPerformanceShaders
0x000000000988d000 	/usr/lib/libFosl_dynamic.dylib
0x000000000988d000 	/System/Library/PrivateFrameworks/FaceCore.framework/Versions/A/FaceCore
0x000000000988d000 	/System/Library/Frameworks/OpenCL.framework/Versions/A/OpenCL
0x000000000988d000 	/usr/lib/libcompression.dylib
0x000000000988d000 	/System/Library/Frameworks/ApplicationServices.framework/Versions/A/Frameworks/ATS.framework/Versions/A/Resources/libFontParser.dylib
0x000000000988d000 	/System/Library/Frameworks/ApplicationServices.framework/Versions/A/Frameworks/ATS.framework/Versions/A/Resources/libFontRegistry.dylib
0x000000000988d000 	/System/Library/Frameworks/ImageIO.framework/Versions/A/Resources/libJPEG.dylib
0x000000000988d000 	/System/Library/Frameworks/ImageIO.framework/Versions/A/Resources/libTIFF.dylib
0x000000000988d000 	/System/Library/Frameworks/ImageIO.framework/Versions/A/Resources/libPng.dylib
0x000000000988d000 	/System/Library/Frameworks/ImageIO.framework/Versions/A/Resources/libGIF.dylib
0x000000000988d000 	/System/Library/Frameworks/ImageIO.framework/Versions/A/Resources/libJP2.dylib
0x000000000988d000 	/System/Library/Frameworks/ImageIO.framework/Versions/A/Resources/libRadiance.dylib
0x000000000988d000 	/System/Library/PrivateFrameworks/AppleJPEG.framework/Versions/A/AppleJPEG
0x000000000988d000 	/System/Library/Frameworks/MetalPerformanceShaders.framework/Frameworks/MPSCore.framework/Versions/A/MPSCore
0x000000000988d000 	/System/Library/Frameworks/MetalPerformanceShaders.framework/Frameworks/MPSImage.framework/Versions/A/MPSImage
0x000000000988d000 	/System/Library/Frameworks/MetalPerformanceShaders.framework/Frameworks/MPSNeuralNetwork.framework/Versions/A/MPSNeuralNetwork
0x000000000988d000 	/System/Library/Frameworks/MetalPerformanceShaders.framework/Frameworks/MPSMatrix.framework/Versions/A/MPSMatrix
0x000000000988d000 	/System/Library/PrivateFrameworks/MetalTools.framework/Versions/A/MetalTools
0x000000000988d000 	/System/Library/Frameworks/OpenGL.framework/Versions/A/Libraries/libGLU.dylib
0x000000000988d000 	/System/Library/Frameworks/OpenGL.framework/Versions/A/Libraries/libGFXShared.dylib
0x000000000988d000 	/System/Library/Frameworks/OpenGL.framework/Versions/A/Libraries/libGL.dylib
0x000000000988d000 	/System/Library/Frameworks/OpenGL.framework/Versions/A/Libraries/libGLImage.dylib
0x000000000988d000 	/System/Library/Frameworks/OpenGL.framework/Versions/A/Libraries/libCVMSPluginSupport.dylib
0x000000000988d000 	/System/Library/Frameworks/OpenGL.framework/Versions/A/Libraries/libCoreVMClient.dylib
0x000000000988d000 	/usr/lib/libcups.2.dylib
0x000000000988d000 	/System/Library/Frameworks/Kerberos.framework/Versions/A/Kerberos
0x000000000988d000 	/System/Library/Frameworks/GSS.framework/Versions/A/GSS
0x000000000988d000 	/usr/lib/libresolv.9.dylib
0x000000000988d000 	/usr/lib/libiconv.2.dylib
0x000000000988d000 	/System/Library/PrivateFrameworks/Heimdal.framework/Versions/A/Heimdal
0x000000000988d000 	/usr/lib/libheimdal-asn1.dylib
0x000000000988d000 	/System/Library/Frameworks/OpenDirectory.framework/Versions/A/OpenDirectory
0x000000000988d000 	/System/Library/PrivateFrameworks/CommonAuth.framework/Versions/A/CommonAuth
0x000000000988d000 	/System/Library/Frameworks/OpenDirectory.framework/Versions/A/Frameworks/CFOpenDirectory.framework/Versions/A/CFOpenDirectory
0x000000000988d000 	/System/Library/Frameworks/SecurityFoundation.framework/Versions/A/SecurityFoundation
0x000000000988d000 	/System/Library/PrivateFrameworks/APFS.framework/Versions/A/APFS
0x000000000988d000 	/usr/lib/libutil.dylib
0x000000000988d000 	/System/Library/PrivateFrameworks/AppleSauce.framework/Versions/A/AppleSauce
0x000000000988d000 	/System/Library/PrivateFrameworks/LinguisticData.framework/Versions/A/LinguisticData
0x000000000988d000 	/usr/lib/libmarisa.dylib
0x000000000988d000 	/System/Library/PrivateFrameworks/Lexicon.framework/Versions/A/Lexicon
0x000000000988d000 	/usr/lib/libChineseTokenizer.dylib
0x000000000988d000 	/usr/lib/libcmph.dylib
0x000000000988d000 	/System/Library/PrivateFrameworks/LanguageModeling.framework/Versions/A/LanguageModeling
0x000000000988d000 	/System/Library/PrivateFrameworks/CoreEmoji.framework/Versions/A/CoreEmoji
0x000000000988d000 	/System/Library/Frameworks/ServiceManagement.framework/Versions/A/ServiceManagement
0x000000000988d000 	/System/Library/PrivateFrameworks/BackgroundTaskManagement.framework/Versions/A/BackgroundTaskManagement
0x000000000988d000 	/usr/lib/libxslt.1.dylib
0x000000000988d000 	/System/Library/Frameworks/Carbon.framework/Versions/A/Frameworks/Ink.framework/Versions/A/Ink
0x000000000988d000 	/System/Library/PrivateFrameworks/TextureIO.framework/Versions/A/TextureIO
0x000000000988d000 	/usr/lib/libate.dylib
0x000000000988d000 	/System/Library/PrivateFrameworks/CrashReporterSupport.framework/Versions/A/CrashReporterSupport
0x000000000988d000 	/System/Library/PrivateFrameworks/Sharing.framework/Versions/A/Sharing
0x000000000988d000 	/System/Library/PrivateFrameworks/IconServices.framework/Versions/A/IconServices
0x000000000988d000 	/System/Library/PrivateFrameworks/AuthKit.framework/Versions/A/AuthKit
0x000000000988d000 	/System/Library/PrivateFrameworks/Apple80211.framework/Versions/A/Apple80211
0x000000000988d000 	/System/Library/PrivateFrameworks/CoreUtils.framework/Versions/A/CoreUtils
0x000000000988d000 	/System/Library/Frameworks/CoreWLAN.framework/Versions/A/CoreWLAN
0x000000000988d000 	/System/Library/Frameworks/IOBluetooth.framework/Versions/A/IOBluetooth
0x000000000988d000 	/System/Library/PrivateFrameworks/ProtocolBuffer.framework/Versions/A/ProtocolBuffer
0x000000000988d000 	/System/Library/PrivateFrameworks/MobileKeyBag.framework/Versions/A/MobileKeyBag
0x000000000988d000 	/System/Library/PrivateFrameworks/CorePhoneNumbers.framework/Versions/A/CorePhoneNumbers
0x000000000988d000 	/System/Library/PrivateFrameworks/AppleIDAuthSupport.framework/Versions/A/AppleIDAuthSupport
0x000000000988d000 	/System/Library/PrivateFrameworks/KeychainCircle.framework/Versions/A/KeychainCircle
0x000000000988d000 	/System/Library/PrivateFrameworks/CoreWiFi.framework/Versions/A/CoreWiFi
0x000000000988d000 	/System/Library/Frameworks/CoreBluetooth.framework/Versions/A/CoreBluetooth
0x000000000988d000 	/System/Library/PrivateFrameworks/DebugSymbols.framework/Versions/A/DebugSymbols
0x000000000988d000 	/System/Library/PrivateFrameworks/CoreSymbolication.framework/Versions/A/CoreSymbolication
0x000000000988d000 	/System/Library/PrivateFrameworks/Symbolication.framework/Versions/A/Symbolication
0x000000000988d000 	/System/Library/PrivateFrameworks/AppleFSCompression.framework/Versions/A/AppleFSCompression
0x000000000988d000 	/System/Library/PrivateFrameworks/SpeechRecognitionCore.framework/Versions/A/SpeechRecognitionCore
0x0000000100e00000 	/Library/Java/JavaVirtualMachines/jdk1.8.0_121.jdk/Contents/Home/jre/lib/server/libjvm.dylib
0x000000000988d000 	/usr/lib/libstdc++.6.0.9.dylib
0x0000000100521000 	/Library/Java/JavaVirtualMachines/jdk1.8.0_121.jdk/Contents/Home/jre/lib/libverify.dylib
0x000000010052f000 	/Library/Java/JavaVirtualMachines/jdk1.8.0_121.jdk/Contents/Home/jre/lib/libjava.dylib
0x00000001005ae000 	/Library/Java/JavaVirtualMachines/jdk1.8.0_121.jdk/Contents/Home/jre/lib/libzip.dylib
0x000000000988d000 	/System/Library/Frameworks/JavaVM.framework/Versions/A/Frameworks/JavaRuntimeSupport.framework/Versions/A/JavaRuntimeSupport
0x000000000988d000 	/System/Library/Frameworks/JavaVM.framework/Versions/A/Frameworks/JavaNativeFoundation.framework/Versions/A/JavaNativeFoundation
0x000000000988d000 	/System/Library/Frameworks/JavaVM.framework/Versions/A/JavaVM
0x000000000988d000 	/System/Library/Frameworks/Carbon.framework/Versions/A/Carbon
0x000000000988d000 	/System/Library/PrivateFrameworks/JavaLaunching.framework/Versions/A/JavaLaunching
0x000000000988d000 	/System/Library/Frameworks/Carbon.framework/Versions/A/Frameworks/CommonPanels.framework/Versions/A/CommonPanels
0x000000000988d000 	/System/Library/Frameworks/Carbon.framework/Versions/A/Frameworks/Help.framework/Versions/A/Help
0x000000000988d000 	/System/Library/Frameworks/Carbon.framework/Versions/A/Frameworks/ImageCapture.framework/Versions/A/ImageCapture
0x000000000988d000 	/System/Library/Frameworks/Carbon.framework/Versions/A/Frameworks/OpenScripting.framework/Versions/A/OpenScripting
0x000000000988d000 	/System/Library/Frameworks/Carbon.framework/Versions/A/Frameworks/Print.framework/Versions/A/Print
0x000000000988d000 	/System/Library/Frameworks/Carbon.framework/Versions/A/Frameworks/SecurityHI.framework/Versions/A/SecurityHI
0x0000000119801000 	/Library/Java/JavaVirtualMachines/jdk1.8.0_121.jdk/Contents/Home/jre/lib/libnet.dylib
0x0000000119a60000 	/Library/Java/JavaVirtualMachines/jdk1.8.0_121.jdk/Contents/Home/jre/lib/libmanagement.dylib
0x0000000119577000 	/Library/Java/JavaVirtualMachines/jdk1.8.0_121.jdk/Contents/Home/jre/lib/libnio.dylib

VM Arguments:
jvm_args: -Dfile.encoding=UTF-8 -Duser.country=ES -Duser.language=es -Duser.variant 
java_command: es.upv.pros.pvalderas.composition.example.inventory.Inventory
java_class_path (initial): /Users/pedrovalderas/Documents/workspace/InventoryMicroservice/build/classes/main:/Users/pedrovalderas/Documents/workspace/InventoryMicroservice/build/resources/main:/Users/pedrovalderas/.gradle/caches/modules-2/files-2.1/org.springframework.boot/spring-boot-starter-web/1.5.9.RELEASE/bda9733d5e6ba6d1a97deead1738713dc0631b3e/spring-boot-starter-web-1.5.9.RELEASE.jar:/Users/pedrovalderas/Documents/workspace/CompositionCoordinator/build/libs/es.pros.upv.pvalderas.compositionCoordinator-0.1.0.jar:/Users/pedrovalderas/.gradle/caches/modules-2/files-2.1/org.springframework.boot/spring-boot-starter/1.5.9.RELEASE/6bfb34db2715ee86c6e2337fa145650588b4b1b3/spring-boot-starter-1.5.9.RELEASE.jar:/Users/pedrovalderas/.gradle/caches/modules-2/files-2.1/org.springframework.boot/spring-boot-starter-tomcat/1.5.9.RELEASE/4615056f8a2bcad03ba8cdf410419ee3d101c5bb/spring-boot-starter-tomcat-1.5.9.RELEASE.jar:/Users/pedrovalderas/.gradle/caches/modules-2/files-2.1/org.hibernate/hibernate-validator/5.3.6.Final/4c730be8bf55a8e9a61e79a2f2c079abf48b718/hibernate-validator-5.3.6.Final.jar:/Users/pedrovalderas/.gradle/caches/modules-2/files-2.1/com.fasterxml.jackson.core/jackson-databind/2.8.10/f7b83cb2bc4b88d53961e749e1ad32f49ef017b7/jackson-databind-2.8.10.jar:/Users/pedrovalderas/.gradle/caches/modules-2/files-2.1/org.springframework/spring-web/4.3.13.RELEASE/7cd084992d546165ede3e99bc31ee49c937f0ce7/spring-web-4.3.13.RELEASE.jar:/Users/pedrovalderas/.gradle/caches/modules-2/files-2.1/org.springframework/spring-webmvc/4.3.13.RELEASE/87a095c7a1d13fe433ae6712787238c1dbaa6919/spring-webmvc-4.3.13.RELEASE.jar:/Users/pedrovalderas/.gradle/caches/modules-2/files-2.1/org.springframework.cloud/spring-cloud-starter-eureka/1.4.0.RELEASE/d786de8c09734870d3e7679db2324cc7564a9df4/spring-cloud-starter-eureka-1.4.0.RELEASE.jar:/Users/pedrovalderas/.gradle/caches/modules-2/files-2.1/org.dom4j/dom4j/2.1.0/6ad46940de4d721df3d6bbcd2977149742095445/dom4j-2.1.0.jar:/Users/pedrovaldera
Launcher Type: SUN_STANDARD

Environment Variables:
PATH=/usr/bin:/bin:/usr/sbin:/sbin
SHELL=/bin/bash

Signal Handlers:
SIGSEGV: [libjvm.dylib+0x5b1141], sa_mask[0]=11111111011111110111111111111111, sa_flags=SA_ONSTACK|SA_RESTART|SA_SIGINFO
SIGBUS: [libjvm.dylib+0x5b1141], sa_mask[0]=11111111011111110111111111111111, sa_flags=SA_RESTART|SA_SIGINFO
SIGFPE: [libjvm.dylib+0x487bc4], sa_mask[0]=11111111011111110111111111111111, sa_flags=SA_RESTART|SA_SIGINFO
SIGPIPE: [libjvm.dylib+0x487bc4], sa_mask[0]=11111111011111110111111111111111, sa_flags=SA_RESTART|SA_SIGINFO
SIGXFSZ: [libjvm.dylib+0x487bc4], sa_mask[0]=11111111011111110111111111111111, sa_flags=SA_RESTART|SA_SIGINFO
SIGILL: [libjvm.dylib+0x487bc4], sa_mask[0]=11111111011111110111111111111111, sa_flags=SA_RESTART|SA_SIGINFO
SIGUSR1: SIG_DFL, sa_mask[0]=00000000000000000000000000000000, sa_flags=none
SIGUSR2: [libjvm.dylib+0x4876e2], sa_mask[0]=00100000000000000000000000000000, sa_flags=SA_RESTART|SA_SIGINFO
SIGHUP: [libjvm.dylib+0x485cb9], sa_mask[0]=11111111011111110111111111111111, sa_flags=SA_RESTART|SA_SIGINFO
SIGINT: [libjvm.dylib+0x485cb9], sa_mask[0]=11111111011111110111111111111111, sa_flags=SA_RESTART|SA_SIGINFO
SIGTERM: [libjvm.dylib+0x485cb9], sa_mask[0]=11111111011111110111111111111111, sa_flags=SA_RESTART|SA_SIGINFO
SIGQUIT: [libjvm.dylib+0x485cb9], sa_mask[0]=11111111011111110111111111111111, sa_flags=SA_RESTART|SA_SIGINFO


---------------  S Y S T E M  ---------------

OS:Bsduname:Darwin 17.7.0 Darwin Kernel Version 17.7.0: Wed Feb 27 00:43:23 PST 2019; root:xnu-4570.71.35~1/RELEASE_X86_64 x86_64
rlimit: STACK 8192k, CORE 0k, NPROC 709, NOFILE 10240, AS infinity
load average:11.47 5.46 4.24

CPU:total 4 (2 cores per cpu, 2 threads per core) family 6 model 78 stepping 3, cmov, cx8, fxsr, mmx, sse, sse2, sse3, ssse3, sse4.1, sse4.2, popcnt, avx, avx2, aes, clmul, erms, 3dnowpref, lzcnt, ht, tsc, tscinvbit, bmi1, bmi2, adx

Memory: 4k page, physical 8388608k(107428k free)

/proc/meminfo:


vm_info: Java HotSpot(TM) 64-Bit Server VM (25.121-b13) for bsd-amd64 JRE (1.8.0_121-b13), built on Dec 12 2016 20:39:32 by "java_re" with gcc 4.2.1 (Based on Apple Inc. build 5658) (LLVM build 2336.11.00)

time: Wed Feb 19 23:36:06 2020
elapsed time: 6 seconds (0d 0h 0m 6s)

