#
# A fatal error has been detected by the Java Runtime Environment:
#
#  SIGBUS (0xa) at pc=0x0000000104a19e92, pid=15392, tid=0x0000000000002503
#
# JRE version: Java(TM) SE Runtime Environment (8.0_121-b13) (build 1.8.0_121-b13)
# Java VM: Java HotSpot(TM) 64-Bit Server VM (25.121-b13 mixed mode bsd-amd64 compressed oops)
# Problematic frame:
# C  [libzip.dylib+0x2e92]  newEntry+0x154
#
# Failed to write core dump. Core dumps have been disabled. To enable core dumping, try "ulimit -c unlimited" before starting Java again
#
# If you would like to submit a bug report, please visit:
#   http://bugreport.java.com/bugreport/crash.jsp
# The crash happened outside the Java Virtual Machine in native code.
# See problematic frame for where to report the bug.
#

---------------  T H R E A D  ---------------

Current thread (0x00007ff3df816800):  JavaThread "main" [_thread_in_native, id=9475, stack(0x0000700005cdf000,0x0000700005ddf000)]

siginfo: si_signo: 10 (SIGBUS), si_code: 2 (BUS_ADRERR), si_addr: 0x000000010ab2e758

Registers:
RAX=0x00007ff3df71b980, RBX=0x000000010ab2e74c, RCX=0x0000000000000001, RDX=0x0000000000004000
RSP=0x0000700005ddbe30, RBP=0x0000700005ddbe90, RSI=0x00000000ffffc3ff, RDI=0x0000000000000a9f
R8 =0x000000003e18a9ee, R9 =0x0000000000000004, R10=0x00000000ffffc000, R11=0x00007ff3e1800000
R12=0x00007ff3df71bad0, R13=0x0000000000000100, R14=0x0000000006fbaab6, R15=0x00007ff3e1829040
RIP=0x0000000104a19e92, EFLAGS=0x0000000000010202, ERR=0x0000000000000004
  TRAPNO=0x000000000000000e

Top of Stack: (sp=0x0000700005ddbe30)
0x0000700005ddbe30:   0000004000000000 000000009b1f6500
0x0000700005ddbe40:   0000000740245e38 0000700005ddc2d8
0x0000700005ddbe50:   0000700005ddbe70 00007ff3df71b980
0x0000700005ddbe60:   00007ff3e18a9e90 00007ff3df71b980
0x0000700005ddbe70:   00007ff3df71bad0 0000000000000100
0x0000700005ddbe80:   0000000006fbaab6 00007ff3e1829040
0x0000700005ddbe90:   0000700005ddbef0 0000000104a1a52d
0x0000700005ddbea0:   0000700005ddbf4f 0000700005ddbf4e
0x0000700005ddbeb0:   0000003f00000000 0000004001816800
0x0000700005ddbec0:   0000700005ddbf0e 0000700005ddc358
0x0000700005ddbed0:   0000000000000040 0000700005ddbf0e
0x0000700005ddbee0:   00007ff3df71b980 00007ff3df8169f8
0x0000700005ddbef0:   0000700005ddc340 0000000104a19238
0x0000700005ddbf00:   00000001098b83d8 73657ff300000001
0x0000700005ddbf10:   6f72702f7670752f 65646c6176702f73
0x0000700005ddbf20:   706d6f632f736172 636e6f697469736f
0x0000700005ddbf30:   74616e6964726f6f 6e65696c432f726f
0x0000700005ddbf40:   7265747261745374 00007373616c632e
0x0000700005ddbf50:   00007ff3df816800 0000700005ddc040
0x0000700005ddbf60:   00007ff3e1967f88 00007ff3e1967f80
0x0000700005ddbf70:   0000700005ddc100 0000000103d14c53
0x0000700005ddbf80:   00007ff3df816800 0000000000000000
0x0000700005ddbf90:   697270732f67726f 000000009bdcd5cb
0x0000700005ddbfa0:   0000700005ddbfe0 00007ff3df703810
0x0000700005ddbfb0:   000000010422f490 000000079b1f6518
0x0000700005ddbfc0:   000000000000000a 00000001031ce400
0x0000700005ddbfd0:   0000000000000093 00007ff3e18a4536
0x0000700005ddbfe0:   0000700005ddc0b0 00007fff5950c443
0x0000700005ddbff0:   000000079b1f1b00 0000700005ddc0a0
0x0000700005ddc000:   fd00000070001001 000000010acdffff
0x0000700005ddc010:   e3bd98e500000000 0000700005ddc270
0x0000700005ddc020:   0000700005ddc0a0 00000001098c5788 

Instructions: (pc=0x0000000104a19e92)
0x0000000104a19e72:   49 8b 7f 38 e8 5b 1b 00 00 4d 89 77 38 49 89 5f
0x0000000104a19e82:   40 4c 89 f0 48 85 c0 0f 84 11 05 00 00 48 89 c3
0x0000000104a19e92:   0f b6 43 0c 0f b6 4b 0d 48 c1 e1 08 48 01 c1 0f
0x0000000104a19ea2:   b6 43 0e 0f b6 53 0f 48 c1 e2 08 48 01 c2 48 c1 

Register to memory mapping:

RAX=0x00007ff3df71b980 is an unknown value
RBX=0x000000010ab2e74c is an unknown value
RCX=0x0000000000000001 is an unknown value
RDX=0x0000000000004000 is an unknown value
RSP=0x0000700005ddbe30 is pointing into the stack for thread: 0x00007ff3df816800
RBP=0x0000700005ddbe90 is pointing into the stack for thread: 0x00007ff3df816800
RSI=0x00000000ffffc3ff is an unknown value
RDI=0x0000000000000a9f is an unknown value
R8 =0x000000003e18a9ee is an unknown value
R9 =0x0000000000000004 is an unknown value
R10=0x00000000ffffc000 is an unknown value
R11=0x00007ff3e1800000 is an unknown value
R12=0x00007ff3df71bad0 is an unknown value
R13=0x0000000000000100 is an unknown value
R14=0x0000000006fbaab6 is an unknown value
R15=0x00007ff3e1829040 is an unknown value


Stack: [0x0000700005cdf000,0x0000700005ddf000],  sp=0x0000700005ddbe30,  free space=1011k
Native frames: (J=compiled Java code, j=interpreted, Vv=VM code, C=native code)
C  [libzip.dylib+0x2e92]  newEntry+0x154
C  [libzip.dylib+0x352d]  ZIP_GetEntry2+0xd4
C  [libzip.dylib+0x2238]  Java_java_util_zip_ZipFile_getEntry+0xcf
J 92  java.util.zip.ZipFile.getEntry(J[BZ)J (0 bytes) @ 0x000000010ad0dd8e [0x000000010ad0dcc0+0xce]
J 3049 C2 java.util.jar.JarFile.getEntry(Ljava/lang/String;)Ljava/util/zip/ZipEntry; (22 bytes) @ 0x000000010b5697d4 [0x000000010b569460+0x374]
J 559 C2 sun.misc.URLClassPath$JarLoader.getResource(Ljava/lang/String;Z)Lsun/misc/Resource; (85 bytes) @ 0x000000010ae4a45c [0x000000010ae4a2e0+0x17c]
J 2236 C2 sun.misc.URLClassPath.findResource(Ljava/lang/String;Z)Ljava/net/URL; (47 bytes) @ 0x000000010b376924 [0x000000010b376820+0x104]
J 1929 C1 java.net.URLClassLoader$2.run()Ljava/lang/Object; (5 bytes) @ 0x000000010b252c14 [0x000000010b252b00+0x114]
v  ~StubRoutines::call_stub
V  [libjvm.dylib+0x2ed9d6]  JavaCalls::call_helper(JavaValue*, methodHandle*, JavaCallArguments*, Thread*)+0x6ae
V  [libjvm.dylib+0x34e114]  JVM_DoPrivileged+0x4b8
J 881  java.security.AccessController.doPrivileged(Ljava/security/PrivilegedAction;Ljava/security/AccessControlContext;)Ljava/lang/Object; (0 bytes) @ 0x000000010af0f3d5 [0x000000010af0f300+0xd5]
J 1927 C1 java.net.URLClassLoader.findResource(Ljava/lang/String;)Ljava/net/URL; (37 bytes) @ 0x000000010b252414 [0x000000010b252280+0x194]
J 1926 C1 java.lang.ClassLoader.getResource(Ljava/lang/String;)Ljava/net/URL; (36 bytes) @ 0x000000010b24e924 [0x000000010b24e460+0x4c4]
J 3201 C1 java.net.URLClassLoader.getResourceAsStream(Ljava/lang/String;)Ljava/io/InputStream; (137 bytes) @ 0x000000010ad6f03c [0x000000010ad6efc0+0x7c]
j  java.lang.Class.getResourceAsStream(Ljava/lang/String;)Ljava/io/InputStream;+22
j  org.springframework.core.LocalVariableTableParameterNameDiscoverer.inspectClass(Ljava/lang/Class;)Ljava/util/Map;+5
j  org.springframework.core.LocalVariableTableParameterNameDiscoverer.getParameterNames(Ljava/lang/reflect/Method;)[Ljava/lang/String;+32
j  org.springframework.core.PrioritizedParameterNameDiscoverer.getParameterNames(Ljava/lang/reflect/Method;)[Ljava/lang/String;+31
j  org.springframework.beans.factory.support.ConstructorResolver.instantiateUsingFactoryMethod(Ljava/lang/String;Lorg/springframework/beans/factory/support/RootBeanDefinition;[Ljava/lang/Object;)Lorg/springframework/beans/BeanWrapper;+544
j  org.springframework.beans.factory.support.AbstractAutowireCapableBeanFactory.instantiateUsingFactoryMethod(Ljava/lang/String;Lorg/springframework/beans/factory/support/RootBeanDefinition;[Ljava/lang/Object;)Lorg/springframework/beans/BeanWrapper;+11
j  org.springframework.beans.factory.support.AbstractAutowireCapableBeanFactory.createBeanInstance(Ljava/lang/String;Lorg/springframework/beans/factory/support/RootBeanDefinition;[Ljava/lang/Object;)Lorg/springframework/beans/BeanWrapper;+82
j  org.springframework.beans.factory.support.AbstractAutowireCapableBeanFactory.doCreateBean(Ljava/lang/String;Lorg/springframework/beans/factory/support/RootBeanDefinition;[Ljava/lang/Object;)Ljava/lang/Object;+34
j  org.springframework.beans.factory.support.AbstractAutowireCapableBeanFactory.createBean(Ljava/lang/String;Lorg/springframework/beans/factory/support/RootBeanDefinition;[Ljava/lang/Object;)Ljava/lang/Object;+169
j  org.springframework.beans.factory.support.AbstractBeanFactory$1.getObject()Ljava/lang/Object;+16
j  org.springframework.beans.factory.support.DefaultSingletonBeanRegistry.getSingleton(Ljava/lang/String;Lorg/springframework/beans/factory/ObjectFactory;)Ljava/lang/Object;+132
J 2507 C1 org.springframework.beans.factory.support.AbstractBeanFactory.doGetBean(Ljava/lang/String;Ljava/lang/Class;[Ljava/lang/Object;Z)Ljava/lang/Object; (724 bytes) @ 0x000000010b469a4c [0x000000010b467f40+0x1b0c]
J 2456 C1 org.springframework.beans.factory.support.AbstractBeanFactory.getBean(Ljava/lang/String;Ljava/lang/Class;)Ljava/lang/Object; (9 bytes) @ 0x000000010b43ce8c [0x000000010b43cd80+0x10c]
j  org.springframework.beans.factory.config.DependencyDescriptor.resolveCandidate(Ljava/lang/String;Ljava/lang/Class;Lorg/springframework/beans/factory/BeanFactory;)Ljava/lang/Object;+3
j  org.springframework.beans.factory.support.DefaultListableBeanFactory.doResolveDependency(Lorg/springframework/beans/factory/config/DependencyDescriptor;Ljava/lang/String;Ljava/util/Set;Lorg/springframework/beans/TypeConverter;)Ljava/lang/Object;+410
j  org.springframework.beans.factory.support.DefaultListableBeanFactory.resolveDependency(Lorg/springframework/beans/factory/config/DependencyDescriptor;Ljava/lang/String;Ljava/util/Set;Lorg/springframework/beans/TypeConverter;)Ljava/lang/Object;+116
j  org.springframework.beans.factory.annotation.AutowiredAnnotationBeanPostProcessor$AutowiredFieldElement.inject(Ljava/lang/Object;Ljava/lang/String;Lorg/springframework/beans/PropertyValues;)V+95
j  org.springframework.beans.factory.annotation.InjectionMetadata.inject(Ljava/lang/Object;Ljava/lang/String;Lorg/springframework/beans/PropertyValues;)V+118
j  org.springframework.beans.factory.annotation.AutowiredAnnotationBeanPostProcessor.postProcessPropertyValues(Lorg/springframework/beans/PropertyValues;[Ljava/beans/PropertyDescriptor;Ljava/lang/Object;Ljava/lang/String;)Lorg/springframework/beans/PropertyValues;+19
j  org.springframework.beans.factory.support.AbstractAutowireCapableBeanFactory.populateBean(Ljava/lang/String;Lorg/springframework/beans/factory/support/RootBeanDefinition;Lorg/springframework/beans/BeanWrapper;)V+305
j  org.springframework.beans.factory.support.AbstractAutowireCapableBeanFactory.doCreateBean(Ljava/lang/String;Lorg/springframework/beans/factory/support/RootBeanDefinition;[Ljava/lang/Object;)Ljava/lang/Object;+250
j  org.springframework.beans.factory.support.AbstractAutowireCapableBeanFactory.createBean(Ljava/lang/String;Lorg/springframework/beans/factory/support/RootBeanDefinition;[Ljava/lang/Object;)Ljava/lang/Object;+169
j  org.springframework.beans.factory.support.AbstractBeanFactory$1.getObject()Ljava/lang/Object;+16
j  org.springframework.beans.factory.support.DefaultSingletonBeanRegistry.getSingleton(Ljava/lang/String;Lorg/springframework/beans/factory/ObjectFactory;)Ljava/lang/Object;+132
J 2507 C1 org.springframework.beans.factory.support.AbstractBeanFactory.doGetBean(Ljava/lang/String;Ljava/lang/Class;[Ljava/lang/Object;Z)Ljava/lang/Object; (724 bytes) @ 0x000000010b469a4c [0x000000010b467f40+0x1b0c]
j  org.springframework.beans.factory.support.AbstractBeanFactory.getBean(Ljava/lang/String;)Ljava/lang/Object;+5
j  org.springframework.beans.factory.support.DefaultListableBeanFactory.preInstantiateSingletons()V+231
j  org.springframework.context.support.AbstractApplicationContext.finishBeanFactoryInitialization(Lorg/springframework/beans/factory/config/ConfigurableListableBeanFactory;)V+126
j  org.springframework.context.support.AbstractApplicationContext.refresh()V+54
j  org.springframework.boot.context.embedded.EmbeddedWebApplicationContext.refresh()V+1
j  org.springframework.boot.SpringApplication.refresh(Lorg/springframework/context/ApplicationContext;)V+10
j  org.springframework.boot.SpringApplication.refreshContext(Lorg/springframework/context/ConfigurableApplicationContext;)V+2
j  org.springframework.boot.SpringApplication.run([Ljava/lang/String;)Lorg/springframework/context/ConfigurableApplicationContext;+91
j  org.springframework.boot.SpringApplication.run([Ljava/lang/Object;[Ljava/lang/String;)Lorg/springframework/context/ConfigurableApplicationContext;+9
j  org.springframework.boot.SpringApplication.run(Ljava/lang/Object;[Ljava/lang/String;)Lorg/springframework/context/ConfigurableApplicationContext;+9
j  es.upv.pros.pvalderas.composition.example.inventory.Inventory.main([Ljava/lang/String;)V+3
v  ~StubRoutines::call_stub
V  [libjvm.dylib+0x2ed9d6]  JavaCalls::call_helper(JavaValue*, methodHandle*, JavaCallArguments*, Thread*)+0x6ae
V  [libjvm.dylib+0x3247ce]  jni_invoke_static(JNIEnv_*, JavaValue*, _jobject*, JNICallType, _jmethodID*, JNI_ArgumentPusher*, Thread*)+0x1bf
V  [libjvm.dylib+0x31d545]  jni_CallStaticVoidMethod+0x15d
C  [java+0x3931]  JavaMain+0x9c4
C  [libsystem_pthread.dylib+0x3661]  _pthread_body+0x154
C  [libsystem_pthread.dylib+0x350d]  _pthread_body+0x0
C  [libsystem_pthread.dylib+0x2bf9]  thread_start+0xd
C  0x0000000000000000

Java frames: (J=compiled Java code, j=interpreted, Vv=VM code)
J 92  java.util.zip.ZipFile.getEntry(J[BZ)J (0 bytes) @ 0x000000010ad0dd18 [0x000000010ad0dcc0+0x58]
J 3049 C2 java.util.jar.JarFile.getEntry(Ljava/lang/String;)Ljava/util/zip/ZipEntry; (22 bytes) @ 0x000000010b5697d4 [0x000000010b569460+0x374]
J 559 C2 sun.misc.URLClassPath$JarLoader.getResource(Ljava/lang/String;Z)Lsun/misc/Resource; (85 bytes) @ 0x000000010ae4a45c [0x000000010ae4a2e0+0x17c]
J 2236 C2 sun.misc.URLClassPath.findResource(Ljava/lang/String;Z)Ljava/net/URL; (47 bytes) @ 0x000000010b376924 [0x000000010b376820+0x104]
J 1929 C1 java.net.URLClassLoader$2.run()Ljava/lang/Object; (5 bytes) @ 0x000000010b252c14 [0x000000010b252b00+0x114]
v  ~StubRoutines::call_stub
J 881  java.security.AccessController.doPrivileged(Ljava/security/PrivilegedAction;Ljava/security/AccessControlContext;)Ljava/lang/Object; (0 bytes) @ 0x000000010af0f363 [0x000000010af0f300+0x63]
J 1927 C1 java.net.URLClassLoader.findResource(Ljava/lang/String;)Ljava/net/URL; (37 bytes) @ 0x000000010b252414 [0x000000010b252280+0x194]
J 1926 C1 java.lang.ClassLoader.getResource(Ljava/lang/String;)Ljava/net/URL; (36 bytes) @ 0x000000010b24e924 [0x000000010b24e460+0x4c4]
J 3201 C1 java.net.URLClassLoader.getResourceAsStream(Ljava/lang/String;)Ljava/io/InputStream; (137 bytes) @ 0x000000010ad6f03c [0x000000010ad6efc0+0x7c]
j  java.lang.Class.getResourceAsStream(Ljava/lang/String;)Ljava/io/InputStream;+22
j  org.springframework.core.LocalVariableTableParameterNameDiscoverer.inspectClass(Ljava/lang/Class;)Ljava/util/Map;+5
j  org.springframework.core.LocalVariableTableParameterNameDiscoverer.getParameterNames(Ljava/lang/reflect/Method;)[Ljava/lang/String;+32
j  org.springframework.core.PrioritizedParameterNameDiscoverer.getParameterNames(Ljava/lang/reflect/Method;)[Ljava/lang/String;+31
j  org.springframework.beans.factory.support.ConstructorResolver.instantiateUsingFactoryMethod(Ljava/lang/String;Lorg/springframework/beans/factory/support/RootBeanDefinition;[Ljava/lang/Object;)Lorg/springframework/beans/BeanWrapper;+544
j  org.springframework.beans.factory.support.AbstractAutowireCapableBeanFactory.instantiateUsingFactoryMethod(Ljava/lang/String;Lorg/springframework/beans/factory/support/RootBeanDefinition;[Ljava/lang/Object;)Lorg/springframework/beans/BeanWrapper;+11
j  org.springframework.beans.factory.support.AbstractAutowireCapableBeanFactory.createBeanInstance(Ljava/lang/String;Lorg/springframework/beans/factory/support/RootBeanDefinition;[Ljava/lang/Object;)Lorg/springframework/beans/BeanWrapper;+82
j  org.springframework.beans.factory.support.AbstractAutowireCapableBeanFactory.doCreateBean(Ljava/lang/String;Lorg/springframework/beans/factory/support/RootBeanDefinition;[Ljava/lang/Object;)Ljava/lang/Object;+34
j  org.springframework.beans.factory.support.AbstractAutowireCapableBeanFactory.createBean(Ljava/lang/String;Lorg/springframework/beans/factory/support/RootBeanDefinition;[Ljava/lang/Object;)Ljava/lang/Object;+169
j  org.springframework.beans.factory.support.AbstractBeanFactory$1.getObject()Ljava/lang/Object;+16
j  org.springframework.beans.factory.support.DefaultSingletonBeanRegistry.getSingleton(Ljava/lang/String;Lorg/springframework/beans/factory/ObjectFactory;)Ljava/lang/Object;+132
J 2507 C1 org.springframework.beans.factory.support.AbstractBeanFactory.doGetBean(Ljava/lang/String;Ljava/lang/Class;[Ljava/lang/Object;Z)Ljava/lang/Object; (724 bytes) @ 0x000000010b469a4c [0x000000010b467f40+0x1b0c]
J 2456 C1 org.springframework.beans.factory.support.AbstractBeanFactory.getBean(Ljava/lang/String;Ljava/lang/Class;)Ljava/lang/Object; (9 bytes) @ 0x000000010b43ce8c [0x000000010b43cd80+0x10c]
j  org.springframework.beans.factory.config.DependencyDescriptor.resolveCandidate(Ljava/lang/String;Ljava/lang/Class;Lorg/springframework/beans/factory/BeanFactory;)Ljava/lang/Object;+3
j  org.springframework.beans.factory.support.DefaultListableBeanFactory.doResolveDependency(Lorg/springframework/beans/factory/config/DependencyDescriptor;Ljava/lang/String;Ljava/util/Set;Lorg/springframework/beans/TypeConverter;)Ljava/lang/Object;+410
j  org.springframework.beans.factory.support.DefaultListableBeanFactory.resolveDependency(Lorg/springframework/beans/factory/config/DependencyDescriptor;Ljava/lang/String;Ljava/util/Set;Lorg/springframework/beans/TypeConverter;)Ljava/lang/Object;+116
j  org.springframework.beans.factory.annotation.AutowiredAnnotationBeanPostProcessor$AutowiredFieldElement.inject(Ljava/lang/Object;Ljava/lang/String;Lorg/springframework/beans/PropertyValues;)V+95
j  org.springframework.beans.factory.annotation.InjectionMetadata.inject(Ljava/lang/Object;Ljava/lang/String;Lorg/springframework/beans/PropertyValues;)V+118
j  org.springframework.beans.factory.annotation.AutowiredAnnotationBeanPostProcessor.postProcessPropertyValues(Lorg/springframework/beans/PropertyValues;[Ljava/beans/PropertyDescriptor;Ljava/lang/Object;Ljava/lang/String;)Lorg/springframework/beans/PropertyValues;+19
j  org.springframework.beans.factory.support.AbstractAutowireCapableBeanFactory.populateBean(Ljava/lang/String;Lorg/springframework/beans/factory/support/RootBeanDefinition;Lorg/springframework/beans/BeanWrapper;)V+305
j  org.springframework.beans.factory.support.AbstractAutowireCapableBeanFactory.doCreateBean(Ljava/lang/String;Lorg/springframework/beans/factory/support/RootBeanDefinition;[Ljava/lang/Object;)Ljava/lang/Object;+250
j  org.springframework.beans.factory.support.AbstractAutowireCapableBeanFactory.createBean(Ljava/lang/String;Lorg/springframework/beans/factory/support/RootBeanDefinition;[Ljava/lang/Object;)Ljava/lang/Object;+169
j  org.springframework.beans.factory.support.AbstractBeanFactory$1.getObject()Ljava/lang/Object;+16
j  org.springframework.beans.factory.support.DefaultSingletonBeanRegistry.getSingleton(Ljava/lang/String;Lorg/springframework/beans/factory/ObjectFactory;)Ljava/lang/Object;+132
J 2507 C1 org.springframework.beans.factory.support.AbstractBeanFactory.doGetBean(Ljava/lang/String;Ljava/lang/Class;[Ljava/lang/Object;Z)Ljava/lang/Object; (724 bytes) @ 0x000000010b469a4c [0x000000010b467f40+0x1b0c]
j  org.springframework.beans.factory.support.AbstractBeanFactory.getBean(Ljava/lang/String;)Ljava/lang/Object;+5
j  org.springframework.beans.factory.support.DefaultListableBeanFactory.preInstantiateSingletons()V+231
j  org.springframework.context.support.AbstractApplicationContext.finishBeanFactoryInitialization(Lorg/springframework/beans/factory/config/ConfigurableListableBeanFactory;)V+126
j  org.springframework.context.support.AbstractApplicationContext.refresh()V+54
j  org.springframework.boot.context.embedded.EmbeddedWebApplicationContext.refresh()V+1
j  org.springframework.boot.SpringApplication.refresh(Lorg/springframework/context/ApplicationContext;)V+10
j  org.springframework.boot.SpringApplication.refreshContext(Lorg/springframework/context/ConfigurableApplicationContext;)V+2
j  org.springframework.boot.SpringApplication.run([Ljava/lang/String;)Lorg/springframework/context/ConfigurableApplicationContext;+91
j  org.springframework.boot.SpringApplication.run([Ljava/lang/Object;[Ljava/lang/String;)Lorg/springframework/context/ConfigurableApplicationContext;+9
j  org.springframework.boot.SpringApplication.run(Ljava/lang/Object;[Ljava/lang/String;)Lorg/springframework/context/ConfigurableApplicationContext;+9
j  es.upv.pros.pvalderas.composition.example.inventory.Inventory.main([Ljava/lang/String;)V+3
v  ~StubRoutines::call_stub

---------------  P R O C E S S  ---------------

Java Threads: ( => current thread )
  0x00007ff3e0075000 JavaThread "container-0" [_thread_blocked, id=18435, stack(0x0000700006d0f000,0x0000700006e0f000)]
  0x00007ff3e38de000 JavaThread "ContainerBackgroundProcessor[StandardEngine[Tomcat]]" daemon [_thread_blocked, id=16911, stack(0x0000700006c0c000,0x0000700006d0c000)]
  0x00007ff3dfd3b000 JavaThread "localhost-startStop-1" daemon [_thread_blocked, id=3591, stack(0x0000700006b09000,0x0000700006c09000)]
  0x00007ff3df8b2800 JavaThread "Tomcat-startStop-1" daemon [_thread_blocked, id=4363, stack(0x0000700005b56000,0x0000700005c56000)]
  0x00007ff3df84e800 JavaThread "Service Thread" daemon [_thread_blocked, id=19203, stack(0x0000700006903000,0x0000700006a03000)]
  0x00007ff3df846800 JavaThread "C1 CompilerThread2" daemon [_thread_blocked, id=19715, stack(0x0000700006800000,0x0000700006900000)]
  0x00007ff3e004a800 JavaThread "C2 CompilerThread1" daemon [_thread_in_native, id=15619, stack(0x00007000066fd000,0x00007000067fd000)]
  0x00007ff3df844800 JavaThread "C2 CompilerThread0" daemon [_thread_in_native, id=15107, stack(0x00007000065fa000,0x00007000066fa000)]
  0x00007ff3e0033800 JavaThread "Signal Dispatcher" daemon [_thread_blocked, id=19979, stack(0x00007000064f7000,0x00007000065f7000)]
  0x00007ff3e100c800 JavaThread "Finalizer" daemon [_thread_blocked, id=20739, stack(0x00007000063f4000,0x00007000064f4000)]
  0x00007ff3e0808000 JavaThread "Reference Handler" daemon [_thread_blocked, id=12035, stack(0x00007000062f1000,0x00007000063f1000)]
=>0x00007ff3df816800 JavaThread "main" [_thread_in_native, id=9475, stack(0x0000700005cdf000,0x0000700005ddf000)]

Other Threads:
  0x00007ff3e001d800 VMThread [stack: 0x00007000061ee000,0x00007000062ee000] [id=21507]
  0x00007ff3e1010800 WatcherThread [stack: 0x0000700006a06000,0x0000700006b06000] [id=16387]

VM state:not at safepoint (normal execution)

VM Mutex/Monitor currently owned by a thread: None

Heap:
 PSYoungGen      total 224256K, used 106710K [0x0000000795580000, 0x00000007a4200000, 0x00000007c0000000)
  eden space 212480K, 44% used [0x0000000795580000,0x000000079b239bd0,0x00000007a2500000)
  from space 11776K, 99% used [0x00000007a3580000,0x00000007a40fbe48,0x00000007a4100000)
  to   space 14848K, 0% used [0x00000007a2500000,0x00000007a2500000,0x00000007a3380000)
 ParOldGen       total 57344K, used 12189K [0x0000000740000000, 0x0000000743800000, 0x0000000795580000)
  object space 57344K, 21% used [0x0000000740000000,0x0000000740be7628,0x0000000743800000)
 Metaspace       used 32131K, capacity 32562K, committed 32896K, reserved 1077248K
  class space    used 4025K, capacity 4132K, committed 4224K, reserved 1048576K

Card table byte_map: [0x0000000104de0000,0x00000001051e1000] byte_map_base: 0x00000001013e0000

Marking Bits: (ParMarkBitMap*) 0x00000001042f0d30
 Begin Bits: [0x000000010548c000, 0x000000010748c000)
 End Bits:   [0x000000010748c000, 0x000000010948c000)

Polling page: 0x00000001031f5000

CodeCache: size=245760Kb used=10721Kb max_used=10721Kb free=235038Kb
 bounds [0x000000010abdf000, 0x000000010b66f000, 0x0000000119bdf000]
 total_blobs=3440 nmethods=3050 adapters=303
 compilation: enabled

Compilation events (10 events):
Event: 11.286 Thread 0x00007ff3df846800 3444       2       sun.reflect.ByteVectorImpl::put (27 bytes)
Event: 11.286 Thread 0x00007ff3df846800 nmethod 3444 0x000000010b660d90 code [0x000000010b660f00, 0x000000010b6610c8]
Event: 11.289 Thread 0x00007ff3df846800 3445       2       org.springframework.beans.factory.support.AbstractAutowireCapableBeanFactory::predictBeanType (126 bytes)
Event: 11.290 Thread 0x00007ff3df846800 nmethod 3445 0x000000010b661210 code [0x000000010b6613e0, 0x000000010b661878]
Event: 11.290 Thread 0x00007ff3df846800 3446       2       org.springframework.aop.framework.autoproxy.AbstractAutoProxyCreator::predictBeanType (35 bytes)
Event: 11.290 Thread 0x00007ff3df846800 nmethod 3446 0x000000010b661b90 code [0x000000010b661d20, 0x000000010b661f68]
Event: 11.290 Thread 0x00007ff3df846800 3448       2       org.springframework.aop.framework.autoproxy.AbstractAutoProxyCreator::getCacheKey (42 bytes)
Event: 11.291 Thread 0x00007ff3df846800 nmethod 3448 0x000000010b662090 code [0x000000010b662240, 0x000000010b662618]
Event: 11.291 Thread 0x00007ff3df846800 3447       2       org.springframework.beans.factory.support.RootBeanDefinition::<init> (88 bytes)
Event: 11.291 Thread 0x00007ff3df846800 nmethod 3447 0x000000010b662850 code [0x000000010b6629c0, 0x000000010b662ca8]

GC Heap History (10 events):
Event: 4.498 GC heap before
{Heap before GC invocations=3 (full 0):
 PSYoungGen      total 71680K, used 70578K [0x0000000795580000, 0x000000079a080000, 0x00000007c0000000)
  eden space 66560K, 100% used [0x0000000795580000,0x0000000799680000,0x0000000799680000)
  from space 5120K, 78% used [0x0000000799b80000,0x0000000799f6c9f0,0x000000079a080000)
  to   space 5120K, 0% used [0x0000000799680000,0x0000000799680000,0x0000000799b80000)
 ParOldGen       total 87552K, used 16K [0x0000000740000000, 0x0000000745580000, 0x0000000795580000)
  object space 87552K, 0% used [0x0000000740000000,0x0000000740004000,0x0000000745580000)
 Metaspace       used 18405K, capacity 18672K, committed 18816K, reserved 1064960K
  class space    used 2236K, capacity 2326K, committed 2432K, reserved 1048576K
Event: 4.544 GC heap after
Heap after GC invocations=3 (full 0):
 PSYoungGen      total 71680K, used 5103K [0x0000000795580000, 0x000000079e180000, 0x00000007c0000000)
  eden space 66560K, 0% used [0x0000000795580000,0x0000000795580000,0x0000000799680000)
  from space 5120K, 99% used [0x0000000799680000,0x0000000799b7bd58,0x0000000799b80000)
  to   space 5120K, 0% used [0x000000079dc80000,0x000000079dc80000,0x000000079e180000)
 ParOldGen       total 87552K, used 6017K [0x0000000740000000, 0x0000000745580000, 0x0000000795580000)
  object space 87552K, 6% used [0x0000000740000000,0x00000007405e0768,0x0000000745580000)
 Metaspace       used 18405K, capacity 18672K, committed 18816K, reserved 1064960K
  class space    used 2236K, capacity 2326K, committed 2432K, reserved 1048576K
}
Event: 5.272 GC heap before
{Heap before GC invocations=4 (full 0):
 PSYoungGen      total 71680K, used 43547K [0x0000000795580000, 0x000000079e180000, 0x00000007c0000000)
  eden space 66560K, 57% used [0x0000000795580000,0x0000000797b0af48,0x0000000799680000)
  from space 5120K, 99% used [0x0000000799680000,0x0000000799b7bd58,0x0000000799b80000)
  to   space 5120K, 0% used [0x000000079dc80000,0x000000079dc80000,0x000000079e180000)
 ParOldGen       total 87552K, used 6017K [0x0000000740000000, 0x0000000745580000, 0x0000000795580000)
  object space 87552K, 6% used [0x0000000740000000,0x00000007405e0768,0x0000000745580000)
 Metaspace       used 20918K, capacity 21150K, committed 21296K, reserved 1069056K
  class space    used 2574K, capacity 2662K, committed 2688K, reserved 1048576K
Event: 5.294 GC heap after
Heap after GC invocations=4 (full 0):
 PSYoungGen      total 138240K, used 5116K [0x0000000795580000, 0x000000079e180000, 0x00000007c0000000)
  eden space 133120K, 0% used [0x0000000795580000,0x0000000795580000,0x000000079d780000)
  from space 5120K, 99% used [0x000000079dc80000,0x000000079e17f2e8,0x000000079e180000)
  to   space 5120K, 0% used [0x000000079d780000,0x000000079d780000,0x000000079dc80000)
 ParOldGen       total 87552K, used 8295K [0x0000000740000000, 0x0000000745580000, 0x0000000795580000)
  object space 87552K, 9% used [0x0000000740000000,0x0000000740819de0,0x0000000745580000)
 Metaspace       used 20918K, capacity 21150K, committed 21296K, reserved 1069056K
  class space    used 2574K, capacity 2662K, committed 2688K, reserved 1048576K
}
Event: 5.294 GC heap before
{Heap before GC invocations=5 (full 1):
 PSYoungGen      total 138240K, used 5116K [0x0000000795580000, 0x000000079e180000, 0x00000007c0000000)
  eden space 133120K, 0% used [0x0000000795580000,0x0000000795580000,0x000000079d780000)
  from space 5120K, 99% used [0x000000079dc80000,0x000000079e17f2e8,0x000000079e180000)
  to   space 5120K, 0% used [0x000000079d780000,0x000000079d780000,0x000000079dc80000)
 ParOldGen       total 87552K, used 8295K [0x0000000740000000, 0x0000000745580000, 0x0000000795580000)
  object space 87552K, 9% used [0x0000000740000000,0x0000000740819de0,0x0000000745580000)
 Metaspace       used 20918K, capacity 21150K, committed 21296K, reserved 1069056K
  class space    used 2574K, capacity 2662K, committed 2688K, reserved 1048576K
Event: 5.346 GC heap after
Heap after GC invocations=5 (full 1):
 PSYoungGen      total 138240K, used 0K [0x0000000795580000, 0x000000079e180000, 0x00000007c0000000)
  eden space 133120K, 0% used [0x0000000795580000,0x0000000795580000,0x000000079d780000)
  from space 5120K, 0% used [0x000000079dc80000,0x000000079dc80000,0x000000079e180000)
  to   space 5120K, 0% used [0x000000079d780000,0x000000079d780000,0x000000079dc80000)
 ParOldGen       total 57344K, used 7321K [0x0000000740000000, 0x0000000743800000, 0x0000000795580000)
  object space 57344K, 12% used [0x0000000740000000,0x0000000740726548,0x0000000743800000)
 Metaspace       used 20918K, capacity 21150K, committed 21296K, reserved 1069056K
  class space    used 2574K, capacity 2662K, committed 2688K, reserved 1048576K
}
Event: 7.389 GC heap before
{Heap before GC invocations=6 (full 1):
 PSYoungGen      total 138240K, used 133120K [0x0000000795580000, 0x000000079e180000, 0x00000007c0000000)
  eden space 133120K, 100% used [0x0000000795580000,0x000000079d780000,0x000000079d780000)
  from space 5120K, 0% used [0x000000079dc80000,0x000000079dc80000,0x000000079e180000)
  to   space 5120K, 0% used [0x000000079d780000,0x000000079d780000,0x000000079dc80000)
 ParOldGen       total 57344K, used 7321K [0x0000000740000000, 0x0000000743800000, 0x0000000795580000)
  object space 57344K, 12% used [0x0000000740000000,0x0000000740726548,0x0000000743800000)
 Metaspace       used 24615K, capacity 24928K, committed 25216K, reserved 1071104K
  class space    used 3049K, capacity 3121K, committed 3200K, reserved 1048576K
Event: 7.401 GC heap after
Heap after GC invocations=6 (full 1):
 PSYoungGen      total 138240K, used 5115K [0x0000000795580000, 0x00000007a4100000, 0x00000007c0000000)
  eden space 133120K, 0% used [0x0000000795580000,0x0000000795580000,0x000000079d780000)
  from space 5120K, 99% used [0x000000079d780000,0x000000079dc7efc8,0x000000079dc80000)
  to   space 11776K, 0% used [0x00000007a3580000,0x00000007a3580000,0x00000007a4100000)
 ParOldGen       total 57344K, used 10355K [0x0000000740000000, 0x0000000743800000, 0x0000000795580000)
  object space 57344K, 18% used [0x0000000740000000,0x0000000740a1cd18,0x0000000743800000)
 Metaspace       used 24615K, capacity 24928K, committed 25216K, reserved 1071104K
  class space    used 3049K, capacity 3121K, committed 3200K, reserved 1048576K
}
Event: 10.060 GC heap before
{Heap before GC invocations=7 (full 1):
 PSYoungGen      total 138240K, used 138235K [0x0000000795580000, 0x00000007a4100000, 0x00000007c0000000)
  eden space 133120K, 100% used [0x0000000795580000,0x000000079d780000,0x000000079d780000)
  from space 5120K, 99% used [0x000000079d780000,0x000000079dc7efc8,0x000000079dc80000)
  to   space 11776K, 0% used [0x00000007a3580000,0x00000007a3580000,0x00000007a4100000)
 ParOldGen       total 57344K, used 10355K [0x0000000740000000, 0x0000000743800000, 0x0000000795580000)
  object space 57344K, 18% used [0x0000000740000000,0x0000000740a1cd18,0x0000000743800000)
 Metaspace       used 29454K, capacity 29838K, committed 30208K, reserved 1075200K
  class space    used 3645K, capacity 3742K, committed 3840K, reserved 1048576K
Event: 10.078 GC heap after
Heap after GC invocations=7 (full 1):
 PSYoungGen      total 224256K, used 11759K [0x0000000795580000, 0x00000007a4200000, 0x00000007c0000000)
  eden space 212480K, 0% used [0x0000000795580000,0x0000000795580000,0x00000007a2500000)
  from space 11776K, 99% used [0x00000007a3580000,0x00000007a40fbe48,0x00000007a4100000)
  to   space 14848K, 0% used [0x00000007a2500000,0x00000007a2500000,0x00000007a3380000)
 ParOldGen       total 57344K, used 12189K [0x0000000740000000, 0x0000000743800000, 0x0000000795580000)
  object space 57344K, 21% used [0x0000000740000000,0x0000000740be7628,0x0000000743800000)
 Metaspace       used 29454K, capacity 29838K, committed 30208K, reserved 1075200K
  class space    used 3645K, capacity 3742K, committed 3840K, reserved 1048576K
}

Deoptimization events (10 events):
Event: 10.745 Thread 0x00007ff3df816800 Uncommon trap: reason=bimorphic action=maybe_recompile pc=0x000000010b35f474 method=java.util.Hashtable.get(Ljava/lang/Object;)Ljava/lang/Object; @ 6
Event: 10.851 Thread 0x00007ff3df816800 Uncommon trap: reason=unstable_if action=reinterpret pc=0x000000010b5ca498 method=org.springframework.beans.factory.support.DefaultSingletonBeanRegistry.getSingleton(Ljava/lang/String;Z)Ljava/lang/Object; @ 47
Event: 10.881 Thread 0x00007ff3df816800 Uncommon trap: reason=unstable_if action=reinterpret pc=0x000000010b27b784 method=java.util.concurrent.ConcurrentHashMap.putVal(Ljava/lang/Object;Ljava/lang/Object;Z)Ljava/lang/Object; @ 331
Event: 10.882 Thread 0x00007ff3df816800 Uncommon trap: reason=unstable_if action=reinterpret pc=0x000000010add1ccc method=java.util.concurrent.ConcurrentHashMap.get(Ljava/lang/Object;)Ljava/lang/Object; @ 86
Event: 11.093 Thread 0x00007ff3df816800 Uncommon trap: reason=bimorphic action=maybe_recompile pc=0x000000010b2304f4 method=java.util.regex.Pattern$BmpCharProperty.match(Ljava/util/regex/Matcher;ILjava/lang/CharSequence;)Z @ 31
Event: 11.098 Thread 0x00007ff3df816800 Uncommon trap: reason=bimorphic action=maybe_recompile pc=0x000000010b2304f4 method=java.util.regex.Pattern$BmpCharProperty.match(Ljava/util/regex/Matcher;ILjava/lang/CharSequence;)Z @ 31
Event: 11.247 Thread 0x00007ff3df816800 Uncommon trap: reason=unstable_if action=reinterpret pc=0x000000010b383b54 method=java.util.concurrent.ConcurrentHashMap.transfer([Ljava/util/concurrent/ConcurrentHashMap$Node;[Ljava/util/concurrent/ConcurrentHashMap$Node;)V @ 356
Event: 11.283 Thread 0x00007ff3df816800 Uncommon trap: reason=unstable_if action=reinterpret pc=0x000000010b517cec method=org.springframework.asm.Type.getDescriptor(Ljava/lang/StringBuilder;Ljava/lang/Class;)V @ 39
Event: 11.286 Thread 0x00007ff3df816800 Uncommon trap: reason=unstable_if action=reinterpret pc=0x000000010b5de878 method=org.springframework.aop.framework.autoproxy.AbstractAutoProxyCreator.predictBeanType(Ljava/lang/Class;Ljava/lang/String;)Ljava/lang/Class; @ 9
Event: 11.288 Thread 0x00007ff3df816800 Uncommon trap: reason=unstable_if action=reinterpret pc=0x000000010b4c8a60 method=org.springframework.beans.factory.support.AbstractAutowireCapableBeanFactory.predictBeanType(Ljava/lang/String;Lorg/springframework/beans/factory/support/RootBeanDefinition;

Internal exceptions (10 events):
Event: 11.179 Thread 0x00007ff3df816800 Exception <a 'java/lang/ClassNotFoundException': java/lang/ObjectBeanInfo> (0x000000079a44c380) thrown at [/Users/java_re/workspace/8-2-build-macosx-x86_64/jdk8u121/8372/hotspot/src/share/vm/classfile/systemDictionary.cpp, line 210]
Event: 11.180 Thread 0x00007ff3df816800 Exception <a 'java/lang/ClassNotFoundException': java/lang/ObjectCustomizer> (0x000000079a456f40) thrown at [/Users/java_re/workspace/8-2-build-macosx-x86_64/jdk8u121/8372/hotspot/src/share/vm/classfile/systemDictionary.cpp, line 210]
Event: 11.181 Thread 0x00007ff3df816800 Exception <a 'java/lang/ClassNotFoundException': org/camunda/bpm/engine/ProcessEngineConfigurationCustomizer> (0x000000079a47f0a8) thrown at [/Users/java_re/workspace/8-2-build-macosx-x86_64/jdk8u121/8372/hotspot/src/share/vm/classfile/systemDictionary.cp
Event: 11.184 Thread 0x00007ff3df816800 Exception <a 'java/lang/ClassNotFoundException': org/camunda/bpm/engine/impl/cfg/ProcessEngineConfigurationImplCustomizer> (0x000000079a500060) thrown at [/Users/java_re/workspace/8-2-build-macosx-x86_64/jdk8u121/8372/hotspot/src/share/vm/classfile/system
Event: 11.211 Thread 0x00007ff3df816800 Exception <a 'java/lang/ClassNotFoundException': org/camunda/bpm/engine/spring/SpringTransactionsProcessEngineConfigurationCustomizer> (0x000000079a8b2720) thrown at [/Users/java_re/workspace/8-2-build-macosx-x86_64/jdk8u121/8372/hotspot/src/share/vm/clas
Event: 11.213 Thread 0x00007ff3df816800 Exception <a 'java/lang/ClassNotFoundException': org/camunda/bpm/engine/spring/SpringProcessEngineConfigurationCustomizer> (0x000000079a961320) thrown at [/Users/java_re/workspace/8-2-build-macosx-x86_64/jdk8u121/8372/hotspot/src/share/vm/classfile/system
Event: 11.244 Thread 0x00007ff3df816800 Exception <a 'java/lang/ClassNotFoundException': org/springframework/context/ApplicationContextAwareCustomizer> (0x000000079af2fc38) thrown at [/Users/java_re/workspace/8-2-build-macosx-x86_64/jdk8u121/8372/hotspot/src/share/vm/classfile/systemDictionary.
Event: 11.287 Thread 0x00007ff3df816800 Exception <a 'java/lang/ClassNotFoundException': java/lang/ObjectCustomizer> (0x000000079b196808) thrown at [/Users/java_re/workspace/8-2-build-macosx-x86_64/jdk8u121/8372/hotspot/src/share/vm/classfile/systemDictionary.cpp, line 210]
Event: 11.287 Thread 0x00007ff3df816800 Exception <a 'java/lang/ClassNotFoundException': es/upv/pros/pvalderas/compositioncoordinator/ClientStarterCustomizer> (0x000000079b1c2050) thrown at [/Users/java_re/workspace/8-2-build-macosx-x86_64/jdk8u121/8372/hotspot/src/share/vm/classfile/systemDict
Event: 11.288 Thread 0x00007ff3df816800 Exception <a 'java/lang/ClassNotFoundException': org/springframework/boot/ApplicationRunnerCustomizer> (0x000000079b1e6088) thrown at [/Users/java_re/workspace/8-2-build-macosx-x86_64/jdk8u121/8372/hotspot/src/share/vm/classfile/systemDictionary.cpp, line

Events (10 events):
Event: 11.287 loading class es/upv/pros/pvalderas/compositioncoordinator/ClientStarterCustomizer done
Event: 11.287 loading class org/springframework/boot/ApplicationRunnerCustomizer
Event: 11.287 loading class org/springframework/boot/ApplicationRunnerCustomizer done
Event: 11.288 loading class org/springframework/boot/ApplicationRunnerCustomizer
Event: 11.288 loading class org/springframework/boot/ApplicationRunnerCustomizer done
Event: 11.288 loading class org/springframework/boot/ApplicationRunnerCustomizer
Event: 11.288 loading class org/springframework/boot/ApplicationRunnerCustomizer done
Event: 11.288 Thread 0x00007ff3df816800 Uncommon trap: trap_request=0xffffff65 fr.pc=0x000000010b4c8a60
Event: 11.288 Thread 0x00007ff3df816800 DEOPT PACKING pc=0x000000010b4c8a60 sp=0x0000700005ddd760
Event: 11.288 Thread 0x00007ff3df816800 DEOPT UNPACKING pc=0x000000010abe4229 sp=0x0000700005ddd720 mode 2


Dynamic libraries:
0x000000000988d000 	/System/Library/Frameworks/Cocoa.framework/Versions/A/Cocoa
0x000000000988d000 	/System/Library/Frameworks/Security.framework/Versions/A/Security
0x000000000988d000 	/System/Library/Frameworks/ApplicationServices.framework/Versions/A/ApplicationServices
0x000000000988d000 	/usr/lib/libz.1.dylib
0x000000000988d000 	/usr/lib/libSystem.B.dylib
0x000000000988d000 	/usr/lib/libobjc.A.dylib
0x000000000988d000 	/System/Library/Frameworks/CoreFoundation.framework/Versions/A/CoreFoundation
0x000000000988d000 	/System/Library/Frameworks/Foundation.framework/Versions/C/Foundation
0x000000000988d000 	/System/Library/Frameworks/AppKit.framework/Versions/C/AppKit
0x000000000988d000 	/System/Library/Frameworks/CoreData.framework/Versions/A/CoreData
0x000000000988d000 	/System/Library/PrivateFrameworks/RemoteViewServices.framework/Versions/A/RemoteViewServices
0x000000000988d000 	/System/Library/PrivateFrameworks/UIFoundation.framework/Versions/A/UIFoundation
0x000000000988d000 	/System/Library/PrivateFrameworks/DFRFoundation.framework/Versions/A/DFRFoundation
0x000000000988d000 	/System/Library/Frameworks/Metal.framework/Versions/A/Metal
0x000000000988d000 	/System/Library/PrivateFrameworks/DesktopServicesPriv.framework/Versions/A/DesktopServicesPriv
0x000000000988d000 	/usr/lib/libenergytrace.dylib
0x000000000988d000 	/System/Library/PrivateFrameworks/SkyLight.framework/Versions/A/SkyLight
0x000000000988d000 	/System/Library/Frameworks/CoreGraphics.framework/Versions/A/CoreGraphics
0x000000000988d000 	/usr/lib/libScreenReader.dylib
0x000000000988d000 	/System/Library/Frameworks/Accelerate.framework/Versions/A/Accelerate
0x000000000988d000 	/System/Library/Frameworks/IOSurface.framework/Versions/A/IOSurface
0x000000000988d000 	/System/Library/Frameworks/AudioToolbox.framework/Versions/A/AudioToolbox
0x000000000988d000 	/System/Library/Frameworks/AudioUnit.framework/Versions/A/AudioUnit
0x000000000988d000 	/System/Library/PrivateFrameworks/DataDetectorsCore.framework/Versions/A/DataDetectorsCore
0x000000000988d000 	/System/Library/Frameworks/Carbon.framework/Versions/A/Frameworks/HIToolbox.framework/Versions/A/HIToolbox
0x000000000988d000 	/usr/lib/libicucore.A.dylib
0x000000000988d000 	/System/Library/Frameworks/QuartzCore.framework/Versions/A/QuartzCore
0x000000000988d000 	/System/Library/PrivateFrameworks/SignpostNotification.framework/Versions/A/SignpostNotification
0x000000000988d000 	/System/Library/Frameworks/Carbon.framework/Versions/A/Frameworks/SpeechRecognition.framework/Versions/A/SpeechRecognition
0x000000000988d000 	/usr/lib/libauto.dylib
0x000000000988d000 	/usr/lib/libxml2.2.dylib
0x000000000988d000 	/System/Library/PrivateFrameworks/CoreUI.framework/Versions/A/CoreUI
0x000000000988d000 	/System/Library/Frameworks/CoreAudio.framework/Versions/A/CoreAudio
0x000000000988d000 	/System/Library/Frameworks/DiskArbitration.framework/Versions/A/DiskArbitration
0x000000000988d000 	/usr/lib/liblangid.dylib
0x000000000988d000 	/System/Library/PrivateFrameworks/MultitouchSupport.framework/Versions/A/MultitouchSupport
0x000000000988d000 	/System/Library/Frameworks/IOKit.framework/Versions/A/IOKit
0x000000000988d000 	/usr/lib/libDiagnosticMessagesClient.dylib
0x000000000988d000 	/System/Library/Frameworks/CoreServices.framework/Versions/A/CoreServices
0x000000000988d000 	/System/Library/PrivateFrameworks/PerformanceAnalysis.framework/Versions/A/PerformanceAnalysis
0x000000000988d000 	/System/Library/Frameworks/OpenGL.framework/Versions/A/OpenGL
0x000000000988d000 	/System/Library/Frameworks/ColorSync.framework/Versions/A/ColorSync
0x000000000988d000 	/System/Library/Frameworks/CoreImage.framework/Versions/A/CoreImage
0x000000000988d000 	/System/Library/Frameworks/CoreText.framework/Versions/A/CoreText
0x000000000988d000 	/System/Library/Frameworks/ImageIO.framework/Versions/A/ImageIO
0x000000000988d000 	/System/Library/PrivateFrameworks/Backup.framework/Versions/A/Backup
0x000000000988d000 	/usr/lib/libarchive.2.dylib
0x000000000988d000 	/System/Library/Frameworks/CFNetwork.framework/Versions/A/CFNetwork
0x000000000988d000 	/System/Library/Frameworks/SystemConfiguration.framework/Versions/A/SystemConfiguration
0x000000000988d000 	/usr/lib/libCRFSuite.dylib
0x000000000988d000 	/usr/lib/libc++.1.dylib
0x000000000988d000 	/usr/lib/libc++abi.dylib
0x000000000988d000 	/usr/lib/system/libcache.dylib
0x000000000988d000 	/usr/lib/system/libcommonCrypto.dylib
0x000000000988d000 	/usr/lib/system/libcompiler_rt.dylib
0x000000000988d000 	/usr/lib/system/libcopyfile.dylib
0x000000000988d000 	/usr/lib/system/libcorecrypto.dylib
0x000000000988d000 	/usr/lib/system/libdispatch.dylib
0x000000000988d000 	/usr/lib/system/libdyld.dylib
0x000000000988d000 	/usr/lib/system/libkeymgr.dylib
0x000000000988d000 	/usr/lib/system/liblaunch.dylib
0x000000000988d000 	/usr/lib/system/libmacho.dylib
0x000000000988d000 	/usr/lib/system/libquarantine.dylib
0x000000000988d000 	/usr/lib/system/libremovefile.dylib
0x000000000988d000 	/usr/lib/system/libsystem_asl.dylib
0x000000000988d000 	/usr/lib/system/libsystem_blocks.dylib
0x000000000988d000 	/usr/lib/system/libsystem_c.dylib
0x000000000988d000 	/usr/lib/system/libsystem_configuration.dylib
0x000000000988d000 	/usr/lib/system/libsystem_coreservices.dylib
0x000000000988d000 	/usr/lib/system/libsystem_darwin.dylib
0x000000000988d000 	/usr/lib/system/libsystem_dnssd.dylib
0x000000000988d000 	/usr/lib/system/libsystem_info.dylib
0x000000000988d000 	/usr/lib/system/libsystem_m.dylib
0x000000000988d000 	/usr/lib/system/libsystem_malloc.dylib
0x000000000988d000 	/usr/lib/system/libsystem_network.dylib
0x000000000988d000 	/usr/lib/system/libsystem_networkextension.dylib
0x000000000988d000 	/usr/lib/system/libsystem_notify.dylib
0x000000000988d000 	/usr/lib/system/libsystem_sandbox.dylib
0x000000000988d000 	/usr/lib/system/libsystem_secinit.dylib
0x000000000988d000 	/usr/lib/system/libsystem_kernel.dylib
0x000000000988d000 	/usr/lib/system/libsystem_platform.dylib
0x000000000988d000 	/usr/lib/system/libsystem_pthread.dylib
0x000000000988d000 	/usr/lib/system/libsystem_symptoms.dylib
0x000000000988d000 	/usr/lib/system/libsystem_trace.dylib
0x000000000988d000 	/usr/lib/system/libunwind.dylib
0x000000000988d000 	/usr/lib/system/libxpc.dylib
0x000000000988d000 	/usr/lib/closure/libclosured.dylib
0x000000000988d000 	/usr/lib/libbsm.0.dylib
0x000000000988d000 	/usr/lib/system/libkxld.dylib
0x000000000988d000 	/usr/lib/libOpenScriptingUtil.dylib
0x000000000988d000 	/usr/lib/libcoretls.dylib
0x000000000988d000 	/usr/lib/libcoretls_cfhelpers.dylib
0x000000000988d000 	/usr/lib/libpam.2.dylib
0x000000000988d000 	/usr/lib/libsqlite3.dylib
0x000000000988d000 	/usr/lib/libxar.1.dylib
0x000000000988d000 	/usr/lib/libbz2.1.0.dylib
0x000000000988d000 	/usr/lib/liblzma.5.dylib
0x000000000988d000 	/usr/lib/libnetwork.dylib
0x000000000988d000 	/usr/lib/libapple_nghttp2.dylib
0x000000000988d000 	/usr/lib/libpcap.A.dylib
0x000000000988d000 	/usr/lib/libboringssl.dylib
0x000000000988d000 	/usr/lib/libusrtcp.dylib
0x000000000988d000 	/usr/lib/libapple_crypto.dylib
0x000000000988d000 	/System/Library/Frameworks/CoreServices.framework/Versions/A/Frameworks/FSEvents.framework/Versions/A/FSEvents
0x000000000988d000 	/System/Library/Frameworks/CoreServices.framework/Versions/A/Frameworks/CarbonCore.framework/Versions/A/CarbonCore
0x000000000988d000 	/System/Library/Frameworks/CoreServices.framework/Versions/A/Frameworks/Metadata.framework/Versions/A/Metadata
0x000000000988d000 	/System/Library/Frameworks/CoreServices.framework/Versions/A/Frameworks/OSServices.framework/Versions/A/OSServices
0x000000000988d000 	/System/Library/Frameworks/CoreServices.framework/Versions/A/Frameworks/SearchKit.framework/Versions/A/SearchKit
0x000000000988d000 	/System/Library/Frameworks/CoreServices.framework/Versions/A/Frameworks/AE.framework/Versions/A/AE
0x000000000988d000 	/System/Library/Frameworks/CoreServices.framework/Versions/A/Frameworks/LaunchServices.framework/Versions/A/LaunchServices
0x000000000988d000 	/System/Library/Frameworks/CoreServices.framework/Versions/A/Frameworks/DictionaryServices.framework/Versions/A/DictionaryServices
0x000000000988d000 	/System/Library/Frameworks/CoreServices.framework/Versions/A/Frameworks/SharedFileList.framework/Versions/A/SharedFileList
0x000000000988d000 	/System/Library/Frameworks/NetFS.framework/Versions/A/NetFS
0x000000000988d000 	/System/Library/PrivateFrameworks/NetAuth.framework/Versions/A/NetAuth
0x000000000988d000 	/System/Library/PrivateFrameworks/login.framework/Versions/A/Frameworks/loginsupport.framework/Versions/A/loginsupport
0x000000000988d000 	/System/Library/PrivateFrameworks/TCC.framework/Versions/A/TCC
0x000000000988d000 	/usr/lib/libmecabra.dylib
0x000000000988d000 	/System/Library/Frameworks/ApplicationServices.framework/Versions/A/Frameworks/ATS.framework/Versions/A/ATS
0x000000000988d000 	/System/Library/Frameworks/ApplicationServices.framework/Versions/A/Frameworks/ColorSyncLegacy.framework/Versions/A/ColorSyncLegacy
0x000000000988d000 	/System/Library/Frameworks/ApplicationServices.framework/Versions/A/Frameworks/HIServices.framework/Versions/A/HIServices
0x000000000988d000 	/System/Library/Frameworks/ApplicationServices.framework/Versions/A/Frameworks/LangAnalysis.framework/Versions/A/LangAnalysis
0x000000000988d000 	/System/Library/Frameworks/ApplicationServices.framework/Versions/A/Frameworks/PrintCore.framework/Versions/A/PrintCore
0x000000000988d000 	/System/Library/Frameworks/ApplicationServices.framework/Versions/A/Frameworks/QD.framework/Versions/A/QD
0x000000000988d000 	/System/Library/Frameworks/ApplicationServices.framework/Versions/A/Frameworks/SpeechSynthesis.framework/Versions/A/SpeechSynthesis
0x000000000988d000 	/System/Library/Frameworks/CoreDisplay.framework/Versions/A/CoreDisplay
0x000000000988d000 	/System/Library/Frameworks/Accelerate.framework/Versions/A/Frameworks/vImage.framework/Versions/A/vImage
0x000000000988d000 	/System/Library/Frameworks/Accelerate.framework/Versions/A/Frameworks/vecLib.framework/Versions/A/vecLib
0x000000000988d000 	/System/Library/Frameworks/Accelerate.framework/Versions/A/Frameworks/vecLib.framework/Versions/A/libvDSP.dylib
0x000000000988d000 	/System/Library/Frameworks/Accelerate.framework/Versions/A/Frameworks/vecLib.framework/Versions/A/libBNNS.dylib
0x000000000988d000 	/System/Library/Frameworks/Accelerate.framework/Versions/A/Frameworks/vecLib.framework/Versions/A/libQuadrature.dylib
0x000000000988d000 	/System/Library/Frameworks/Accelerate.framework/Versions/A/Frameworks/vecLib.framework/Versions/A/libvMisc.dylib
0x000000000988d000 	/System/Library/Frameworks/Accelerate.framework/Versions/A/Frameworks/vecLib.framework/Versions/A/libLAPACK.dylib
0x000000000988d000 	/System/Library/Frameworks/Accelerate.framework/Versions/A/Frameworks/vecLib.framework/Versions/A/libBLAS.dylib
0x000000000988d000 	/System/Library/Frameworks/Accelerate.framework/Versions/A/Frameworks/vecLib.framework/Versions/A/libLinearAlgebra.dylib
0x000000000988d000 	/System/Library/Frameworks/Accelerate.framework/Versions/A/Frameworks/vecLib.framework/Versions/A/libSparse.dylib
0x000000000988d000 	/System/Library/Frameworks/Accelerate.framework/Versions/A/Frameworks/vecLib.framework/Versions/A/libSparseBLAS.dylib
0x000000000988d000 	/System/Library/PrivateFrameworks/GPUWrangler.framework/Versions/A/GPUWrangler
0x000000000988d000 	/System/Library/PrivateFrameworks/IOAccelerator.framework/Versions/A/IOAccelerator
0x000000000988d000 	/System/Library/PrivateFrameworks/IOPresentment.framework/Versions/A/IOPresentment
0x000000000988d000 	/System/Library/PrivateFrameworks/DSExternalDisplay.framework/Versions/A/DSExternalDisplay
0x000000000988d000 	/System/Library/Frameworks/OpenGL.framework/Versions/A/Libraries/libCoreFSCache.dylib
0x000000000988d000 	/System/Library/Frameworks/CoreVideo.framework/Versions/A/CoreVideo
0x000000000988d000 	/System/Library/PrivateFrameworks/GraphVisualizer.framework/Versions/A/GraphVisualizer
0x000000000988d000 	/System/Library/Frameworks/MetalPerformanceShaders.framework/Versions/A/MetalPerformanceShaders
0x000000000988d000 	/usr/lib/libFosl_dynamic.dylib
0x000000000988d000 	/System/Library/PrivateFrameworks/FaceCore.framework/Versions/A/FaceCore
0x000000000988d000 	/System/Library/Frameworks/OpenCL.framework/Versions/A/OpenCL
0x000000000988d000 	/usr/lib/libcompression.dylib
0x000000000988d000 	/System/Library/Frameworks/ApplicationServices.framework/Versions/A/Frameworks/ATS.framework/Versions/A/Resources/libFontParser.dylib
0x000000000988d000 	/System/Library/Frameworks/ApplicationServices.framework/Versions/A/Frameworks/ATS.framework/Versions/A/Resources/libFontRegistry.dylib
0x000000000988d000 	/System/Library/Frameworks/ImageIO.framework/Versions/A/Resources/libJPEG.dylib
0x000000000988d000 	/System/Library/Frameworks/ImageIO.framework/Versions/A/Resources/libTIFF.dylib
0x000000000988d000 	/System/Library/Frameworks/ImageIO.framework/Versions/A/Resources/libPng.dylib
0x000000000988d000 	/System/Library/Frameworks/ImageIO.framework/Versions/A/Resources/libGIF.dylib
0x000000000988d000 	/System/Library/Frameworks/ImageIO.framework/Versions/A/Resources/libJP2.dylib
0x000000000988d000 	/System/Library/Frameworks/ImageIO.framework/Versions/A/Resources/libRadiance.dylib
0x000000000988d000 	/System/Library/PrivateFrameworks/AppleJPEG.framework/Versions/A/AppleJPEG
0x000000000988d000 	/System/Library/Frameworks/MetalPerformanceShaders.framework/Frameworks/MPSCore.framework/Versions/A/MPSCore
0x000000000988d000 	/System/Library/Frameworks/MetalPerformanceShaders.framework/Frameworks/MPSImage.framework/Versions/A/MPSImage
0x000000000988d000 	/System/Library/Frameworks/MetalPerformanceShaders.framework/Frameworks/MPSNeuralNetwork.framework/Versions/A/MPSNeuralNetwork
0x000000000988d000 	/System/Library/Frameworks/MetalPerformanceShaders.framework/Frameworks/MPSMatrix.framework/Versions/A/MPSMatrix
0x000000000988d000 	/System/Library/PrivateFrameworks/MetalTools.framework/Versions/A/MetalTools
0x000000000988d000 	/System/Library/Frameworks/OpenGL.framework/Versions/A/Libraries/libGLU.dylib
0x000000000988d000 	/System/Library/Frameworks/OpenGL.framework/Versions/A/Libraries/libGFXShared.dylib
0x000000000988d000 	/System/Library/Frameworks/OpenGL.framework/Versions/A/Libraries/libGL.dylib
0x000000000988d000 	/System/Library/Frameworks/OpenGL.framework/Versions/A/Libraries/libGLImage.dylib
0x000000000988d000 	/System/Library/Frameworks/OpenGL.framework/Versions/A/Libraries/libCVMSPluginSupport.dylib
0x000000000988d000 	/System/Library/Frameworks/OpenGL.framework/Versions/A/Libraries/libCoreVMClient.dylib
0x000000000988d000 	/usr/lib/libcups.2.dylib
0x000000000988d000 	/System/Library/Frameworks/Kerberos.framework/Versions/A/Kerberos
0x000000000988d000 	/System/Library/Frameworks/GSS.framework/Versions/A/GSS
0x000000000988d000 	/usr/lib/libresolv.9.dylib
0x000000000988d000 	/usr/lib/libiconv.2.dylib
0x000000000988d000 	/System/Library/PrivateFrameworks/Heimdal.framework/Versions/A/Heimdal
0x000000000988d000 	/usr/lib/libheimdal-asn1.dylib
0x000000000988d000 	/System/Library/Frameworks/OpenDirectory.framework/Versions/A/OpenDirectory
0x000000000988d000 	/System/Library/PrivateFrameworks/CommonAuth.framework/Versions/A/CommonAuth
0x000000000988d000 	/System/Library/Frameworks/OpenDirectory.framework/Versions/A/Frameworks/CFOpenDirectory.framework/Versions/A/CFOpenDirectory
0x000000000988d000 	/System/Library/Frameworks/SecurityFoundation.framework/Versions/A/SecurityFoundation
0x000000000988d000 	/System/Library/PrivateFrameworks/APFS.framework/Versions/A/APFS
0x000000000988d000 	/usr/lib/libutil.dylib
0x000000000988d000 	/System/Library/PrivateFrameworks/AppleSauce.framework/Versions/A/AppleSauce
0x000000000988d000 	/System/Library/PrivateFrameworks/LinguisticData.framework/Versions/A/LinguisticData
0x000000000988d000 	/usr/lib/libmarisa.dylib
0x000000000988d000 	/System/Library/PrivateFrameworks/Lexicon.framework/Versions/A/Lexicon
0x000000000988d000 	/usr/lib/libChineseTokenizer.dylib
0x000000000988d000 	/usr/lib/libcmph.dylib
0x000000000988d000 	/System/Library/PrivateFrameworks/LanguageModeling.framework/Versions/A/LanguageModeling
0x000000000988d000 	/System/Library/PrivateFrameworks/CoreEmoji.framework/Versions/A/CoreEmoji
0x000000000988d000 	/System/Library/Frameworks/ServiceManagement.framework/Versions/A/ServiceManagement
0x000000000988d000 	/System/Library/PrivateFrameworks/BackgroundTaskManagement.framework/Versions/A/BackgroundTaskManagement
0x000000000988d000 	/usr/lib/libxslt.1.dylib
0x000000000988d000 	/System/Library/Frameworks/Carbon.framework/Versions/A/Frameworks/Ink.framework/Versions/A/Ink
0x000000000988d000 	/System/Library/PrivateFrameworks/TextureIO.framework/Versions/A/TextureIO
0x000000000988d000 	/usr/lib/libate.dylib
0x000000000988d000 	/System/Library/PrivateFrameworks/CrashReporterSupport.framework/Versions/A/CrashReporterSupport
0x000000000988d000 	/System/Library/PrivateFrameworks/Sharing.framework/Versions/A/Sharing
0x000000000988d000 	/System/Library/PrivateFrameworks/IconServices.framework/Versions/A/IconServices
0x000000000988d000 	/System/Library/PrivateFrameworks/AuthKit.framework/Versions/A/AuthKit
0x000000000988d000 	/System/Library/PrivateFrameworks/Apple80211.framework/Versions/A/Apple80211
0x000000000988d000 	/System/Library/PrivateFrameworks/CoreUtils.framework/Versions/A/CoreUtils
0x000000000988d000 	/System/Library/Frameworks/CoreWLAN.framework/Versions/A/CoreWLAN
0x000000000988d000 	/System/Library/Frameworks/IOBluetooth.framework/Versions/A/IOBluetooth
0x000000000988d000 	/System/Library/PrivateFrameworks/ProtocolBuffer.framework/Versions/A/ProtocolBuffer
0x000000000988d000 	/System/Library/PrivateFrameworks/MobileKeyBag.framework/Versions/A/MobileKeyBag
0x000000000988d000 	/System/Library/PrivateFrameworks/CorePhoneNumbers.framework/Versions/A/CorePhoneNumbers
0x000000000988d000 	/System/Library/PrivateFrameworks/AppleIDAuthSupport.framework/Versions/A/AppleIDAuthSupport
0x000000000988d000 	/System/Library/PrivateFrameworks/KeychainCircle.framework/Versions/A/KeychainCircle
0x000000000988d000 	/System/Library/PrivateFrameworks/CoreWiFi.framework/Versions/A/CoreWiFi
0x000000000988d000 	/System/Library/Frameworks/CoreBluetooth.framework/Versions/A/CoreBluetooth
0x000000000988d000 	/System/Library/PrivateFrameworks/DebugSymbols.framework/Versions/A/DebugSymbols
0x000000000988d000 	/System/Library/PrivateFrameworks/CoreSymbolication.framework/Versions/A/CoreSymbolication
0x000000000988d000 	/System/Library/PrivateFrameworks/Symbolication.framework/Versions/A/Symbolication
0x000000000988d000 	/System/Library/PrivateFrameworks/AppleFSCompression.framework/Versions/A/AppleFSCompression
0x000000000988d000 	/System/Library/PrivateFrameworks/SpeechRecognitionCore.framework/Versions/A/SpeechRecognitionCore
0x0000000103a00000 	/Library/Java/JavaVirtualMachines/jdk1.8.0_121.jdk/Contents/Home/jre/lib/server/libjvm.dylib
0x000000000988d000 	/usr/lib/libstdc++.6.0.9.dylib
0x00000001031e7000 	/Library/Java/JavaVirtualMachines/jdk1.8.0_121.jdk/Contents/Home/jre/lib/libverify.dylib
0x00000001049a2000 	/Library/Java/JavaVirtualMachines/jdk1.8.0_121.jdk/Contents/Home/jre/lib/libjava.dylib
0x0000000104a17000 	/Library/Java/JavaVirtualMachines/jdk1.8.0_121.jdk/Contents/Home/jre/lib/libzip.dylib
0x000000000988d000 	/System/Library/Frameworks/JavaVM.framework/Versions/A/Frameworks/JavaRuntimeSupport.framework/Versions/A/JavaRuntimeSupport
0x000000000988d000 	/System/Library/Frameworks/JavaVM.framework/Versions/A/Frameworks/JavaNativeFoundation.framework/Versions/A/JavaNativeFoundation
0x000000000988d000 	/System/Library/Frameworks/JavaVM.framework/Versions/A/JavaVM
0x000000000988d000 	/System/Library/Frameworks/Carbon.framework/Versions/A/Carbon
0x000000000988d000 	/System/Library/PrivateFrameworks/JavaLaunching.framework/Versions/A/JavaLaunching
0x000000000988d000 	/System/Library/Frameworks/Carbon.framework/Versions/A/Frameworks/CommonPanels.framework/Versions/A/CommonPanels
0x000000000988d000 	/System/Library/Frameworks/Carbon.framework/Versions/A/Frameworks/Help.framework/Versions/A/Help
0x000000000988d000 	/System/Library/Frameworks/Carbon.framework/Versions/A/Frameworks/ImageCapture.framework/Versions/A/ImageCapture
0x000000000988d000 	/System/Library/Frameworks/Carbon.framework/Versions/A/Frameworks/OpenScripting.framework/Versions/A/OpenScripting
0x000000000988d000 	/System/Library/Frameworks/Carbon.framework/Versions/A/Frameworks/Print.framework/Versions/A/Print
0x000000000988d000 	/System/Library/Frameworks/Carbon.framework/Versions/A/Frameworks/SecurityHI.framework/Versions/A/SecurityHI
0x000000011c441000 	/Library/Java/JavaVirtualMachines/jdk1.8.0_121.jdk/Contents/Home/jre/lib/libnet.dylib
0x000000011c6a0000 	/Library/Java/JavaVirtualMachines/jdk1.8.0_121.jdk/Contents/Home/jre/lib/libmanagement.dylib
0x000000011c23d000 	/Library/Java/JavaVirtualMachines/jdk1.8.0_121.jdk/Contents/Home/jre/lib/libnio.dylib

VM Arguments:
jvm_args: -Dfile.encoding=UTF-8 -Duser.country=ES -Duser.language=es -Duser.variant 
java_command: es.upv.pros.pvalderas.composition.example.inventory.Inventory
java_class_path (initial): /Users/pedrovalderas/Documents/workspace/InventoryMicroservice/build/classes/main:/Users/pedrovalderas/Documents/workspace/InventoryMicroservice/build/resources/main:/Users/pedrovalderas/.gradle/caches/modules-2/files-2.1/org.springframework.boot/spring-boot-starter-web/1.5.9.RELEASE/bda9733d5e6ba6d1a97deead1738713dc0631b3e/spring-boot-starter-web-1.5.9.RELEASE.jar:/Users/pedrovalderas/Documents/workspace/CompositionCoordinator/build/libs/es.pros.upv.pvalderas.compositionCoordinator-0.1.0.jar:/Users/pedrovalderas/.gradle/caches/modules-2/files-2.1/org.springframework.boot/spring-boot-starter/1.5.9.RELEASE/6bfb34db2715ee86c6e2337fa145650588b4b1b3/spring-boot-starter-1.5.9.RELEASE.jar:/Users/pedrovalderas/.gradle/caches/modules-2/files-2.1/org.springframework.boot/spring-boot-starter-tomcat/1.5.9.RELEASE/4615056f8a2bcad03ba8cdf410419ee3d101c5bb/spring-boot-starter-tomcat-1.5.9.RELEASE.jar:/Users/pedrovalderas/.gradle/caches/modules-2/files-2.1/org.hibernate/hibernate-validator/5.3.6.Final/4c730be8bf55a8e9a61e79a2f2c079abf48b718/hibernate-validator-5.3.6.Final.jar:/Users/pedrovalderas/.gradle/caches/modules-2/files-2.1/com.fasterxml.jackson.core/jackson-databind/2.8.10/f7b83cb2bc4b88d53961e749e1ad32f49ef017b7/jackson-databind-2.8.10.jar:/Users/pedrovalderas/.gradle/caches/modules-2/files-2.1/org.springframework/spring-web/4.3.13.RELEASE/7cd084992d546165ede3e99bc31ee49c937f0ce7/spring-web-4.3.13.RELEASE.jar:/Users/pedrovalderas/.gradle/caches/modules-2/files-2.1/org.springframework/spring-webmvc/4.3.13.RELEASE/87a095c7a1d13fe433ae6712787238c1dbaa6919/spring-webmvc-4.3.13.RELEASE.jar:/Users/pedrovalderas/.gradle/caches/modules-2/files-2.1/org.springframework.cloud/spring-cloud-starter-eureka/1.4.0.RELEASE/d786de8c09734870d3e7679db2324cc7564a9df4/spring-cloud-starter-eureka-1.4.0.RELEASE.jar:/Users/pedrovalderas/.gradle/caches/modules-2/files-2.1/org.dom4j/dom4j/2.1.0/6ad46940de4d721df3d6bbcd2977149742095445/dom4j-2.1.0.jar:/Users/pedrovaldera
Launcher Type: SUN_STANDARD

Environment Variables:
PATH=/usr/bin:/bin:/usr/sbin:/sbin
SHELL=/bin/bash

Signal Handlers:
SIGSEGV: [libjvm.dylib+0x5b1141], sa_mask[0]=11111111011111110111111111111111, sa_flags=SA_ONSTACK|SA_RESTART|SA_SIGINFO
SIGBUS: [libjvm.dylib+0x5b1141], sa_mask[0]=11111111011111110111111111111111, sa_flags=SA_RESTART|SA_SIGINFO
SIGFPE: [libjvm.dylib+0x487bc4], sa_mask[0]=11111111011111110111111111111111, sa_flags=SA_RESTART|SA_SIGINFO
SIGPIPE: [libjvm.dylib+0x487bc4], sa_mask[0]=11111111011111110111111111111111, sa_flags=SA_RESTART|SA_SIGINFO
SIGXFSZ: [libjvm.dylib+0x487bc4], sa_mask[0]=11111111011111110111111111111111, sa_flags=SA_RESTART|SA_SIGINFO
SIGILL: [libjvm.dylib+0x487bc4], sa_mask[0]=11111111011111110111111111111111, sa_flags=SA_RESTART|SA_SIGINFO
SIGUSR1: SIG_DFL, sa_mask[0]=00000000000000000000000000000000, sa_flags=none
SIGUSR2: [libjvm.dylib+0x4876e2], sa_mask[0]=00100000000000000000000000000000, sa_flags=SA_RESTART|SA_SIGINFO
SIGHUP: [libjvm.dylib+0x485cb9], sa_mask[0]=11111111011111110111111111111111, sa_flags=SA_RESTART|SA_SIGINFO
SIGINT: [libjvm.dylib+0x485cb9], sa_mask[0]=11111111011111110111111111111111, sa_flags=SA_RESTART|SA_SIGINFO
SIGTERM: [libjvm.dylib+0x485cb9], sa_mask[0]=11111111011111110111111111111111, sa_flags=SA_RESTART|SA_SIGINFO
SIGQUIT: [libjvm.dylib+0x485cb9], sa_mask[0]=11111111011111110111111111111111, sa_flags=SA_RESTART|SA_SIGINFO


---------------  S Y S T E M  ---------------

OS:Bsduname:Darwin 17.7.0 Darwin Kernel Version 17.7.0: Wed Feb 27 00:43:23 PST 2019; root:xnu-4570.71.35~1/RELEASE_X86_64 x86_64
rlimit: STACK 8192k, CORE 0k, NPROC 709, NOFILE 10240, AS infinity
load average:7.93 5.86 5.22

CPU:total 4 (2 cores per cpu, 2 threads per core) family 6 model 78 stepping 3, cmov, cx8, fxsr, mmx, sse, sse2, sse3, ssse3, sse4.1, sse4.2, popcnt, avx, avx2, aes, clmul, erms, 3dnowpref, lzcnt, ht, tsc, tscinvbit, bmi1, bmi2, adx

Memory: 4k page, physical 8388608k(25196k free)

/proc/meminfo:


vm_info: Java HotSpot(TM) 64-Bit Server VM (25.121-b13) for bsd-amd64 JRE (1.8.0_121-b13), built on Dec 12 2016 20:39:32 by "java_re" with gcc 4.2.1 (Based on Apple Inc. build 5658) (LLVM build 2336.11.00)

time: Wed Feb 19 16:55:54 2020
elapsed time: 11 seconds (0d 0h 0m 11s)

